2015-11-18 08:19:47,764 INFO Start dom Gradientenbild
2015-11-18 08:24:43,147 INFO /home/barpastu/Geodaten/LV95/dom/gradientenbilder/gray/200_cm/dom_1066.tif transformiert und zugeschnitten
2015-11-18 08:24:49,092 INFO /home/barpastu/Geodaten/LV95/dom/gradientenbilder/gray/200_cm/dom_1067.tif transformiert und zugeschnitten
2015-11-18 08:24:54,693 INFO /home/barpastu/Geodaten/LV95/dom/gradientenbilder/gray/200_cm/dom_1068.tif transformiert und zugeschnitten
2015-11-18 08:25:01,364 INFO /home/barpastu/Geodaten/LV95/dom/gradientenbilder/gray/200_cm/dom_1069.tif transformiert und zugeschnitten
2015-11-18 08:25:08,119 INFO /home/barpastu/Geodaten/LV95/dom/gradientenbilder/gray/200_cm/dom_1086.tif transformiert und zugeschnitten
2015-11-18 08:25:13,873 INFO /home/barpastu/Geodaten/LV95/dom/gradientenbilder/gray/200_cm/dom_1087.tif transformiert und zugeschnitten
2015-11-18 08:25:19,828 INFO /home/barpastu/Geodaten/LV95/dom/gradientenbilder/gray/200_cm/dom_1088.tif transformiert und zugeschnitten
2015-11-18 08:25:26,274 INFO /home/barpastu/Geodaten/LV95/dom/gradientenbilder/gray/200_cm/dom_1089.tif transformiert und zugeschnitten
2015-11-18 08:25:33,015 INFO /home/barpastu/Geodaten/LV95/dom/gradientenbilder/gray/200_cm/dom_1106.tif transformiert und zugeschnitten
2015-11-18 08:25:39,578 INFO /home/barpastu/Geodaten/LV95/dom/gradientenbilder/gray/200_cm/dom_1107.tif transformiert und zugeschnitten
2015-11-18 08:25:45,379 INFO /home/barpastu/Geodaten/LV95/dom/gradientenbilder/gray/200_cm/dom_1108.tif transformiert und zugeschnitten
2015-11-18 08:25:53,536 INFO /home/barpastu/Geodaten/LV95/dom/gradientenbilder/gray/200_cm/dom_1109.tif transformiert und zugeschnitten
2015-11-18 08:26:00,991 INFO /home/barpastu/Geodaten/LV95/dom/gradientenbilder/gray/200_cm/dom_1126.tif transformiert und zugeschnitten
2015-11-18 08:26:07,464 INFO /home/barpastu/Geodaten/LV95/dom/gradientenbilder/gray/200_cm/dom_1127.tif transformiert und zugeschnitten
2015-11-18 08:26:14,999 INFO /home/barpastu/Geodaten/LV95/dom/gradientenbilder/gray/200_cm/dom_1146.tif transformiert und zugeschnitten
2015-11-18 08:26:21,691 INFO /home/barpastu/Geodaten/LV95/dom/gradientenbilder/gray/200_cm/dom_1147.tif transformiert und zugeschnitten
2015-11-18 08:26:30,627 INFO Anteil falscher Pixelwerte: 0
2015-11-18 08:26:32,482 INFO Anteil falscher Pixelwerte: 0.008
2015-11-18 08:26:34,397 INFO Anteil falscher Pixelwerte: 0.0068
2015-11-18 08:26:37,132 INFO Anteil falscher Pixelwerte: 0.0128
2015-11-18 08:26:40,833 INFO Anteil falscher Pixelwerte: 0.0084
2015-11-18 08:26:45,970 INFO Anteil falscher Pixelwerte: 0.0028
2015-11-18 08:26:49,648 INFO Anteil falscher Pixelwerte: 0.0028
2015-11-18 08:26:55,005 INFO Anteil falscher Pixelwerte: 0.028
2015-11-18 08:26:57,654 INFO Anteil falscher Pixelwerte: 0
2015-11-18 08:26:59,393 INFO Anteil falscher Pixelwerte: 0
2015-11-18 08:27:01,992 INFO Anteil falscher Pixelwerte: 0
2015-11-18 08:27:04,494 INFO Anteil falscher Pixelwerte: 0.002
2015-11-18 08:27:08,003 INFO Anteil falscher Pixelwerte: 0.0028
2015-11-18 08:27:12,829 INFO Anteil falscher Pixelwerte: 0
2015-11-18 08:27:17,884 INFO Anteil falscher Pixelwerte: 0
2015-11-18 08:27:22,092 INFO Anteil falscher Pixelwerte: 0
2015-11-18 08:27:22,639 INFO Ende
2015-11-18 08:38:40,988 INFO Start dom Schattenbild
2015-11-18 08:41:37,839 INFO /home/barpastu/Geodaten/LV95/dom/schattenbilder/gray/200_cm/dom1066-24.tif transformiert und zugeschnitten
2015-11-18 08:41:38,490 INFO /home/barpastu/Geodaten/LV95/dom/schattenbilder/gray/200_cm/dom1066-42.tif transformiert und zugeschnitten
2015-11-18 08:41:38,891 INFO /home/barpastu/Geodaten/LV95/dom/schattenbilder/gray/200_cm/dom1066-43.tif transformiert und zugeschnitten
2015-11-18 08:41:39,390 INFO /home/barpastu/Geodaten/LV95/dom/schattenbilder/gray/200_cm/dom1066-44.tif transformiert und zugeschnitten
2015-11-18 08:41:40,326 INFO /home/barpastu/Geodaten/LV95/dom/schattenbilder/gray/200_cm/dom1067-13.tif transformiert und zugeschnitten
2015-11-18 08:41:41,384 INFO /home/barpastu/Geodaten/LV95/dom/schattenbilder/gray/200_cm/dom1067-14.tif transformiert und zugeschnitten
2015-11-18 08:41:42,291 INFO /home/barpastu/Geodaten/LV95/dom/schattenbilder/gray/200_cm/dom1067-24.tif transformiert und zugeschnitten
2015-11-18 08:41:42,861 INFO /home/barpastu/Geodaten/LV95/dom/schattenbilder/gray/200_cm/dom1067-31.tif transformiert und zugeschnitten
2015-11-18 08:41:43,534 INFO /home/barpastu/Geodaten/LV95/dom/schattenbilder/gray/200_cm/dom1067-32.tif transformiert und zugeschnitten
2015-11-18 08:41:44,002 INFO /home/barpastu/Geodaten/LV95/dom/schattenbilder/gray/200_cm/dom1067-33.tif transformiert und zugeschnitten
2015-11-18 08:41:44,560 INFO /home/barpastu/Geodaten/LV95/dom/schattenbilder/gray/200_cm/dom1067-34.tif transformiert und zugeschnitten
2015-11-18 08:41:45,649 INFO /home/barpastu/Geodaten/LV95/dom/schattenbilder/gray/200_cm/dom1067-41.tif transformiert und zugeschnitten
2015-11-18 08:41:46,137 INFO /home/barpastu/Geodaten/LV95/dom/schattenbilder/gray/200_cm/dom1067-42.tif transformiert und zugeschnitten
2015-11-18 08:41:46,935 INFO /home/barpastu/Geodaten/LV95/dom/schattenbilder/gray/200_cm/dom1067-43.tif transformiert und zugeschnitten
2015-11-18 08:41:47,973 INFO /home/barpastu/Geodaten/LV95/dom/schattenbilder/gray/200_cm/dom1067-44.tif transformiert und zugeschnitten
2015-11-18 08:41:48,801 INFO /home/barpastu/Geodaten/LV95/dom/schattenbilder/gray/200_cm/dom1068-31.tif transformiert und zugeschnitten
2015-11-18 08:41:49,456 INFO /home/barpastu/Geodaten/LV95/dom/schattenbilder/gray/200_cm/dom1069-33.tif transformiert und zugeschnitten
2015-11-18 08:41:50,676 INFO /home/barpastu/Geodaten/LV95/dom/schattenbilder/gray/200_cm/dom1086-21.tif transformiert und zugeschnitten
2015-11-18 08:41:51,078 INFO /home/barpastu/Geodaten/LV95/dom/schattenbilder/gray/200_cm/dom1086-22.tif transformiert und zugeschnitten
2015-11-18 08:41:51,443 INFO /home/barpastu/Geodaten/LV95/dom/schattenbilder/gray/200_cm/dom1086-24.tif transformiert und zugeschnitten
2015-11-18 08:41:51,825 INFO /home/barpastu/Geodaten/LV95/dom/schattenbilder/gray/200_cm/dom1086-42.tif transformiert und zugeschnitten
2015-11-18 08:41:52,237 INFO /home/barpastu/Geodaten/LV95/dom/schattenbilder/gray/200_cm/dom1087-11.tif transformiert und zugeschnitten
2015-11-18 08:41:52,655 INFO /home/barpastu/Geodaten/LV95/dom/schattenbilder/gray/200_cm/dom1087-12.tif transformiert und zugeschnitten
2015-11-18 08:41:53,068 INFO /home/barpastu/Geodaten/LV95/dom/schattenbilder/gray/200_cm/dom1087-13.tif transformiert und zugeschnitten
2015-11-18 08:41:53,509 INFO /home/barpastu/Geodaten/LV95/dom/schattenbilder/gray/200_cm/dom1087-14.tif transformiert und zugeschnitten
2015-11-18 08:41:53,902 INFO /home/barpastu/Geodaten/LV95/dom/schattenbilder/gray/200_cm/dom1087-21.tif transformiert und zugeschnitten
2015-11-18 08:41:54,296 INFO /home/barpastu/Geodaten/LV95/dom/schattenbilder/gray/200_cm/dom1087-22.tif transformiert und zugeschnitten
2015-11-18 08:41:54,679 INFO /home/barpastu/Geodaten/LV95/dom/schattenbilder/gray/200_cm/dom1087-23.tif transformiert und zugeschnitten
2015-11-18 08:41:55,767 INFO /home/barpastu/Geodaten/LV95/dom/schattenbilder/gray/200_cm/dom1087-24.tif transformiert und zugeschnitten
2015-11-18 08:41:56,171 INFO /home/barpastu/Geodaten/LV95/dom/schattenbilder/gray/200_cm/dom1087-31.tif transformiert und zugeschnitten
2015-11-18 08:41:56,530 INFO /home/barpastu/Geodaten/LV95/dom/schattenbilder/gray/200_cm/dom1087-32.tif transformiert und zugeschnitten
2015-11-18 08:41:56,882 INFO /home/barpastu/Geodaten/LV95/dom/schattenbilder/gray/200_cm/dom1087-34.tif transformiert und zugeschnitten
2015-11-18 08:41:57,263 INFO /home/barpastu/Geodaten/LV95/dom/schattenbilder/gray/200_cm/dom1087-41.tif transformiert und zugeschnitten
2015-11-18 08:41:57,806 INFO /home/barpastu/Geodaten/LV95/dom/schattenbilder/gray/200_cm/dom1087-42.tif transformiert und zugeschnitten
2015-11-18 08:41:58,373 INFO /home/barpastu/Geodaten/LV95/dom/schattenbilder/gray/200_cm/dom1087-43.tif transformiert und zugeschnitten
2015-11-18 08:41:59,004 INFO /home/barpastu/Geodaten/LV95/dom/schattenbilder/gray/200_cm/dom1087-44.tif transformiert und zugeschnitten
2015-11-18 08:41:59,644 INFO /home/barpastu/Geodaten/LV95/dom/schattenbilder/gray/200_cm/dom1088-22.tif transformiert und zugeschnitten
2015-11-18 08:42:00,646 INFO /home/barpastu/Geodaten/LV95/dom/schattenbilder/gray/200_cm/dom1088-23.tif transformiert und zugeschnitten
2015-11-18 08:42:01,634 INFO /home/barpastu/Geodaten/LV95/dom/schattenbilder/gray/200_cm/dom1088-24.tif transformiert und zugeschnitten
2015-11-18 08:42:02,475 INFO /home/barpastu/Geodaten/LV95/dom/schattenbilder/gray/200_cm/dom1088-31.tif transformiert und zugeschnitten
2015-11-18 08:42:03,021 INFO /home/barpastu/Geodaten/LV95/dom/schattenbilder/gray/200_cm/dom1088-32.tif transformiert und zugeschnitten
2015-11-18 08:42:03,591 INFO /home/barpastu/Geodaten/LV95/dom/schattenbilder/gray/200_cm/dom1088-33.tif transformiert und zugeschnitten
2015-11-18 08:42:04,193 INFO /home/barpastu/Geodaten/LV95/dom/schattenbilder/gray/200_cm/dom1088-34.tif transformiert und zugeschnitten
2015-11-18 08:42:04,641 INFO /home/barpastu/Geodaten/LV95/dom/schattenbilder/gray/200_cm/dom1088-41.tif transformiert und zugeschnitten
2015-11-18 08:42:05,555 INFO /home/barpastu/Geodaten/LV95/dom/schattenbilder/gray/200_cm/dom1088-42.tif transformiert und zugeschnitten
2015-11-18 08:42:05,988 INFO /home/barpastu/Geodaten/LV95/dom/schattenbilder/gray/200_cm/dom1088-43.tif transformiert und zugeschnitten
2015-11-18 08:42:06,418 INFO /home/barpastu/Geodaten/LV95/dom/schattenbilder/gray/200_cm/dom1088-44.tif transformiert und zugeschnitten
2015-11-18 08:42:06,887 INFO /home/barpastu/Geodaten/LV95/dom/schattenbilder/gray/200_cm/dom1089-11.tif transformiert und zugeschnitten
2015-11-18 08:42:07,325 INFO /home/barpastu/Geodaten/LV95/dom/schattenbilder/gray/200_cm/dom1089-12.tif transformiert und zugeschnitten
2015-11-18 08:42:07,865 INFO /home/barpastu/Geodaten/LV95/dom/schattenbilder/gray/200_cm/dom1089-13.tif transformiert und zugeschnitten
2015-11-18 08:42:08,310 INFO /home/barpastu/Geodaten/LV95/dom/schattenbilder/gray/200_cm/dom1089-14.tif transformiert und zugeschnitten
2015-11-18 08:42:08,824 INFO /home/barpastu/Geodaten/LV95/dom/schattenbilder/gray/200_cm/dom1089-31.tif transformiert und zugeschnitten
2015-11-18 08:42:09,200 INFO /home/barpastu/Geodaten/LV95/dom/schattenbilder/gray/200_cm/dom1089-32.tif transformiert und zugeschnitten
2015-11-18 08:42:09,585 INFO /home/barpastu/Geodaten/LV95/dom/schattenbilder/gray/200_cm/dom1089-33.tif transformiert und zugeschnitten
2015-11-18 08:42:11,085 INFO /home/barpastu/Geodaten/LV95/dom/schattenbilder/gray/200_cm/dom1089-34.tif transformiert und zugeschnitten
2015-11-18 08:42:11,489 INFO /home/barpastu/Geodaten/LV95/dom/schattenbilder/gray/200_cm/dom1106-34.tif transformiert und zugeschnitten
2015-11-18 08:42:11,877 INFO /home/barpastu/Geodaten/LV95/dom/schattenbilder/gray/200_cm/dom1106-42.tif transformiert und zugeschnitten
2015-11-18 08:42:12,221 INFO /home/barpastu/Geodaten/LV95/dom/schattenbilder/gray/200_cm/dom1106-43.tif transformiert und zugeschnitten
2015-11-18 08:42:12,562 INFO /home/barpastu/Geodaten/LV95/dom/schattenbilder/gray/200_cm/dom1106-44.tif transformiert und zugeschnitten
2015-11-18 08:42:12,925 INFO /home/barpastu/Geodaten/LV95/dom/schattenbilder/gray/200_cm/dom1107-12.tif transformiert und zugeschnitten
2015-11-18 08:42:13,284 INFO /home/barpastu/Geodaten/LV95/dom/schattenbilder/gray/200_cm/dom1107-13.tif transformiert und zugeschnitten
2015-11-18 08:42:13,632 INFO /home/barpastu/Geodaten/LV95/dom/schattenbilder/gray/200_cm/dom1107-14.tif transformiert und zugeschnitten
2015-11-18 08:42:14,041 INFO /home/barpastu/Geodaten/LV95/dom/schattenbilder/gray/200_cm/dom1107-21.tif transformiert und zugeschnitten
2015-11-18 08:42:14,448 INFO /home/barpastu/Geodaten/LV95/dom/schattenbilder/gray/200_cm/dom1107-22.tif transformiert und zugeschnitten
2015-11-18 08:42:14,871 INFO /home/barpastu/Geodaten/LV95/dom/schattenbilder/gray/200_cm/dom1107-23.tif transformiert und zugeschnitten
2015-11-18 08:42:16,087 INFO /home/barpastu/Geodaten/LV95/dom/schattenbilder/gray/200_cm/dom1107-24.tif transformiert und zugeschnitten
2015-11-18 08:42:16,558 INFO /home/barpastu/Geodaten/LV95/dom/schattenbilder/gray/200_cm/dom1107-31.tif transformiert und zugeschnitten
2015-11-18 08:42:17,047 INFO /home/barpastu/Geodaten/LV95/dom/schattenbilder/gray/200_cm/dom1107-32.tif transformiert und zugeschnitten
2015-11-18 08:42:17,493 INFO /home/barpastu/Geodaten/LV95/dom/schattenbilder/gray/200_cm/dom1107-33.tif transformiert und zugeschnitten
2015-11-18 08:42:17,988 INFO /home/barpastu/Geodaten/LV95/dom/schattenbilder/gray/200_cm/dom1107-34.tif transformiert und zugeschnitten
2015-11-18 08:42:18,768 INFO /home/barpastu/Geodaten/LV95/dom/schattenbilder/gray/200_cm/dom1107-41.tif transformiert und zugeschnitten
2015-11-18 08:42:19,488 INFO /home/barpastu/Geodaten/LV95/dom/schattenbilder/gray/200_cm/dom1107-43.tif transformiert und zugeschnitten
2015-11-18 08:42:20,431 INFO /home/barpastu/Geodaten/LV95/dom/schattenbilder/gray/200_cm/dom1108-11.tif transformiert und zugeschnitten
2015-11-18 08:42:21,382 INFO /home/barpastu/Geodaten/LV95/dom/schattenbilder/gray/200_cm/dom1108-12.tif transformiert und zugeschnitten
2015-11-18 08:42:22,187 INFO /home/barpastu/Geodaten/LV95/dom/schattenbilder/gray/200_cm/dom1108-13.tif transformiert und zugeschnitten
2015-11-18 08:42:22,759 INFO /home/barpastu/Geodaten/LV95/dom/schattenbilder/gray/200_cm/dom1108-14.tif transformiert und zugeschnitten
2015-11-18 08:42:23,261 INFO /home/barpastu/Geodaten/LV95/dom/schattenbilder/gray/200_cm/dom1108-21.tif transformiert und zugeschnitten
2015-11-18 08:42:23,810 INFO /home/barpastu/Geodaten/LV95/dom/schattenbilder/gray/200_cm/dom1108-22.tif transformiert und zugeschnitten
2015-11-18 08:42:24,340 INFO /home/barpastu/Geodaten/LV95/dom/schattenbilder/gray/200_cm/dom1108-23.tif transformiert und zugeschnitten
2015-11-18 08:42:24,902 INFO /home/barpastu/Geodaten/LV95/dom/schattenbilder/gray/200_cm/dom1108-31.tif transformiert und zugeschnitten
2015-11-18 08:42:25,713 INFO /home/barpastu/Geodaten/LV95/dom/schattenbilder/gray/200_cm/dom1108-32.tif transformiert und zugeschnitten
2015-11-18 08:42:26,244 INFO /home/barpastu/Geodaten/LV95/dom/schattenbilder/gray/200_cm/dom1108-41.tif transformiert und zugeschnitten
2015-11-18 08:42:26,696 INFO /home/barpastu/Geodaten/LV95/dom/schattenbilder/gray/200_cm/dom1109-11.tif transformiert und zugeschnitten
2015-11-18 08:42:27,114 INFO /home/barpastu/Geodaten/LV95/dom/schattenbilder/gray/200_cm/dom1126-12.tif transformiert und zugeschnitten
2015-11-18 08:42:27,714 INFO /home/barpastu/Geodaten/LV95/dom/schattenbilder/gray/200_cm/dom1126-14.tif transformiert und zugeschnitten
2015-11-18 08:42:28,633 INFO /home/barpastu/Geodaten/LV95/dom/schattenbilder/gray/200_cm/dom1126-21.tif transformiert und zugeschnitten
2015-11-18 08:42:29,680 INFO /home/barpastu/Geodaten/LV95/dom/schattenbilder/gray/200_cm/dom1126-22.tif transformiert und zugeschnitten
2015-11-18 08:42:31,017 INFO /home/barpastu/Geodaten/LV95/dom/schattenbilder/gray/200_cm/dom1126-23.tif transformiert und zugeschnitten
2015-11-18 08:42:31,508 INFO /home/barpastu/Geodaten/LV95/dom/schattenbilder/gray/200_cm/dom1126-24.tif transformiert und zugeschnitten
2015-11-18 08:42:32,024 INFO /home/barpastu/Geodaten/LV95/dom/schattenbilder/gray/200_cm/dom1126-41.tif transformiert und zugeschnitten
2015-11-18 08:42:32,496 INFO /home/barpastu/Geodaten/LV95/dom/schattenbilder/gray/200_cm/dom1126-42.tif transformiert und zugeschnitten
2015-11-18 08:42:32,994 INFO /home/barpastu/Geodaten/LV95/dom/schattenbilder/gray/200_cm/dom1126-43.tif transformiert und zugeschnitten
2015-11-18 08:42:33,489 INFO /home/barpastu/Geodaten/LV95/dom/schattenbilder/gray/200_cm/dom1126-44.tif transformiert und zugeschnitten
2015-11-18 08:42:34,000 INFO /home/barpastu/Geodaten/LV95/dom/schattenbilder/gray/200_cm/dom1127-11.tif transformiert und zugeschnitten
2015-11-18 08:42:34,390 INFO /home/barpastu/Geodaten/LV95/dom/schattenbilder/gray/200_cm/dom1127-12.tif transformiert und zugeschnitten
2015-11-18 08:42:34,815 INFO /home/barpastu/Geodaten/LV95/dom/schattenbilder/gray/200_cm/dom1127-13.tif transformiert und zugeschnitten
2015-11-18 08:42:36,296 INFO /home/barpastu/Geodaten/LV95/dom/schattenbilder/gray/200_cm/dom1127-14.tif transformiert und zugeschnitten
2015-11-18 08:42:36,884 INFO /home/barpastu/Geodaten/LV95/dom/schattenbilder/gray/200_cm/dom1127-21.tif transformiert und zugeschnitten
2015-11-18 08:42:37,357 INFO /home/barpastu/Geodaten/LV95/dom/schattenbilder/gray/200_cm/dom1127-22.tif transformiert und zugeschnitten
2015-11-18 08:42:37,849 INFO /home/barpastu/Geodaten/LV95/dom/schattenbilder/gray/200_cm/dom1127-23.tif transformiert und zugeschnitten
2015-11-18 08:42:38,308 INFO /home/barpastu/Geodaten/LV95/dom/schattenbilder/gray/200_cm/dom1127-24.tif transformiert und zugeschnitten
2015-11-18 08:42:38,765 INFO /home/barpastu/Geodaten/LV95/dom/schattenbilder/gray/200_cm/dom1127-31.tif transformiert und zugeschnitten
2015-11-18 08:42:39,462 INFO /home/barpastu/Geodaten/LV95/dom/schattenbilder/gray/200_cm/dom1127-32.tif transformiert und zugeschnitten
2015-11-18 08:42:40,011 INFO /home/barpastu/Geodaten/LV95/dom/schattenbilder/gray/200_cm/dom1127-33.tif transformiert und zugeschnitten
2015-11-18 08:42:40,666 INFO /home/barpastu/Geodaten/LV95/dom/schattenbilder/gray/200_cm/dom1127-41.tif transformiert und zugeschnitten
2015-11-18 08:42:41,661 INFO /home/barpastu/Geodaten/LV95/dom/schattenbilder/gray/200_cm/dom1127-42.tif transformiert und zugeschnitten
2015-11-18 08:42:42,691 INFO /home/barpastu/Geodaten/LV95/dom/schattenbilder/gray/200_cm/dom1146-21.tif transformiert und zugeschnitten
2015-11-18 08:42:43,692 INFO /home/barpastu/Geodaten/LV95/dom/schattenbilder/gray/200_cm/dom1146-22.tif transformiert und zugeschnitten
2015-11-18 08:42:44,245 INFO /home/barpastu/Geodaten/LV95/dom/schattenbilder/gray/200_cm/dom1146-24.tif transformiert und zugeschnitten
2015-11-18 08:42:44,741 INFO /home/barpastu/Geodaten/LV95/dom/schattenbilder/gray/200_cm/dom1147-11.tif transformiert und zugeschnitten
2015-11-18 08:42:45,226 INFO /home/barpastu/Geodaten/LV95/dom/schattenbilder/gray/200_cm/dom1147-13.tif transformiert und zugeschnitten
2015-11-18 08:42:51,899 INFO Anteil falscher Pixelwerte: 0
2015-11-18 08:42:54,612 INFO Anteil falscher Pixelwerte: 0
2015-11-18 08:42:58,192 INFO Anteil falscher Pixelwerte: 0
2015-11-18 08:43:00,419 INFO Anteil falscher Pixelwerte: 0
2015-11-18 08:43:03,222 INFO Anteil falscher Pixelwerte: 0
2015-11-18 08:43:06,075 INFO Anteil falscher Pixelwerte: 0
2015-11-18 08:43:08,658 INFO Anteil falscher Pixelwerte: 0
2015-11-18 08:43:11,086 INFO Anteil falscher Pixelwerte: 0
2015-11-18 08:43:13,188 INFO Anteil falscher Pixelwerte: 0
2015-11-18 08:43:15,445 INFO Anteil falscher Pixelwerte: 0
2015-11-18 08:43:18,492 INFO Anteil falscher Pixelwerte: 0
2015-11-18 08:43:21,655 INFO Anteil falscher Pixelwerte: 0
2015-11-18 08:43:23,826 INFO Anteil falscher Pixelwerte: 0
2015-11-18 08:43:25,877 INFO Anteil falscher Pixelwerte: 0
2015-11-18 08:43:28,970 INFO Anteil falscher Pixelwerte: 0
2015-11-18 08:43:31,396 INFO Anteil falscher Pixelwerte: 0
2015-11-18 08:43:34,622 INFO Anteil falscher Pixelwerte: 0
2015-11-18 08:43:37,113 INFO Anteil falscher Pixelwerte: 0
2015-11-18 08:43:40,114 INFO Anteil falscher Pixelwerte: 0
2015-11-18 08:43:43,134 INFO Anteil falscher Pixelwerte: 0
2015-11-18 08:43:45,260 INFO Anteil falscher Pixelwerte: 0
2015-11-18 08:43:48,387 INFO Anteil falscher Pixelwerte: 0
2015-11-18 08:43:51,409 INFO Anteil falscher Pixelwerte: 0
2015-11-18 08:43:53,345 INFO Anteil falscher Pixelwerte: 0
2015-11-18 08:43:54,897 INFO Anteil falscher Pixelwerte: 0
2015-11-18 08:43:56,787 INFO Anteil falscher Pixelwerte: 0
2015-11-18 08:43:59,312 INFO Anteil falscher Pixelwerte: 0
2015-11-18 08:44:02,835 INFO Anteil falscher Pixelwerte: 0
2015-11-18 08:44:04,980 INFO Anteil falscher Pixelwerte: 0
2015-11-18 08:44:08,158 INFO Anteil falscher Pixelwerte: 0
2015-11-18 08:44:10,159 INFO Anteil falscher Pixelwerte: 0
2015-11-18 08:44:12,115 INFO Anteil falscher Pixelwerte: 0
2015-11-18 08:44:15,027 INFO Anteil falscher Pixelwerte: 0
2015-11-18 08:44:17,538 INFO Anteil falscher Pixelwerte: 0
2015-11-18 08:44:19,265 INFO Anteil falscher Pixelwerte: 0
2015-11-18 08:44:21,062 INFO Anteil falscher Pixelwerte: 0
2015-11-18 08:44:24,116 INFO Anteil falscher Pixelwerte: 0
2015-11-18 08:44:27,419 INFO Anteil falscher Pixelwerte: 0
2015-11-18 08:44:29,883 INFO Anteil falscher Pixelwerte: 0
2015-11-18 08:44:33,024 INFO Anteil falscher Pixelwerte: 0
2015-11-18 08:44:35,144 INFO Anteil falscher Pixelwerte: 0
2015-11-18 08:44:37,750 INFO Anteil falscher Pixelwerte: 0
2015-11-18 08:44:40,538 INFO Anteil falscher Pixelwerte: 0
2015-11-18 08:44:42,465 INFO Anteil falscher Pixelwerte: 0
2015-11-18 08:44:44,407 INFO Anteil falscher Pixelwerte: 0
2015-11-18 08:44:47,478 INFO Anteil falscher Pixelwerte: 0
2015-11-18 08:44:49,723 INFO Anteil falscher Pixelwerte: 0
2015-11-18 08:44:52,796 INFO Anteil falscher Pixelwerte: 0
2015-11-18 08:44:54,912 INFO Anteil falscher Pixelwerte: 0
2015-11-18 08:44:57,394 INFO Anteil falscher Pixelwerte: 0
2015-11-18 08:45:00,423 INFO Anteil falscher Pixelwerte: 0
2015-11-18 08:45:02,962 INFO Anteil falscher Pixelwerte: 0
2015-11-18 08:45:04,892 INFO Anteil falscher Pixelwerte: 0
2015-11-18 08:45:07,200 INFO Anteil falscher Pixelwerte: 0
2015-11-18 08:45:09,575 INFO Anteil falscher Pixelwerte: 0
2015-11-18 08:45:12,591 INFO Anteil falscher Pixelwerte: 0
2015-11-18 08:45:14,878 INFO Anteil falscher Pixelwerte: 0
2015-11-18 08:45:18,094 INFO Anteil falscher Pixelwerte: 0
2015-11-18 08:45:20,128 INFO Anteil falscher Pixelwerte: 0
2015-11-18 08:45:23,125 INFO Anteil falscher Pixelwerte: 0
2015-11-18 08:45:25,562 INFO Anteil falscher Pixelwerte: 0
2015-11-18 08:45:28,747 INFO Anteil falscher Pixelwerte: 0
2015-11-18 08:45:32,378 INFO Anteil falscher Pixelwerte: 0
2015-11-18 08:45:34,813 INFO Anteil falscher Pixelwerte: 0
2015-11-18 08:45:38,164 INFO Anteil falscher Pixelwerte: 0
2015-11-18 08:45:40,615 INFO Anteil falscher Pixelwerte: 0
2015-11-18 08:45:44,254 INFO Anteil falscher Pixelwerte: 0
2015-11-18 08:45:47,011 INFO Anteil falscher Pixelwerte: 0
2015-11-18 08:45:49,687 INFO Anteil falscher Pixelwerte: 0
2015-11-18 08:45:51,589 INFO Anteil falscher Pixelwerte: 0
2015-11-18 08:45:53,923 INFO Anteil falscher Pixelwerte: 0
2015-11-18 08:45:56,384 INFO Anteil falscher Pixelwerte: 0
2015-11-18 08:46:00,195 INFO Anteil falscher Pixelwerte: 0
2015-11-18 08:46:03,759 INFO Anteil falscher Pixelwerte: 0
2015-11-18 08:46:06,034 INFO Anteil falscher Pixelwerte: 0
2015-11-18 08:46:10,510 INFO Anteil falscher Pixelwerte: 0
2015-11-18 08:46:12,912 INFO Anteil falscher Pixelwerte: 0
2015-11-18 08:46:15,692 INFO Anteil falscher Pixelwerte: 0
2015-11-18 08:46:18,550 INFO Anteil falscher Pixelwerte: 0
2015-11-18 08:46:20,400 INFO Anteil falscher Pixelwerte: 0
2015-11-18 08:46:23,528 INFO Anteil falscher Pixelwerte: 0
2015-11-18 08:46:26,872 INFO Anteil falscher Pixelwerte: 0
2015-11-18 08:46:29,994 INFO Anteil falscher Pixelwerte: 0
2015-11-18 08:46:31,931 INFO Anteil falscher Pixelwerte: 0
2015-11-18 08:46:34,685 INFO Anteil falscher Pixelwerte: 0
2015-11-18 08:46:37,018 INFO Anteil falscher Pixelwerte: 0
2015-11-18 08:46:41,237 INFO Anteil falscher Pixelwerte: 0
2015-11-18 08:46:44,124 INFO Anteil falscher Pixelwerte: 0
2015-11-18 08:46:47,686 INFO Anteil falscher Pixelwerte: 0
2015-11-18 08:46:53,863 INFO Anteil falscher Pixelwerte: 0
2015-11-18 08:46:58,824 INFO Anteil falscher Pixelwerte: 0
2015-11-18 08:47:01,421 INFO Anteil falscher Pixelwerte: 0
2015-11-18 08:47:04,674 INFO Anteil falscher Pixelwerte: 0
2015-11-18 08:47:08,934 INFO Anteil falscher Pixelwerte: 0
2015-11-18 08:47:14,258 INFO Anteil falscher Pixelwerte: 0
2015-11-18 08:47:20,164 INFO Anteil falscher Pixelwerte: 0
2015-11-18 08:47:23,103 INFO Anteil falscher Pixelwerte: 0
2015-11-18 08:47:25,851 INFO Anteil falscher Pixelwerte: 0
2015-11-18 08:47:28,338 INFO Anteil falscher Pixelwerte: 0
2015-11-18 08:47:32,975 INFO Anteil falscher Pixelwerte: 0
2015-11-18 08:47:39,596 INFO Anteil falscher Pixelwerte: 0
2015-11-18 08:47:45,028 INFO Anteil falscher Pixelwerte: 0
2015-11-18 08:47:47,526 INFO Anteil falscher Pixelwerte: 0
2015-11-18 08:47:50,377 INFO Anteil falscher Pixelwerte: 0
2015-11-18 08:47:54,961 INFO Anteil falscher Pixelwerte: 0
2015-11-18 08:48:01,680 INFO Anteil falscher Pixelwerte: 0
2015-11-18 08:48:06,404 INFO Anteil falscher Pixelwerte: 0
2015-11-18 08:48:09,240 INFO Anteil falscher Pixelwerte: 0
2015-11-18 08:48:11,871 INFO Anteil falscher Pixelwerte: 0
2015-11-18 08:48:14,378 INFO Anteil falscher Pixelwerte: 0
2015-11-18 08:48:17,023 INFO Anteil falscher Pixelwerte: 0
2015-11-18 08:48:17,023 INFO Ende
2015-11-18 10:42:32,047 INFO Start dtm Gradientenbild
2015-11-18 10:42:36,546 INFO Ende
2015-11-18 10:43:13,371 INFO Start dtm Gradientenbild
2015-11-18 10:43:13,489 INFO Ende
2015-11-18 10:43:45,440 INFO Start dtm Gradientenbild
2015-11-18 10:48:32,313 INFO /home/barpastu/Geodaten/LV95/dtm/gradientenbilder/gray/200_cm/dtm_106624.tif transformiert und zugeschnitten
2015-11-18 10:48:33,317 INFO /home/barpastu/Geodaten/LV95/dtm/gradientenbilder/gray/200_cm/dtm_106642.tif transformiert und zugeschnitten
2015-11-18 10:48:33,527 INFO /home/barpastu/Geodaten/LV95/dtm/gradientenbilder/gray/200_cm/dtm_106643.tif transformiert und zugeschnitten
2015-11-18 10:48:34,621 INFO /home/barpastu/Geodaten/LV95/dtm/gradientenbilder/gray/200_cm/dtm_106644.tif transformiert und zugeschnitten
2015-11-18 10:48:35,408 INFO /home/barpastu/Geodaten/LV95/dtm/gradientenbilder/gray/200_cm/dtm_106713.tif transformiert und zugeschnitten
2015-11-18 10:48:36,713 INFO /home/barpastu/Geodaten/LV95/dtm/gradientenbilder/gray/200_cm/dtm_106714.tif transformiert und zugeschnitten
2015-11-18 10:48:37,880 INFO /home/barpastu/Geodaten/LV95/dtm/gradientenbilder/gray/200_cm/dtm_106724.tif transformiert und zugeschnitten
2015-11-18 10:48:39,044 INFO /home/barpastu/Geodaten/LV95/dtm/gradientenbilder/gray/200_cm/dtm_106731.tif transformiert und zugeschnitten
2015-11-18 10:48:40,222 INFO /home/barpastu/Geodaten/LV95/dtm/gradientenbilder/gray/200_cm/dtm_106732.tif transformiert und zugeschnitten
2015-11-18 10:48:41,135 INFO /home/barpastu/Geodaten/LV95/dtm/gradientenbilder/gray/200_cm/dtm_106733.tif transformiert und zugeschnitten
2015-11-18 10:48:42,244 INFO /home/barpastu/Geodaten/LV95/dtm/gradientenbilder/gray/200_cm/dtm_106734.tif transformiert und zugeschnitten
2015-11-18 10:48:43,528 INFO /home/barpastu/Geodaten/LV95/dtm/gradientenbilder/gray/200_cm/dtm_106741.tif transformiert und zugeschnitten
2015-11-18 10:48:44,770 INFO /home/barpastu/Geodaten/LV95/dtm/gradientenbilder/gray/200_cm/dtm_106742.tif transformiert und zugeschnitten
2015-11-18 10:48:45,684 INFO /home/barpastu/Geodaten/LV95/dtm/gradientenbilder/gray/200_cm/dtm_106743.tif transformiert und zugeschnitten
2015-11-18 10:48:46,706 INFO /home/barpastu/Geodaten/LV95/dtm/gradientenbilder/gray/200_cm/dtm_106744.tif transformiert und zugeschnitten
2015-11-18 10:48:47,962 INFO /home/barpastu/Geodaten/LV95/dtm/gradientenbilder/gray/200_cm/dtm_106831.tif transformiert und zugeschnitten
2015-11-18 10:48:48,974 INFO /home/barpastu/Geodaten/LV95/dtm/gradientenbilder/gray/200_cm/dtm_106931.tif transformiert und zugeschnitten
2015-11-18 10:48:50,132 INFO /home/barpastu/Geodaten/LV95/dtm/gradientenbilder/gray/200_cm/dtm_106933.tif transformiert und zugeschnitten
2015-11-18 10:48:51,143 INFO /home/barpastu/Geodaten/LV95/dtm/gradientenbilder/gray/200_cm/dtm_108621.tif transformiert und zugeschnitten
2015-11-18 10:48:52,010 INFO /home/barpastu/Geodaten/LV95/dtm/gradientenbilder/gray/200_cm/dtm_108622.tif transformiert und zugeschnitten
2015-11-18 10:48:53,042 INFO /home/barpastu/Geodaten/LV95/dtm/gradientenbilder/gray/200_cm/dtm_108624.tif transformiert und zugeschnitten
2015-11-18 10:48:53,961 INFO /home/barpastu/Geodaten/LV95/dtm/gradientenbilder/gray/200_cm/dtm_108642.tif transformiert und zugeschnitten
2015-11-18 10:48:55,863 INFO /home/barpastu/Geodaten/LV95/dtm/gradientenbilder/gray/200_cm/dtm_108711.tif transformiert und zugeschnitten
2015-11-18 10:48:56,461 INFO /home/barpastu/Geodaten/LV95/dtm/gradientenbilder/gray/200_cm/dtm_108712.tif transformiert und zugeschnitten
2015-11-18 10:48:57,048 INFO /home/barpastu/Geodaten/LV95/dtm/gradientenbilder/gray/200_cm/dtm_108713.tif transformiert und zugeschnitten
2015-11-18 10:48:57,640 INFO /home/barpastu/Geodaten/LV95/dtm/gradientenbilder/gray/200_cm/dtm_108714.tif transformiert und zugeschnitten
2015-11-18 10:49:00,763 INFO /home/barpastu/Geodaten/LV95/dtm/gradientenbilder/gray/200_cm/dtm_108721.tif transformiert und zugeschnitten
2015-11-18 10:49:01,216 INFO /home/barpastu/Geodaten/LV95/dtm/gradientenbilder/gray/200_cm/dtm_108722.tif transformiert und zugeschnitten
2015-11-18 10:49:01,752 INFO /home/barpastu/Geodaten/LV95/dtm/gradientenbilder/gray/200_cm/dtm_108723.tif transformiert und zugeschnitten
2015-11-18 10:49:02,335 INFO /home/barpastu/Geodaten/LV95/dtm/gradientenbilder/gray/200_cm/dtm_108724.tif transformiert und zugeschnitten
2015-11-18 10:49:02,878 INFO /home/barpastu/Geodaten/LV95/dtm/gradientenbilder/gray/200_cm/dtm_108731.tif transformiert und zugeschnitten
2015-11-18 10:49:03,545 INFO /home/barpastu/Geodaten/LV95/dtm/gradientenbilder/gray/200_cm/dtm_108732.tif transformiert und zugeschnitten
2015-11-18 10:49:04,427 INFO /home/barpastu/Geodaten/LV95/dtm/gradientenbilder/gray/200_cm/dtm_108734.tif transformiert und zugeschnitten
2015-11-18 10:49:05,531 INFO /home/barpastu/Geodaten/LV95/dtm/gradientenbilder/gray/200_cm/dtm_108741.tif transformiert und zugeschnitten
2015-11-18 10:49:06,743 INFO /home/barpastu/Geodaten/LV95/dtm/gradientenbilder/gray/200_cm/dtm_108742.tif transformiert und zugeschnitten
2015-11-18 10:49:07,998 INFO /home/barpastu/Geodaten/LV95/dtm/gradientenbilder/gray/200_cm/dtm_108743.tif transformiert und zugeschnitten
2015-11-18 10:49:09,212 INFO /home/barpastu/Geodaten/LV95/dtm/gradientenbilder/gray/200_cm/dtm_108744.tif transformiert und zugeschnitten
2015-11-18 10:49:10,177 INFO /home/barpastu/Geodaten/LV95/dtm/gradientenbilder/gray/200_cm/dtm_108822.tif transformiert und zugeschnitten
2015-11-18 10:49:10,842 INFO /home/barpastu/Geodaten/LV95/dtm/gradientenbilder/gray/200_cm/dtm_108823.tif transformiert und zugeschnitten
2015-11-18 10:49:11,623 INFO /home/barpastu/Geodaten/LV95/dtm/gradientenbilder/gray/200_cm/dtm_108824.tif transformiert und zugeschnitten
2015-11-18 10:49:12,802 INFO /home/barpastu/Geodaten/LV95/dtm/gradientenbilder/gray/200_cm/dtm_108831.tif transformiert und zugeschnitten
2015-11-18 10:49:14,110 INFO /home/barpastu/Geodaten/LV95/dtm/gradientenbilder/gray/200_cm/dtm_108832.tif transformiert und zugeschnitten
2015-11-18 10:49:15,314 INFO /home/barpastu/Geodaten/LV95/dtm/gradientenbilder/gray/200_cm/dtm_108833.tif transformiert und zugeschnitten
2015-11-18 10:49:16,500 INFO /home/barpastu/Geodaten/LV95/dtm/gradientenbilder/gray/200_cm/dtm_108834.tif transformiert und zugeschnitten
2015-11-18 10:49:17,382 INFO /home/barpastu/Geodaten/LV95/dtm/gradientenbilder/gray/200_cm/dtm_108841.tif transformiert und zugeschnitten
2015-11-18 10:49:18,054 INFO /home/barpastu/Geodaten/LV95/dtm/gradientenbilder/gray/200_cm/dtm_108842.tif transformiert und zugeschnitten
2015-11-18 10:49:18,671 INFO /home/barpastu/Geodaten/LV95/dtm/gradientenbilder/gray/200_cm/dtm_108843.tif transformiert und zugeschnitten
2015-11-18 10:49:19,152 INFO /home/barpastu/Geodaten/LV95/dtm/gradientenbilder/gray/200_cm/dtm_108844.tif transformiert und zugeschnitten
2015-11-18 10:49:19,651 INFO /home/barpastu/Geodaten/LV95/dtm/gradientenbilder/gray/200_cm/dtm_108911.tif transformiert und zugeschnitten
2015-11-18 10:49:20,508 INFO /home/barpastu/Geodaten/LV95/dtm/gradientenbilder/gray/200_cm/dtm_108912.tif transformiert und zugeschnitten
2015-11-18 10:49:21,566 INFO /home/barpastu/Geodaten/LV95/dtm/gradientenbilder/gray/200_cm/dtm_108913.tif transformiert und zugeschnitten
2015-11-18 10:49:22,619 INFO /home/barpastu/Geodaten/LV95/dtm/gradientenbilder/gray/200_cm/dtm_108914.tif transformiert und zugeschnitten
2015-11-18 10:49:24,035 INFO /home/barpastu/Geodaten/LV95/dtm/gradientenbilder/gray/200_cm/dtm_108931.tif transformiert und zugeschnitten
2015-11-18 10:49:25,205 INFO /home/barpastu/Geodaten/LV95/dtm/gradientenbilder/gray/200_cm/dtm_108932.tif transformiert und zugeschnitten
2015-11-18 10:49:26,152 INFO /home/barpastu/Geodaten/LV95/dtm/gradientenbilder/gray/200_cm/dtm_108933.tif transformiert und zugeschnitten
2015-11-18 10:49:26,775 INFO /home/barpastu/Geodaten/LV95/dtm/gradientenbilder/gray/200_cm/dtm_108934.tif transformiert und zugeschnitten
2015-11-18 10:49:27,798 INFO /home/barpastu/Geodaten/LV95/dtm/gradientenbilder/gray/200_cm/dtm_110634.tif transformiert und zugeschnitten
2015-11-18 10:49:28,805 INFO /home/barpastu/Geodaten/LV95/dtm/gradientenbilder/gray/200_cm/dtm_110642.tif transformiert und zugeschnitten
2015-11-18 10:49:30,054 INFO /home/barpastu/Geodaten/LV95/dtm/gradientenbilder/gray/200_cm/dtm_110643.tif transformiert und zugeschnitten
2015-11-18 10:49:31,360 INFO /home/barpastu/Geodaten/LV95/dtm/gradientenbilder/gray/200_cm/dtm_110644.tif transformiert und zugeschnitten
2015-11-18 10:49:32,631 INFO /home/barpastu/Geodaten/LV95/dtm/gradientenbilder/gray/200_cm/dtm_110712.tif transformiert und zugeschnitten
2015-11-18 10:49:33,612 INFO /home/barpastu/Geodaten/LV95/dtm/gradientenbilder/gray/200_cm/dtm_110713.tif transformiert und zugeschnitten
2015-11-18 10:49:34,780 INFO /home/barpastu/Geodaten/LV95/dtm/gradientenbilder/gray/200_cm/dtm_110714.tif transformiert und zugeschnitten
2015-11-18 10:49:35,755 INFO /home/barpastu/Geodaten/LV95/dtm/gradientenbilder/gray/200_cm/dtm_110721.tif transformiert und zugeschnitten
2015-11-18 10:49:36,764 INFO /home/barpastu/Geodaten/LV95/dtm/gradientenbilder/gray/200_cm/dtm_110722.tif transformiert und zugeschnitten
2015-11-18 10:49:37,693 INFO /home/barpastu/Geodaten/LV95/dtm/gradientenbilder/gray/200_cm/dtm_110723.tif transformiert und zugeschnitten
2015-11-18 10:49:38,703 INFO /home/barpastu/Geodaten/LV95/dtm/gradientenbilder/gray/200_cm/dtm_110724.tif transformiert und zugeschnitten
2015-11-18 10:49:39,933 INFO /home/barpastu/Geodaten/LV95/dtm/gradientenbilder/gray/200_cm/dtm_110731.tif transformiert und zugeschnitten
2015-11-18 10:49:40,934 INFO /home/barpastu/Geodaten/LV95/dtm/gradientenbilder/gray/200_cm/dtm_110732.tif transformiert und zugeschnitten
2015-11-18 10:49:41,821 INFO /home/barpastu/Geodaten/LV95/dtm/gradientenbilder/gray/200_cm/dtm_110733.tif transformiert und zugeschnitten
2015-11-18 10:49:42,832 INFO /home/barpastu/Geodaten/LV95/dtm/gradientenbilder/gray/200_cm/dtm_110734.tif transformiert und zugeschnitten
2015-11-18 10:49:43,616 INFO /home/barpastu/Geodaten/LV95/dtm/gradientenbilder/gray/200_cm/dtm_110741.tif transformiert und zugeschnitten
2015-11-18 10:49:44,651 INFO /home/barpastu/Geodaten/LV95/dtm/gradientenbilder/gray/200_cm/dtm_110743.tif transformiert und zugeschnitten
2015-11-18 10:49:45,772 INFO /home/barpastu/Geodaten/LV95/dtm/gradientenbilder/gray/200_cm/dtm_110744.tif transformiert und zugeschnitten
2015-11-18 10:49:46,721 INFO /home/barpastu/Geodaten/LV95/dtm/gradientenbilder/gray/200_cm/dtm_110811.tif transformiert und zugeschnitten
2015-11-18 10:49:47,938 INFO /home/barpastu/Geodaten/LV95/dtm/gradientenbilder/gray/200_cm/dtm_110812.tif transformiert und zugeschnitten
2015-11-18 10:49:49,014 INFO /home/barpastu/Geodaten/LV95/dtm/gradientenbilder/gray/200_cm/dtm_110813.tif transformiert und zugeschnitten
2015-11-18 10:49:49,997 INFO /home/barpastu/Geodaten/LV95/dtm/gradientenbilder/gray/200_cm/dtm_110814.tif transformiert und zugeschnitten
2015-11-18 10:49:52,134 INFO /home/barpastu/Geodaten/LV95/dtm/gradientenbilder/gray/200_cm/dtm_110821.tif transformiert und zugeschnitten
2015-11-18 10:49:53,119 INFO /home/barpastu/Geodaten/LV95/dtm/gradientenbilder/gray/200_cm/dtm_110822.tif transformiert und zugeschnitten
2015-11-18 10:49:53,702 INFO /home/barpastu/Geodaten/LV95/dtm/gradientenbilder/gray/200_cm/dtm_110823.tif transformiert und zugeschnitten
2015-11-18 10:49:54,690 INFO /home/barpastu/Geodaten/LV95/dtm/gradientenbilder/gray/200_cm/dtm_110831.tif transformiert und zugeschnitten
2015-11-18 10:49:55,788 INFO /home/barpastu/Geodaten/LV95/dtm/gradientenbilder/gray/200_cm/dtm_110832.tif transformiert und zugeschnitten
2015-11-18 10:49:56,839 INFO /home/barpastu/Geodaten/LV95/dtm/gradientenbilder/gray/200_cm/dtm_110841.tif transformiert und zugeschnitten
2015-11-18 10:49:57,979 INFO /home/barpastu/Geodaten/LV95/dtm/gradientenbilder/gray/200_cm/dtm_110911.tif transformiert und zugeschnitten
2015-11-18 10:49:59,224 INFO /home/barpastu/Geodaten/LV95/dtm/gradientenbilder/gray/200_cm/dtm_112612.tif transformiert und zugeschnitten
2015-11-18 10:50:00,263 INFO /home/barpastu/Geodaten/LV95/dtm/gradientenbilder/gray/200_cm/dtm_112614.tif transformiert und zugeschnitten
2015-11-18 10:50:00,957 INFO /home/barpastu/Geodaten/LV95/dtm/gradientenbilder/gray/200_cm/dtm_112621.tif transformiert und zugeschnitten
2015-11-18 10:50:02,164 INFO /home/barpastu/Geodaten/LV95/dtm/gradientenbilder/gray/200_cm/dtm_112622.tif transformiert und zugeschnitten
2015-11-18 10:50:03,129 INFO /home/barpastu/Geodaten/LV95/dtm/gradientenbilder/gray/200_cm/dtm_112623.tif transformiert und zugeschnitten
2015-11-18 10:50:04,487 INFO /home/barpastu/Geodaten/LV95/dtm/gradientenbilder/gray/200_cm/dtm_112624.tif transformiert und zugeschnitten
2015-11-18 10:50:05,796 INFO /home/barpastu/Geodaten/LV95/dtm/gradientenbilder/gray/200_cm/dtm_112641.tif transformiert und zugeschnitten
2015-11-18 10:50:06,846 INFO /home/barpastu/Geodaten/LV95/dtm/gradientenbilder/gray/200_cm/dtm_112642.tif transformiert und zugeschnitten
2015-11-18 10:50:08,088 INFO /home/barpastu/Geodaten/LV95/dtm/gradientenbilder/gray/200_cm/dtm_112643.tif transformiert und zugeschnitten
2015-11-18 10:50:09,125 INFO /home/barpastu/Geodaten/LV95/dtm/gradientenbilder/gray/200_cm/dtm_112644.tif transformiert und zugeschnitten
2015-11-18 10:50:10,172 INFO /home/barpastu/Geodaten/LV95/dtm/gradientenbilder/gray/200_cm/dtm_112711.tif transformiert und zugeschnitten
2015-11-18 10:50:11,099 INFO /home/barpastu/Geodaten/LV95/dtm/gradientenbilder/gray/200_cm/dtm_112712.tif transformiert und zugeschnitten
2015-11-18 10:50:11,759 INFO /home/barpastu/Geodaten/LV95/dtm/gradientenbilder/gray/200_cm/dtm_112713.tif transformiert und zugeschnitten
2015-11-18 10:50:12,792 INFO /home/barpastu/Geodaten/LV95/dtm/gradientenbilder/gray/200_cm/dtm_112714.tif transformiert und zugeschnitten
2015-11-18 10:50:14,133 INFO /home/barpastu/Geodaten/LV95/dtm/gradientenbilder/gray/200_cm/dtm_112721.tif transformiert und zugeschnitten
2015-11-18 10:50:15,389 INFO /home/barpastu/Geodaten/LV95/dtm/gradientenbilder/gray/200_cm/dtm_112722.tif transformiert und zugeschnitten
2015-11-18 10:50:16,610 INFO /home/barpastu/Geodaten/LV95/dtm/gradientenbilder/gray/200_cm/dtm_112723.tif transformiert und zugeschnitten
2015-11-18 10:50:17,871 INFO /home/barpastu/Geodaten/LV95/dtm/gradientenbilder/gray/200_cm/dtm_112724.tif transformiert und zugeschnitten
2015-11-18 10:50:18,605 INFO /home/barpastu/Geodaten/LV95/dtm/gradientenbilder/gray/200_cm/dtm_112731.tif transformiert und zugeschnitten
2015-11-18 10:50:19,247 INFO /home/barpastu/Geodaten/LV95/dtm/gradientenbilder/gray/200_cm/dtm_112732.tif transformiert und zugeschnitten
2015-11-18 10:50:19,805 INFO /home/barpastu/Geodaten/LV95/dtm/gradientenbilder/gray/200_cm/dtm_112733.tif transformiert und zugeschnitten
2015-11-18 10:50:20,345 INFO /home/barpastu/Geodaten/LV95/dtm/gradientenbilder/gray/200_cm/dtm_112741.tif transformiert und zugeschnitten
2015-11-18 10:50:21,260 INFO /home/barpastu/Geodaten/LV95/dtm/gradientenbilder/gray/200_cm/dtm_112742.tif transformiert und zugeschnitten
2015-11-18 10:50:22,513 INFO /home/barpastu/Geodaten/LV95/dtm/gradientenbilder/gray/200_cm/dtm_114621.tif transformiert und zugeschnitten
2015-11-18 10:50:23,611 INFO /home/barpastu/Geodaten/LV95/dtm/gradientenbilder/gray/200_cm/dtm_114622.tif transformiert und zugeschnitten
2015-11-18 10:50:24,747 INFO /home/barpastu/Geodaten/LV95/dtm/gradientenbilder/gray/200_cm/dtm_114624.tif transformiert und zugeschnitten
2015-11-18 10:50:25,912 INFO /home/barpastu/Geodaten/LV95/dtm/gradientenbilder/gray/200_cm/dtm_114711.tif transformiert und zugeschnitten
2015-11-18 10:50:26,694 INFO /home/barpastu/Geodaten/LV95/dtm/gradientenbilder/gray/200_cm/dtm_114713.tif transformiert und zugeschnitten
2015-11-18 10:50:28,447 INFO Anteil falscher Pixelwerte: 0
2015-11-18 10:50:35,246 INFO Anteil falscher Pixelwerte: 0
2015-11-18 10:50:35,959 INFO Anteil falscher Pixelwerte: 0
2015-11-18 10:50:41,954 INFO Anteil falscher Pixelwerte: 0
2015-11-18 10:50:45,493 INFO Anteil falscher Pixelwerte: 0
2015-11-18 10:50:50,211 INFO Anteil falscher Pixelwerte: 0
2015-11-18 10:50:56,809 INFO Anteil falscher Pixelwerte: 0
2015-11-18 10:51:03,675 INFO Anteil falscher Pixelwerte: 0
2015-11-18 10:51:11,146 INFO Anteil falscher Pixelwerte: 0
2015-11-18 10:51:17,343 INFO Anteil falscher Pixelwerte: 0
2015-11-18 10:51:24,028 INFO Anteil falscher Pixelwerte: 0
2015-11-18 10:51:31,582 INFO Anteil falscher Pixelwerte: 0
2015-11-18 10:51:38,095 INFO Anteil falscher Pixelwerte: 0
2015-11-18 10:51:45,057 INFO Anteil falscher Pixelwerte: 0
2015-11-18 10:51:50,737 INFO Anteil falscher Pixelwerte: 0
2015-11-18 10:51:57,516 INFO Anteil falscher Pixelwerte: 0
2015-11-18 10:52:03,847 INFO Anteil falscher Pixelwerte: 0
2015-11-18 10:52:10,733 INFO Anteil falscher Pixelwerte: 0
2015-11-18 10:52:17,403 INFO Anteil falscher Pixelwerte: 0
2015-11-18 10:52:23,621 INFO Anteil falscher Pixelwerte: 0
2015-11-18 10:52:30,544 INFO Anteil falscher Pixelwerte: 0
2015-11-18 10:52:36,328 INFO Anteil falscher Pixelwerte: 0
2015-11-18 10:52:42,991 INFO Anteil falscher Pixelwerte: 0
2015-11-18 10:52:50,012 INFO Anteil falscher Pixelwerte: 0
2015-11-18 10:52:56,898 INFO Anteil falscher Pixelwerte: 0
2015-11-18 10:53:04,336 INFO Anteil falscher Pixelwerte: 0
2015-11-18 10:53:11,212 INFO Anteil falscher Pixelwerte: 0
2015-11-18 10:53:18,750 INFO Anteil falscher Pixelwerte: 0
2015-11-18 10:53:26,240 INFO Anteil falscher Pixelwerte: 0
2015-11-18 10:53:32,137 INFO Anteil falscher Pixelwerte: 0
2015-11-18 10:53:36,552 INFO Anteil falscher Pixelwerte: 0
2015-11-18 10:53:42,607 INFO Anteil falscher Pixelwerte: 0
2015-11-18 10:53:50,215 INFO Anteil falscher Pixelwerte: 0
2015-11-18 10:53:57,749 INFO Anteil falscher Pixelwerte: 0
2015-11-18 10:54:04,510 INFO Anteil falscher Pixelwerte: 0
2015-11-18 10:54:10,645 INFO Anteil falscher Pixelwerte: 0
2015-11-18 10:54:18,430 INFO Anteil falscher Pixelwerte: 0
2015-11-18 10:54:23,503 INFO Anteil falscher Pixelwerte: 0
2015-11-18 10:54:29,623 INFO Anteil falscher Pixelwerte: 0
2015-11-18 10:54:37,427 INFO Anteil falscher Pixelwerte: 0
2015-11-18 10:54:45,233 INFO Anteil falscher Pixelwerte: 0
2015-11-18 10:54:52,524 INFO Anteil falscher Pixelwerte: 0
2015-11-18 10:54:55,560 INFO Anteil falscher Pixelwerte: 0
2015-11-18 10:54:58,572 INFO Anteil falscher Pixelwerte: 0
2015-11-18 10:55:01,520 INFO Anteil falscher Pixelwerte: 0
2015-11-18 10:55:04,169 INFO Anteil falscher Pixelwerte: 0
2015-11-18 10:55:06,760 INFO Anteil falscher Pixelwerte: 0
2015-11-18 10:55:09,871 INFO Anteil falscher Pixelwerte: 0
2015-11-18 10:55:12,700 INFO Anteil falscher Pixelwerte: 0
2015-11-18 10:55:15,675 INFO Anteil falscher Pixelwerte: 0
2015-11-18 10:55:18,679 INFO Anteil falscher Pixelwerte: 0
2015-11-18 10:55:21,388 INFO Anteil falscher Pixelwerte: 0
2015-11-18 10:55:23,843 INFO Anteil falscher Pixelwerte: 0
2015-11-18 10:55:26,368 INFO Anteil falscher Pixelwerte: 0
2015-11-18 10:55:29,524 INFO Anteil falscher Pixelwerte: 0
2015-11-18 10:55:31,686 INFO Anteil falscher Pixelwerte: 0
2015-11-18 10:55:34,032 INFO Anteil falscher Pixelwerte: 0
2015-11-18 10:55:37,162 INFO Anteil falscher Pixelwerte: 0
2015-11-18 10:55:40,101 INFO Anteil falscher Pixelwerte: 0
2015-11-18 10:55:43,188 INFO Anteil falscher Pixelwerte: 0
2015-11-18 10:55:45,835 INFO Anteil falscher Pixelwerte: 0
2015-11-18 10:55:48,798 INFO Anteil falscher Pixelwerte: 0
2015-11-18 10:55:52,176 INFO Anteil falscher Pixelwerte: 0
2015-11-18 10:55:54,886 INFO Anteil falscher Pixelwerte: 0
2015-11-18 10:55:58,213 INFO Anteil falscher Pixelwerte: 0
2015-11-18 10:56:00,212 INFO Anteil falscher Pixelwerte: 0
2015-11-18 10:56:03,331 INFO Anteil falscher Pixelwerte: 0
2015-11-18 10:56:06,081 INFO Anteil falscher Pixelwerte: 0
2015-11-18 10:56:08,315 INFO Anteil falscher Pixelwerte: 0
2015-11-18 10:56:11,352 INFO Anteil falscher Pixelwerte: 0
2015-11-18 10:56:14,113 INFO Anteil falscher Pixelwerte: 0
2015-11-18 10:56:16,705 INFO Anteil falscher Pixelwerte: 0
2015-11-18 10:56:20,452 INFO Anteil falscher Pixelwerte: 0
2015-11-18 10:56:22,753 INFO Anteil falscher Pixelwerte: 0
2015-11-18 10:56:25,772 INFO Anteil falscher Pixelwerte: 0
2015-11-18 10:56:28,408 INFO Anteil falscher Pixelwerte: 0
2015-11-18 10:56:30,402 INFO Anteil falscher Pixelwerte: 0
2015-11-18 10:56:33,075 INFO Anteil falscher Pixelwerte: 0
2015-11-18 10:56:36,091 INFO Anteil falscher Pixelwerte: 0
2015-11-18 10:56:38,826 INFO Anteil falscher Pixelwerte: 0
2015-11-18 10:56:41,604 INFO Anteil falscher Pixelwerte: 0
2015-11-18 10:56:44,665 INFO Anteil falscher Pixelwerte: 0
2015-11-18 10:56:47,759 INFO Anteil falscher Pixelwerte: 0
2015-11-18 10:56:51,114 INFO Anteil falscher Pixelwerte: 0
2015-11-18 10:56:53,286 INFO Anteil falscher Pixelwerte: 0
2015-11-18 10:56:56,227 INFO Anteil falscher Pixelwerte: 0
2015-11-18 10:56:59,185 INFO Anteil falscher Pixelwerte: 0
2015-11-18 10:57:02,159 INFO Anteil falscher Pixelwerte: 0
2015-11-18 10:57:05,517 INFO Anteil falscher Pixelwerte: 0
2015-11-18 10:57:07,644 INFO Anteil falscher Pixelwerte: 0
2015-11-18 10:57:11,376 INFO Anteil falscher Pixelwerte: 0
2015-11-18 10:57:13,385 INFO Anteil falscher Pixelwerte: 0
2015-11-18 10:57:16,124 INFO Anteil falscher Pixelwerte: 0
2015-11-18 10:57:19,027 INFO Anteil falscher Pixelwerte: 0
2015-11-18 10:57:21,240 INFO Anteil falscher Pixelwerte: 0
2015-11-18 10:57:24,893 INFO Anteil falscher Pixelwerte: 0
2015-11-18 10:57:28,591 INFO Anteil falscher Pixelwerte: 0
2015-11-18 10:57:31,812 INFO Anteil falscher Pixelwerte: 0
2015-11-18 10:57:35,228 INFO Anteil falscher Pixelwerte: 0
2015-11-18 10:57:38,278 INFO Anteil falscher Pixelwerte: 0
2015-11-18 10:57:41,389 INFO Anteil falscher Pixelwerte: 0
2015-11-18 10:57:45,332 INFO Anteil falscher Pixelwerte: 0
2015-11-18 10:57:48,654 INFO Anteil falscher Pixelwerte: 0
2015-11-18 10:57:51,097 INFO Anteil falscher Pixelwerte: 0
2015-11-18 10:57:54,371 INFO Anteil falscher Pixelwerte: 0
2015-11-18 10:57:56,863 INFO Anteil falscher Pixelwerte: 0
2015-11-18 10:57:59,640 INFO Anteil falscher Pixelwerte: 0
2015-11-18 10:58:02,814 INFO Anteil falscher Pixelwerte: 0
2015-11-18 10:58:05,304 INFO Anteil falscher Pixelwerte: 0
2015-11-18 10:58:08,441 INFO Anteil falscher Pixelwerte: 0
2015-11-18 10:58:11,298 INFO Anteil falscher Pixelwerte: 0
2015-11-18 10:58:14,509 INFO Anteil falscher Pixelwerte: 0
2015-11-18 10:58:17,567 INFO Anteil falscher Pixelwerte: 0
2015-11-18 10:58:17,567 INFO Ende
2015-11-18 11:16:43,682 INFO Start dtm Gradientenbild
2015-11-18 11:16:50,411 INFO Ende
2015-11-18 11:17:35,647 INFO Start dtm Gradientenbild
2015-11-18 11:22:21,585 INFO /home/barpastu/Geodaten/LV95/dtm/gradientenbilder/gray/200_cm/dtm_106624.tif transformiert und zugeschnitten
2015-11-18 11:22:23,076 INFO /home/barpastu/Geodaten/LV95/dtm/gradientenbilder/gray/200_cm/dtm_106642.tif transformiert und zugeschnitten
2015-11-18 11:22:23,166 INFO /home/barpastu/Geodaten/LV95/dtm/gradientenbilder/gray/200_cm/dtm_106643.tif transformiert und zugeschnitten
2015-11-18 11:22:23,857 INFO /home/barpastu/Geodaten/LV95/dtm/gradientenbilder/gray/200_cm/dtm_106644.tif transformiert und zugeschnitten
2015-11-18 11:22:24,235 INFO /home/barpastu/Geodaten/LV95/dtm/gradientenbilder/gray/200_cm/dtm_106713.tif transformiert und zugeschnitten
2015-11-18 11:22:24,924 INFO /home/barpastu/Geodaten/LV95/dtm/gradientenbilder/gray/200_cm/dtm_106714.tif transformiert und zugeschnitten
2015-11-18 11:22:25,729 INFO /home/barpastu/Geodaten/LV95/dtm/gradientenbilder/gray/200_cm/dtm_106724.tif transformiert und zugeschnitten
2015-11-18 11:22:27,189 INFO /home/barpastu/Geodaten/LV95/dtm/gradientenbilder/gray/200_cm/dtm_106731.tif transformiert und zugeschnitten
2015-11-18 11:22:28,755 INFO /home/barpastu/Geodaten/LV95/dtm/gradientenbilder/gray/200_cm/dtm_106732.tif transformiert und zugeschnitten
2015-11-18 11:22:30,294 INFO /home/barpastu/Geodaten/LV95/dtm/gradientenbilder/gray/200_cm/dtm_106733.tif transformiert und zugeschnitten
2015-11-18 11:22:31,548 INFO /home/barpastu/Geodaten/LV95/dtm/gradientenbilder/gray/200_cm/dtm_106734.tif transformiert und zugeschnitten
2015-11-18 11:22:32,337 INFO /home/barpastu/Geodaten/LV95/dtm/gradientenbilder/gray/200_cm/dtm_106741.tif transformiert und zugeschnitten
2015-11-18 11:22:33,045 INFO /home/barpastu/Geodaten/LV95/dtm/gradientenbilder/gray/200_cm/dtm_106742.tif transformiert und zugeschnitten
2015-11-18 11:22:34,469 INFO /home/barpastu/Geodaten/LV95/dtm/gradientenbilder/gray/200_cm/dtm_106743.tif transformiert und zugeschnitten
2015-11-18 11:22:35,926 INFO /home/barpastu/Geodaten/LV95/dtm/gradientenbilder/gray/200_cm/dtm_106744.tif transformiert und zugeschnitten
2015-11-18 11:22:37,425 INFO /home/barpastu/Geodaten/LV95/dtm/gradientenbilder/gray/200_cm/dtm_106831.tif transformiert und zugeschnitten
2015-11-18 11:22:38,483 INFO /home/barpastu/Geodaten/LV95/dtm/gradientenbilder/gray/200_cm/dtm_106931.tif transformiert und zugeschnitten
2015-11-18 11:22:39,326 INFO /home/barpastu/Geodaten/LV95/dtm/gradientenbilder/gray/200_cm/dtm_106933.tif transformiert und zugeschnitten
2015-11-18 11:22:40,168 INFO /home/barpastu/Geodaten/LV95/dtm/gradientenbilder/gray/200_cm/dtm_108621.tif transformiert und zugeschnitten
2015-11-18 11:22:41,474 INFO /home/barpastu/Geodaten/LV95/dtm/gradientenbilder/gray/200_cm/dtm_108622.tif transformiert und zugeschnitten
2015-11-18 11:22:43,133 INFO /home/barpastu/Geodaten/LV95/dtm/gradientenbilder/gray/200_cm/dtm_108624.tif transformiert und zugeschnitten
2015-11-18 11:22:44,566 INFO /home/barpastu/Geodaten/LV95/dtm/gradientenbilder/gray/200_cm/dtm_108642.tif transformiert und zugeschnitten
2015-11-18 11:22:45,621 INFO /home/barpastu/Geodaten/LV95/dtm/gradientenbilder/gray/200_cm/dtm_108711.tif transformiert und zugeschnitten
2015-11-18 11:22:46,157 INFO /home/barpastu/Geodaten/LV95/dtm/gradientenbilder/gray/200_cm/dtm_108712.tif transformiert und zugeschnitten
2015-11-18 11:22:47,409 INFO /home/barpastu/Geodaten/LV95/dtm/gradientenbilder/gray/200_cm/dtm_108713.tif transformiert und zugeschnitten
2015-11-18 11:22:47,972 INFO /home/barpastu/Geodaten/LV95/dtm/gradientenbilder/gray/200_cm/dtm_108714.tif transformiert und zugeschnitten
2015-11-18 11:22:48,536 INFO /home/barpastu/Geodaten/LV95/dtm/gradientenbilder/gray/200_cm/dtm_108721.tif transformiert und zugeschnitten
2015-11-18 11:22:49,124 INFO /home/barpastu/Geodaten/LV95/dtm/gradientenbilder/gray/200_cm/dtm_108722.tif transformiert und zugeschnitten
2015-11-18 11:22:49,703 INFO /home/barpastu/Geodaten/LV95/dtm/gradientenbilder/gray/200_cm/dtm_108723.tif transformiert und zugeschnitten
2015-11-18 11:22:50,268 INFO /home/barpastu/Geodaten/LV95/dtm/gradientenbilder/gray/200_cm/dtm_108724.tif transformiert und zugeschnitten
2015-11-18 11:22:50,896 INFO /home/barpastu/Geodaten/LV95/dtm/gradientenbilder/gray/200_cm/dtm_108731.tif transformiert und zugeschnitten
2015-11-18 11:22:51,513 INFO /home/barpastu/Geodaten/LV95/dtm/gradientenbilder/gray/200_cm/dtm_108732.tif transformiert und zugeschnitten
2015-11-18 11:22:52,208 INFO /home/barpastu/Geodaten/LV95/dtm/gradientenbilder/gray/200_cm/dtm_108734.tif transformiert und zugeschnitten
2015-11-18 11:22:53,004 INFO /home/barpastu/Geodaten/LV95/dtm/gradientenbilder/gray/200_cm/dtm_108741.tif transformiert und zugeschnitten
2015-11-18 11:22:54,329 INFO /home/barpastu/Geodaten/LV95/dtm/gradientenbilder/gray/200_cm/dtm_108742.tif transformiert und zugeschnitten
2015-11-18 11:22:55,936 INFO /home/barpastu/Geodaten/LV95/dtm/gradientenbilder/gray/200_cm/dtm_108743.tif transformiert und zugeschnitten
2015-11-18 11:22:57,741 INFO /home/barpastu/Geodaten/LV95/dtm/gradientenbilder/gray/200_cm/dtm_108744.tif transformiert und zugeschnitten
2015-11-18 11:22:58,415 INFO /home/barpastu/Geodaten/LV95/dtm/gradientenbilder/gray/200_cm/dtm_108822.tif transformiert und zugeschnitten
2015-11-18 11:22:59,244 INFO /home/barpastu/Geodaten/LV95/dtm/gradientenbilder/gray/200_cm/dtm_108823.tif transformiert und zugeschnitten
2015-11-18 11:23:00,369 INFO /home/barpastu/Geodaten/LV95/dtm/gradientenbilder/gray/200_cm/dtm_108824.tif transformiert und zugeschnitten
2015-11-18 11:23:01,939 INFO /home/barpastu/Geodaten/LV95/dtm/gradientenbilder/gray/200_cm/dtm_108831.tif transformiert und zugeschnitten
2015-11-18 11:23:03,539 INFO /home/barpastu/Geodaten/LV95/dtm/gradientenbilder/gray/200_cm/dtm_108832.tif transformiert und zugeschnitten
2015-11-18 11:23:05,061 INFO /home/barpastu/Geodaten/LV95/dtm/gradientenbilder/gray/200_cm/dtm_108833.tif transformiert und zugeschnitten
2015-11-18 11:23:05,864 INFO /home/barpastu/Geodaten/LV95/dtm/gradientenbilder/gray/200_cm/dtm_108834.tif transformiert und zugeschnitten
2015-11-18 11:23:06,893 INFO /home/barpastu/Geodaten/LV95/dtm/gradientenbilder/gray/200_cm/dtm_108841.tif transformiert und zugeschnitten
2015-11-18 11:23:08,202 INFO /home/barpastu/Geodaten/LV95/dtm/gradientenbilder/gray/200_cm/dtm_108842.tif transformiert und zugeschnitten
2015-11-18 11:23:09,798 INFO /home/barpastu/Geodaten/LV95/dtm/gradientenbilder/gray/200_cm/dtm_108843.tif transformiert und zugeschnitten
2015-11-18 11:23:11,007 INFO /home/barpastu/Geodaten/LV95/dtm/gradientenbilder/gray/200_cm/dtm_108844.tif transformiert und zugeschnitten
2015-11-18 11:23:12,524 INFO /home/barpastu/Geodaten/LV95/dtm/gradientenbilder/gray/200_cm/dtm_108911.tif transformiert und zugeschnitten
2015-11-18 11:23:13,327 INFO /home/barpastu/Geodaten/LV95/dtm/gradientenbilder/gray/200_cm/dtm_108912.tif transformiert und zugeschnitten
2015-11-18 11:23:14,065 INFO /home/barpastu/Geodaten/LV95/dtm/gradientenbilder/gray/200_cm/dtm_108913.tif transformiert und zugeschnitten
2015-11-18 11:23:14,700 INFO /home/barpastu/Geodaten/LV95/dtm/gradientenbilder/gray/200_cm/dtm_108914.tif transformiert und zugeschnitten
2015-11-18 11:23:15,451 INFO /home/barpastu/Geodaten/LV95/dtm/gradientenbilder/gray/200_cm/dtm_108931.tif transformiert und zugeschnitten
2015-11-18 11:23:17,097 INFO /home/barpastu/Geodaten/LV95/dtm/gradientenbilder/gray/200_cm/dtm_108932.tif transformiert und zugeschnitten
2015-11-18 11:23:18,651 INFO /home/barpastu/Geodaten/LV95/dtm/gradientenbilder/gray/200_cm/dtm_108933.tif transformiert und zugeschnitten
2015-11-18 11:23:20,215 INFO /home/barpastu/Geodaten/LV95/dtm/gradientenbilder/gray/200_cm/dtm_108934.tif transformiert und zugeschnitten
2015-11-18 11:23:21,452 INFO /home/barpastu/Geodaten/LV95/dtm/gradientenbilder/gray/200_cm/dtm_110634.tif transformiert und zugeschnitten
2015-11-18 11:23:22,195 INFO /home/barpastu/Geodaten/LV95/dtm/gradientenbilder/gray/200_cm/dtm_110642.tif transformiert und zugeschnitten
2015-11-18 11:23:23,578 INFO /home/barpastu/Geodaten/LV95/dtm/gradientenbilder/gray/200_cm/dtm_110643.tif transformiert und zugeschnitten
2015-11-18 11:23:24,986 INFO /home/barpastu/Geodaten/LV95/dtm/gradientenbilder/gray/200_cm/dtm_110644.tif transformiert und zugeschnitten
2015-11-18 11:23:26,229 INFO /home/barpastu/Geodaten/LV95/dtm/gradientenbilder/gray/200_cm/dtm_110712.tif transformiert und zugeschnitten
2015-11-18 11:23:27,514 INFO /home/barpastu/Geodaten/LV95/dtm/gradientenbilder/gray/200_cm/dtm_110713.tif transformiert und zugeschnitten
2015-11-18 11:23:28,725 INFO /home/barpastu/Geodaten/LV95/dtm/gradientenbilder/gray/200_cm/dtm_110714.tif transformiert und zugeschnitten
2015-11-18 11:23:29,946 INFO /home/barpastu/Geodaten/LV95/dtm/gradientenbilder/gray/200_cm/dtm_110721.tif transformiert und zugeschnitten
2015-11-18 11:23:31,071 INFO /home/barpastu/Geodaten/LV95/dtm/gradientenbilder/gray/200_cm/dtm_110722.tif transformiert und zugeschnitten
2015-11-18 11:23:32,501 INFO /home/barpastu/Geodaten/LV95/dtm/gradientenbilder/gray/200_cm/dtm_110723.tif transformiert und zugeschnitten
2015-11-18 11:23:33,638 INFO /home/barpastu/Geodaten/LV95/dtm/gradientenbilder/gray/200_cm/dtm_110724.tif transformiert und zugeschnitten
2015-11-18 11:23:35,210 INFO /home/barpastu/Geodaten/LV95/dtm/gradientenbilder/gray/200_cm/dtm_110731.tif transformiert und zugeschnitten
2015-11-18 11:23:36,637 INFO /home/barpastu/Geodaten/LV95/dtm/gradientenbilder/gray/200_cm/dtm_110732.tif transformiert und zugeschnitten
2015-11-18 11:23:37,808 INFO /home/barpastu/Geodaten/LV95/dtm/gradientenbilder/gray/200_cm/dtm_110733.tif transformiert und zugeschnitten
2015-11-18 11:23:38,566 INFO /home/barpastu/Geodaten/LV95/dtm/gradientenbilder/gray/200_cm/dtm_110734.tif transformiert und zugeschnitten
2015-11-18 11:23:39,706 INFO /home/barpastu/Geodaten/LV95/dtm/gradientenbilder/gray/200_cm/dtm_110741.tif transformiert und zugeschnitten
2015-11-18 11:23:41,371 INFO /home/barpastu/Geodaten/LV95/dtm/gradientenbilder/gray/200_cm/dtm_110743.tif transformiert und zugeschnitten
2015-11-18 11:23:42,813 INFO /home/barpastu/Geodaten/LV95/dtm/gradientenbilder/gray/200_cm/dtm_110744.tif transformiert und zugeschnitten
2015-11-18 11:23:44,207 INFO /home/barpastu/Geodaten/LV95/dtm/gradientenbilder/gray/200_cm/dtm_110811.tif transformiert und zugeschnitten
2015-11-18 11:23:45,099 INFO /home/barpastu/Geodaten/LV95/dtm/gradientenbilder/gray/200_cm/dtm_110812.tif transformiert und zugeschnitten
2015-11-18 11:23:45,980 INFO /home/barpastu/Geodaten/LV95/dtm/gradientenbilder/gray/200_cm/dtm_110813.tif transformiert und zugeschnitten
2015-11-18 11:23:46,732 INFO /home/barpastu/Geodaten/LV95/dtm/gradientenbilder/gray/200_cm/dtm_110814.tif transformiert und zugeschnitten
2015-11-18 11:23:48,359 INFO /home/barpastu/Geodaten/LV95/dtm/gradientenbilder/gray/200_cm/dtm_110821.tif transformiert und zugeschnitten
2015-11-18 11:23:49,979 INFO /home/barpastu/Geodaten/LV95/dtm/gradientenbilder/gray/200_cm/dtm_110822.tif transformiert und zugeschnitten
2015-11-18 11:23:51,292 INFO /home/barpastu/Geodaten/LV95/dtm/gradientenbilder/gray/200_cm/dtm_110823.tif transformiert und zugeschnitten
2015-11-18 11:23:52,386 INFO /home/barpastu/Geodaten/LV95/dtm/gradientenbilder/gray/200_cm/dtm_110831.tif transformiert und zugeschnitten
2015-11-18 11:23:53,203 INFO /home/barpastu/Geodaten/LV95/dtm/gradientenbilder/gray/200_cm/dtm_110832.tif transformiert und zugeschnitten
2015-11-18 11:23:54,218 INFO /home/barpastu/Geodaten/LV95/dtm/gradientenbilder/gray/200_cm/dtm_110841.tif transformiert und zugeschnitten
2015-11-18 11:23:55,640 INFO /home/barpastu/Geodaten/LV95/dtm/gradientenbilder/gray/200_cm/dtm_110911.tif transformiert und zugeschnitten
2015-11-18 11:23:57,125 INFO /home/barpastu/Geodaten/LV95/dtm/gradientenbilder/gray/200_cm/dtm_112612.tif transformiert und zugeschnitten
2015-11-18 11:23:58,374 INFO /home/barpastu/Geodaten/LV95/dtm/gradientenbilder/gray/200_cm/dtm_112614.tif transformiert und zugeschnitten
2015-11-18 11:23:59,225 INFO /home/barpastu/Geodaten/LV95/dtm/gradientenbilder/gray/200_cm/dtm_112621.tif transformiert und zugeschnitten
2015-11-18 11:24:00,029 INFO /home/barpastu/Geodaten/LV95/dtm/gradientenbilder/gray/200_cm/dtm_112622.tif transformiert und zugeschnitten
2015-11-18 11:24:02,280 INFO /home/barpastu/Geodaten/LV95/dtm/gradientenbilder/gray/200_cm/dtm_112623.tif transformiert und zugeschnitten
2015-11-18 11:24:02,991 INFO /home/barpastu/Geodaten/LV95/dtm/gradientenbilder/gray/200_cm/dtm_112624.tif transformiert und zugeschnitten
2015-11-18 11:24:03,900 INFO /home/barpastu/Geodaten/LV95/dtm/gradientenbilder/gray/200_cm/dtm_112641.tif transformiert und zugeschnitten
2015-11-18 11:24:05,379 INFO /home/barpastu/Geodaten/LV95/dtm/gradientenbilder/gray/200_cm/dtm_112642.tif transformiert und zugeschnitten
2015-11-18 11:24:06,935 INFO /home/barpastu/Geodaten/LV95/dtm/gradientenbilder/gray/200_cm/dtm_112643.tif transformiert und zugeschnitten
2015-11-18 11:24:08,372 INFO /home/barpastu/Geodaten/LV95/dtm/gradientenbilder/gray/200_cm/dtm_112644.tif transformiert und zugeschnitten
2015-11-18 11:24:09,506 INFO /home/barpastu/Geodaten/LV95/dtm/gradientenbilder/gray/200_cm/dtm_112711.tif transformiert und zugeschnitten
2015-11-18 11:24:10,366 INFO /home/barpastu/Geodaten/LV95/dtm/gradientenbilder/gray/200_cm/dtm_112712.tif transformiert und zugeschnitten
2015-11-18 11:24:11,775 INFO /home/barpastu/Geodaten/LV95/dtm/gradientenbilder/gray/200_cm/dtm_112713.tif transformiert und zugeschnitten
2015-11-18 11:24:13,424 INFO /home/barpastu/Geodaten/LV95/dtm/gradientenbilder/gray/200_cm/dtm_112714.tif transformiert und zugeschnitten
2015-11-18 11:24:14,871 INFO /home/barpastu/Geodaten/LV95/dtm/gradientenbilder/gray/200_cm/dtm_112721.tif transformiert und zugeschnitten
2015-11-18 11:24:15,877 INFO /home/barpastu/Geodaten/LV95/dtm/gradientenbilder/gray/200_cm/dtm_112722.tif transformiert und zugeschnitten
2015-11-18 11:24:16,703 INFO /home/barpastu/Geodaten/LV95/dtm/gradientenbilder/gray/200_cm/dtm_112723.tif transformiert und zugeschnitten
2015-11-18 11:24:17,946 INFO /home/barpastu/Geodaten/LV95/dtm/gradientenbilder/gray/200_cm/dtm_112724.tif transformiert und zugeschnitten
2015-11-18 11:24:19,621 INFO /home/barpastu/Geodaten/LV95/dtm/gradientenbilder/gray/200_cm/dtm_112731.tif transformiert und zugeschnitten
2015-11-18 11:24:21,459 INFO /home/barpastu/Geodaten/LV95/dtm/gradientenbilder/gray/200_cm/dtm_112732.tif transformiert und zugeschnitten
2015-11-18 11:24:22,686 INFO /home/barpastu/Geodaten/LV95/dtm/gradientenbilder/gray/200_cm/dtm_112733.tif transformiert und zugeschnitten
2015-11-18 11:24:23,513 INFO /home/barpastu/Geodaten/LV95/dtm/gradientenbilder/gray/200_cm/dtm_112741.tif transformiert und zugeschnitten
2015-11-18 11:24:24,375 INFO /home/barpastu/Geodaten/LV95/dtm/gradientenbilder/gray/200_cm/dtm_112742.tif transformiert und zugeschnitten
2015-11-18 11:24:25,750 INFO /home/barpastu/Geodaten/LV95/dtm/gradientenbilder/gray/200_cm/dtm_114621.tif transformiert und zugeschnitten
2015-11-18 11:24:27,286 INFO /home/barpastu/Geodaten/LV95/dtm/gradientenbilder/gray/200_cm/dtm_114622.tif transformiert und zugeschnitten
2015-11-18 11:24:28,751 INFO /home/barpastu/Geodaten/LV95/dtm/gradientenbilder/gray/200_cm/dtm_114624.tif transformiert und zugeschnitten
2015-11-18 11:24:29,741 INFO /home/barpastu/Geodaten/LV95/dtm/gradientenbilder/gray/200_cm/dtm_114711.tif transformiert und zugeschnitten
2015-11-18 11:24:30,482 INFO /home/barpastu/Geodaten/LV95/dtm/gradientenbilder/gray/200_cm/dtm_114713.tif transformiert und zugeschnitten
2015-11-18 11:24:31,668 INFO Anteil falscher Pixelwerte: 100
2015-11-18 11:24:34,401 INFO Anteil falscher Pixelwerte: 100
2015-11-18 11:24:34,824 INFO Anteil falscher Pixelwerte: 100
2015-11-18 11:24:37,787 INFO Anteil falscher Pixelwerte: 100
2015-11-18 11:24:39,968 INFO Anteil falscher Pixelwerte: 100
2015-11-18 11:24:42,353 INFO Anteil falscher Pixelwerte: 100
2015-11-18 11:24:45,574 INFO Anteil falscher Pixelwerte: 100
2015-11-18 11:24:48,185 INFO Anteil falscher Pixelwerte: 100
2015-11-18 11:24:51,046 INFO Anteil falscher Pixelwerte: 100
2015-11-18 11:24:53,207 INFO Anteil falscher Pixelwerte: 100
2015-11-18 11:24:56,635 INFO Anteil falscher Pixelwerte: 100
2015-11-18 11:24:58,927 INFO Anteil falscher Pixelwerte: 100
2015-11-18 11:25:01,591 INFO Anteil falscher Pixelwerte: 100
2015-11-18 11:25:04,676 INFO Anteil falscher Pixelwerte: 100
2015-11-18 11:25:06,964 INFO Anteil falscher Pixelwerte: 100
2015-11-18 11:25:10,902 INFO Anteil falscher Pixelwerte: 100
2015-11-18 11:25:13,539 INFO Anteil falscher Pixelwerte: 100
2015-11-18 11:25:16,460 INFO Anteil falscher Pixelwerte: 100
2015-11-18 11:25:19,736 INFO Anteil falscher Pixelwerte: 100
2015-11-18 11:25:21,866 INFO Anteil falscher Pixelwerte: 100
2015-11-18 11:25:24,832 INFO Anteil falscher Pixelwerte: 100
2015-11-18 11:25:27,782 INFO Anteil falscher Pixelwerte: 100
2015-11-18 11:25:30,777 INFO Anteil falscher Pixelwerte: 100
2015-11-18 11:25:33,166 INFO Anteil falscher Pixelwerte: 100
2015-11-18 11:25:36,109 INFO Anteil falscher Pixelwerte: 100
2015-11-18 11:25:39,144 INFO Anteil falscher Pixelwerte: 100
2015-11-18 11:25:41,717 INFO Anteil falscher Pixelwerte: 100
2015-11-18 11:25:44,496 INFO Anteil falscher Pixelwerte: 100
2015-11-18 11:25:47,503 INFO Anteil falscher Pixelwerte: 100
2015-11-18 11:25:50,536 INFO Anteil falscher Pixelwerte: 100
2015-11-18 11:25:53,085 INFO Anteil falscher Pixelwerte: 100
2015-11-18 11:25:57,166 INFO Anteil falscher Pixelwerte: 100
2015-11-18 11:25:59,074 INFO Anteil falscher Pixelwerte: 100
2015-11-18 11:26:02,795 INFO Anteil falscher Pixelwerte: 100
2015-11-18 11:26:05,284 INFO Anteil falscher Pixelwerte: 100
2015-11-18 11:26:08,802 INFO Anteil falscher Pixelwerte: 100
2015-11-18 11:26:10,800 INFO Anteil falscher Pixelwerte: 100
2015-11-18 11:26:14,294 INFO Anteil falscher Pixelwerte: 100
2015-11-18 11:26:16,857 INFO Anteil falscher Pixelwerte: 100
2015-11-18 11:26:20,080 INFO Anteil falscher Pixelwerte: 100
2015-11-18 11:26:23,176 INFO Anteil falscher Pixelwerte: 100
2015-11-18 11:26:25,067 INFO Anteil falscher Pixelwerte: 100
2015-11-18 11:26:28,487 INFO Anteil falscher Pixelwerte: 100
2015-11-18 11:26:31,022 INFO Anteil falscher Pixelwerte: 100
2015-11-18 11:26:34,136 INFO Anteil falscher Pixelwerte: 100
2015-11-18 11:26:37,041 INFO Anteil falscher Pixelwerte: 100
2015-11-18 11:26:39,876 INFO Anteil falscher Pixelwerte: 100
2015-11-18 11:26:42,783 INFO Anteil falscher Pixelwerte: 100
2015-11-18 11:26:46,047 INFO Anteil falscher Pixelwerte: 100
2015-11-18 11:26:48,671 INFO Anteil falscher Pixelwerte: 100
2015-11-18 11:26:51,448 INFO Anteil falscher Pixelwerte: 100
2015-11-18 11:26:54,550 INFO Anteil falscher Pixelwerte: 100
2015-11-18 11:26:57,399 INFO Anteil falscher Pixelwerte: 100
2015-11-18 11:27:00,846 INFO Anteil falscher Pixelwerte: 100
2015-11-18 11:27:03,492 INFO Anteil falscher Pixelwerte: 100
2015-11-18 11:27:06,973 INFO Anteil falscher Pixelwerte: 100
2015-11-18 11:27:10,012 INFO Anteil falscher Pixelwerte: 100
2015-11-18 11:27:13,510 INFO Anteil falscher Pixelwerte: 100
2015-11-18 11:27:15,393 INFO Anteil falscher Pixelwerte: 100
2015-11-18 11:27:18,764 INFO Anteil falscher Pixelwerte: 100
2015-11-18 11:27:21,257 INFO Anteil falscher Pixelwerte: 100
2015-11-18 11:27:24,304 INFO Anteil falscher Pixelwerte: 100
2015-11-18 11:27:27,088 INFO Anteil falscher Pixelwerte: 100
2015-11-18 11:27:30,227 INFO Anteil falscher Pixelwerte: 100
2015-11-18 11:27:32,726 INFO Anteil falscher Pixelwerte: 100
2015-11-18 11:27:35,889 INFO Anteil falscher Pixelwerte: 100
2015-11-18 11:27:38,166 INFO Anteil falscher Pixelwerte: 100
2015-11-18 11:27:40,968 INFO Anteil falscher Pixelwerte: 100
2015-11-18 11:27:43,692 INFO Anteil falscher Pixelwerte: 100
2015-11-18 11:27:46,240 INFO Anteil falscher Pixelwerte: 100
2015-11-18 11:27:49,424 INFO Anteil falscher Pixelwerte: 100
2015-11-18 11:27:52,254 INFO Anteil falscher Pixelwerte: 100
2015-11-18 11:27:55,013 INFO Anteil falscher Pixelwerte: 100
2015-11-18 11:27:57,271 INFO Anteil falscher Pixelwerte: 100
2015-11-18 11:28:00,449 INFO Anteil falscher Pixelwerte: 100
2015-11-18 11:28:02,537 INFO Anteil falscher Pixelwerte: 100
2015-11-18 11:28:04,350 INFO Anteil falscher Pixelwerte: 100
2015-11-18 11:28:07,617 INFO Anteil falscher Pixelwerte: 100
2015-11-18 11:28:09,698 INFO Anteil falscher Pixelwerte: 100
2015-11-18 11:28:12,518 INFO Anteil falscher Pixelwerte: 100
2015-11-18 11:28:15,100 INFO Anteil falscher Pixelwerte: 100
2015-11-18 11:28:18,100 INFO Anteil falscher Pixelwerte: 100
2015-11-18 11:28:21,068 INFO Anteil falscher Pixelwerte: 100
2015-11-18 11:28:23,537 INFO Anteil falscher Pixelwerte: 100
2015-11-18 11:28:26,660 INFO Anteil falscher Pixelwerte: 100
2015-11-18 11:28:29,885 INFO Anteil falscher Pixelwerte: 100
2015-11-18 11:28:32,896 INFO Anteil falscher Pixelwerte: 100
2015-11-18 11:28:35,978 INFO Anteil falscher Pixelwerte: 100
2015-11-18 11:28:39,079 INFO Anteil falscher Pixelwerte: 100
2015-11-18 11:28:41,803 INFO Anteil falscher Pixelwerte: 100
2015-11-18 11:28:45,077 INFO Anteil falscher Pixelwerte: 100
2015-11-18 11:28:47,369 INFO Anteil falscher Pixelwerte: 100
2015-11-18 11:28:49,718 INFO Anteil falscher Pixelwerte: 100
2015-11-18 11:28:52,887 INFO Anteil falscher Pixelwerte: 100
2015-11-18 11:28:55,135 INFO Anteil falscher Pixelwerte: 100
2015-11-18 11:28:58,545 INFO Anteil falscher Pixelwerte: 100
2015-11-18 11:29:29,141 INFO Start dtm Gradientenbild
2015-11-18 11:29:31,810 INFO Ende
2015-11-18 11:30:10,440 INFO Start dtm Gradientenbild
2015-11-18 11:33:45,860 INFO /home/barpastu/Geodaten/LV95/dtm/gradientenbilder/gray/200_cm/dtm_106624.tif transformiert und zugeschnitten
2015-11-18 11:33:46,526 INFO /home/barpastu/Geodaten/LV95/dtm/gradientenbilder/gray/200_cm/dtm_106642.tif transformiert und zugeschnitten
2015-11-18 11:33:47,061 INFO /home/barpastu/Geodaten/LV95/dtm/gradientenbilder/gray/200_cm/dtm_106643.tif transformiert und zugeschnitten
2015-11-18 11:33:47,740 INFO /home/barpastu/Geodaten/LV95/dtm/gradientenbilder/gray/200_cm/dtm_106644.tif transformiert und zugeschnitten
2015-11-18 11:33:48,160 INFO /home/barpastu/Geodaten/LV95/dtm/gradientenbilder/gray/200_cm/dtm_106713.tif transformiert und zugeschnitten
2015-11-18 11:33:49,226 INFO /home/barpastu/Geodaten/LV95/dtm/gradientenbilder/gray/200_cm/dtm_106714.tif transformiert und zugeschnitten
2015-11-18 11:33:50,704 INFO /home/barpastu/Geodaten/LV95/dtm/gradientenbilder/gray/200_cm/dtm_106724.tif transformiert und zugeschnitten
2015-11-18 11:33:52,174 INFO /home/barpastu/Geodaten/LV95/dtm/gradientenbilder/gray/200_cm/dtm_106731.tif transformiert und zugeschnitten
2015-11-18 11:33:53,710 INFO /home/barpastu/Geodaten/LV95/dtm/gradientenbilder/gray/200_cm/dtm_106732.tif transformiert und zugeschnitten
2015-11-18 11:33:54,414 INFO /home/barpastu/Geodaten/LV95/dtm/gradientenbilder/gray/200_cm/dtm_106733.tif transformiert und zugeschnitten
2015-11-18 11:33:55,309 INFO /home/barpastu/Geodaten/LV95/dtm/gradientenbilder/gray/200_cm/dtm_106734.tif transformiert und zugeschnitten
2015-11-18 11:33:56,610 INFO /home/barpastu/Geodaten/LV95/dtm/gradientenbilder/gray/200_cm/dtm_106741.tif transformiert und zugeschnitten
2015-11-18 11:33:57,626 INFO /home/barpastu/Geodaten/LV95/dtm/gradientenbilder/gray/200_cm/dtm_106742.tif transformiert und zugeschnitten
2015-11-18 11:33:58,331 INFO /home/barpastu/Geodaten/LV95/dtm/gradientenbilder/gray/200_cm/dtm_106743.tif transformiert und zugeschnitten
2015-11-18 11:33:58,825 INFO /home/barpastu/Geodaten/LV95/dtm/gradientenbilder/gray/200_cm/dtm_106744.tif transformiert und zugeschnitten
2015-11-18 11:33:59,727 INFO /home/barpastu/Geodaten/LV95/dtm/gradientenbilder/gray/200_cm/dtm_106831.tif transformiert und zugeschnitten
2015-11-18 11:34:01,403 INFO /home/barpastu/Geodaten/LV95/dtm/gradientenbilder/gray/200_cm/dtm_106931.tif transformiert und zugeschnitten
2015-11-18 11:34:02,996 INFO /home/barpastu/Geodaten/LV95/dtm/gradientenbilder/gray/200_cm/dtm_106933.tif transformiert und zugeschnitten
2015-11-18 11:34:04,320 INFO /home/barpastu/Geodaten/LV95/dtm/gradientenbilder/gray/200_cm/dtm_108621.tif transformiert und zugeschnitten
2015-11-18 11:34:05,348 INFO /home/barpastu/Geodaten/LV95/dtm/gradientenbilder/gray/200_cm/dtm_108622.tif transformiert und zugeschnitten
2015-11-18 11:34:06,286 INFO /home/barpastu/Geodaten/LV95/dtm/gradientenbilder/gray/200_cm/dtm_108624.tif transformiert und zugeschnitten
2015-11-18 11:34:08,008 INFO /home/barpastu/Geodaten/LV95/dtm/gradientenbilder/gray/200_cm/dtm_108642.tif transformiert und zugeschnitten
2015-11-18 11:34:10,034 INFO /home/barpastu/Geodaten/LV95/dtm/gradientenbilder/gray/200_cm/dtm_108711.tif transformiert und zugeschnitten
2015-11-18 11:34:10,954 INFO /home/barpastu/Geodaten/LV95/dtm/gradientenbilder/gray/200_cm/dtm_108712.tif transformiert und zugeschnitten
2015-11-18 11:34:11,561 INFO /home/barpastu/Geodaten/LV95/dtm/gradientenbilder/gray/200_cm/dtm_108713.tif transformiert und zugeschnitten
2015-11-18 11:34:12,174 INFO /home/barpastu/Geodaten/LV95/dtm/gradientenbilder/gray/200_cm/dtm_108714.tif transformiert und zugeschnitten
2015-11-18 11:34:12,692 INFO /home/barpastu/Geodaten/LV95/dtm/gradientenbilder/gray/200_cm/dtm_108721.tif transformiert und zugeschnitten
2015-11-18 11:34:13,209 INFO /home/barpastu/Geodaten/LV95/dtm/gradientenbilder/gray/200_cm/dtm_108722.tif transformiert und zugeschnitten
2015-11-18 11:34:13,751 INFO /home/barpastu/Geodaten/LV95/dtm/gradientenbilder/gray/200_cm/dtm_108723.tif transformiert und zugeschnitten
2015-11-18 11:34:14,991 INFO /home/barpastu/Geodaten/LV95/dtm/gradientenbilder/gray/200_cm/dtm_108724.tif transformiert und zugeschnitten
2015-11-18 11:34:15,518 INFO /home/barpastu/Geodaten/LV95/dtm/gradientenbilder/gray/200_cm/dtm_108731.tif transformiert und zugeschnitten
2015-11-18 11:34:16,053 INFO /home/barpastu/Geodaten/LV95/dtm/gradientenbilder/gray/200_cm/dtm_108732.tif transformiert und zugeschnitten
2015-11-18 11:34:16,619 INFO /home/barpastu/Geodaten/LV95/dtm/gradientenbilder/gray/200_cm/dtm_108734.tif transformiert und zugeschnitten
2015-11-18 11:34:17,698 INFO /home/barpastu/Geodaten/LV95/dtm/gradientenbilder/gray/200_cm/dtm_108741.tif transformiert und zugeschnitten
2015-11-18 11:34:19,263 INFO /home/barpastu/Geodaten/LV95/dtm/gradientenbilder/gray/200_cm/dtm_108742.tif transformiert und zugeschnitten
2015-11-18 11:34:20,668 INFO /home/barpastu/Geodaten/LV95/dtm/gradientenbilder/gray/200_cm/dtm_108743.tif transformiert und zugeschnitten
2015-11-18 11:34:21,940 INFO /home/barpastu/Geodaten/LV95/dtm/gradientenbilder/gray/200_cm/dtm_108744.tif transformiert und zugeschnitten
2015-11-18 11:34:23,466 INFO /home/barpastu/Geodaten/LV95/dtm/gradientenbilder/gray/200_cm/dtm_108822.tif transformiert und zugeschnitten
2015-11-18 11:34:24,831 INFO /home/barpastu/Geodaten/LV95/dtm/gradientenbilder/gray/200_cm/dtm_108823.tif transformiert und zugeschnitten
2015-11-18 11:34:25,983 INFO /home/barpastu/Geodaten/LV95/dtm/gradientenbilder/gray/200_cm/dtm_108824.tif transformiert und zugeschnitten
2015-11-18 11:34:27,253 INFO /home/barpastu/Geodaten/LV95/dtm/gradientenbilder/gray/200_cm/dtm_108831.tif transformiert und zugeschnitten
2015-11-18 11:34:28,607 INFO /home/barpastu/Geodaten/LV95/dtm/gradientenbilder/gray/200_cm/dtm_108832.tif transformiert und zugeschnitten
2015-11-18 11:34:30,147 INFO /home/barpastu/Geodaten/LV95/dtm/gradientenbilder/gray/200_cm/dtm_108833.tif transformiert und zugeschnitten
2015-11-18 11:34:31,652 INFO /home/barpastu/Geodaten/LV95/dtm/gradientenbilder/gray/200_cm/dtm_108834.tif transformiert und zugeschnitten
2015-11-18 11:34:32,509 INFO /home/barpastu/Geodaten/LV95/dtm/gradientenbilder/gray/200_cm/dtm_108841.tif transformiert und zugeschnitten
2015-11-18 11:34:33,436 INFO /home/barpastu/Geodaten/LV95/dtm/gradientenbilder/gray/200_cm/dtm_108842.tif transformiert und zugeschnitten
2015-11-18 11:34:35,000 INFO /home/barpastu/Geodaten/LV95/dtm/gradientenbilder/gray/200_cm/dtm_108843.tif transformiert und zugeschnitten
2015-11-18 11:34:36,485 INFO /home/barpastu/Geodaten/LV95/dtm/gradientenbilder/gray/200_cm/dtm_108844.tif transformiert und zugeschnitten
2015-11-18 11:34:37,838 INFO /home/barpastu/Geodaten/LV95/dtm/gradientenbilder/gray/200_cm/dtm_108911.tif transformiert und zugeschnitten
2015-11-18 11:34:38,632 INFO /home/barpastu/Geodaten/LV95/dtm/gradientenbilder/gray/200_cm/dtm_108912.tif transformiert und zugeschnitten
2015-11-18 11:34:39,500 INFO /home/barpastu/Geodaten/LV95/dtm/gradientenbilder/gray/200_cm/dtm_108913.tif transformiert und zugeschnitten
2015-11-18 11:34:40,363 INFO /home/barpastu/Geodaten/LV95/dtm/gradientenbilder/gray/200_cm/dtm_108914.tif transformiert und zugeschnitten
2015-11-18 11:34:41,943 INFO /home/barpastu/Geodaten/LV95/dtm/gradientenbilder/gray/200_cm/dtm_108931.tif transformiert und zugeschnitten
2015-11-18 11:34:44,027 INFO /home/barpastu/Geodaten/LV95/dtm/gradientenbilder/gray/200_cm/dtm_108932.tif transformiert und zugeschnitten
2015-11-18 11:34:45,223 INFO /home/barpastu/Geodaten/LV95/dtm/gradientenbilder/gray/200_cm/dtm_108933.tif transformiert und zugeschnitten
2015-11-18 11:34:46,834 INFO /home/barpastu/Geodaten/LV95/dtm/gradientenbilder/gray/200_cm/dtm_108934.tif transformiert und zugeschnitten
2015-11-18 11:34:47,409 INFO /home/barpastu/Geodaten/LV95/dtm/gradientenbilder/gray/200_cm/dtm_110634.tif transformiert und zugeschnitten
2015-11-18 11:34:48,013 INFO /home/barpastu/Geodaten/LV95/dtm/gradientenbilder/gray/200_cm/dtm_110642.tif transformiert und zugeschnitten
2015-11-18 11:34:48,567 INFO /home/barpastu/Geodaten/LV95/dtm/gradientenbilder/gray/200_cm/dtm_110643.tif transformiert und zugeschnitten
2015-11-18 11:34:49,446 INFO /home/barpastu/Geodaten/LV95/dtm/gradientenbilder/gray/200_cm/dtm_110644.tif transformiert und zugeschnitten
2015-11-18 11:34:50,935 INFO /home/barpastu/Geodaten/LV95/dtm/gradientenbilder/gray/200_cm/dtm_110712.tif transformiert und zugeschnitten
2015-11-18 11:34:52,534 INFO /home/barpastu/Geodaten/LV95/dtm/gradientenbilder/gray/200_cm/dtm_110713.tif transformiert und zugeschnitten
2015-11-18 11:34:54,034 INFO /home/barpastu/Geodaten/LV95/dtm/gradientenbilder/gray/200_cm/dtm_110714.tif transformiert und zugeschnitten
2015-11-18 11:34:55,009 INFO /home/barpastu/Geodaten/LV95/dtm/gradientenbilder/gray/200_cm/dtm_110721.tif transformiert und zugeschnitten
2015-11-18 11:34:55,840 INFO /home/barpastu/Geodaten/LV95/dtm/gradientenbilder/gray/200_cm/dtm_110722.tif transformiert und zugeschnitten
2015-11-18 11:34:57,270 INFO /home/barpastu/Geodaten/LV95/dtm/gradientenbilder/gray/200_cm/dtm_110723.tif transformiert und zugeschnitten
2015-11-18 11:34:58,565 INFO /home/barpastu/Geodaten/LV95/dtm/gradientenbilder/gray/200_cm/dtm_110724.tif transformiert und zugeschnitten
2015-11-18 11:34:59,811 INFO /home/barpastu/Geodaten/LV95/dtm/gradientenbilder/gray/200_cm/dtm_110731.tif transformiert und zugeschnitten
2015-11-18 11:35:01,013 INFO /home/barpastu/Geodaten/LV95/dtm/gradientenbilder/gray/200_cm/dtm_110732.tif transformiert und zugeschnitten
2015-11-18 11:35:02,319 INFO /home/barpastu/Geodaten/LV95/dtm/gradientenbilder/gray/200_cm/dtm_110733.tif transformiert und zugeschnitten
2015-11-18 11:35:03,603 INFO /home/barpastu/Geodaten/LV95/dtm/gradientenbilder/gray/200_cm/dtm_110734.tif transformiert und zugeschnitten
2015-11-18 11:35:04,511 INFO /home/barpastu/Geodaten/LV95/dtm/gradientenbilder/gray/200_cm/dtm_110741.tif transformiert und zugeschnitten
2015-11-18 11:35:05,365 INFO /home/barpastu/Geodaten/LV95/dtm/gradientenbilder/gray/200_cm/dtm_110743.tif transformiert und zugeschnitten
2015-11-18 11:35:06,315 INFO /home/barpastu/Geodaten/LV95/dtm/gradientenbilder/gray/200_cm/dtm_110744.tif transformiert und zugeschnitten
2015-11-18 11:35:07,699 INFO /home/barpastu/Geodaten/LV95/dtm/gradientenbilder/gray/200_cm/dtm_110811.tif transformiert und zugeschnitten
2015-11-18 11:35:09,382 INFO /home/barpastu/Geodaten/LV95/dtm/gradientenbilder/gray/200_cm/dtm_110812.tif transformiert und zugeschnitten
2015-11-18 11:35:10,975 INFO /home/barpastu/Geodaten/LV95/dtm/gradientenbilder/gray/200_cm/dtm_110813.tif transformiert und zugeschnitten
2015-11-18 11:35:11,793 INFO /home/barpastu/Geodaten/LV95/dtm/gradientenbilder/gray/200_cm/dtm_110814.tif transformiert und zugeschnitten
2015-11-18 11:35:12,536 INFO /home/barpastu/Geodaten/LV95/dtm/gradientenbilder/gray/200_cm/dtm_110821.tif transformiert und zugeschnitten
2015-11-18 11:35:13,323 INFO /home/barpastu/Geodaten/LV95/dtm/gradientenbilder/gray/200_cm/dtm_110822.tif transformiert und zugeschnitten
2015-11-18 11:35:14,827 INFO /home/barpastu/Geodaten/LV95/dtm/gradientenbilder/gray/200_cm/dtm_110823.tif transformiert und zugeschnitten
2015-11-18 11:35:16,445 INFO /home/barpastu/Geodaten/LV95/dtm/gradientenbilder/gray/200_cm/dtm_110831.tif transformiert und zugeschnitten
2015-11-18 11:35:18,015 INFO /home/barpastu/Geodaten/LV95/dtm/gradientenbilder/gray/200_cm/dtm_110832.tif transformiert und zugeschnitten
2015-11-18 11:35:18,983 INFO /home/barpastu/Geodaten/LV95/dtm/gradientenbilder/gray/200_cm/dtm_110841.tif transformiert und zugeschnitten
2015-11-18 11:35:19,742 INFO /home/barpastu/Geodaten/LV95/dtm/gradientenbilder/gray/200_cm/dtm_110911.tif transformiert und zugeschnitten
2015-11-18 11:35:20,498 INFO /home/barpastu/Geodaten/LV95/dtm/gradientenbilder/gray/200_cm/dtm_112612.tif transformiert und zugeschnitten
2015-11-18 11:35:21,706 INFO /home/barpastu/Geodaten/LV95/dtm/gradientenbilder/gray/200_cm/dtm_112614.tif transformiert und zugeschnitten
2015-11-18 11:35:23,214 INFO /home/barpastu/Geodaten/LV95/dtm/gradientenbilder/gray/200_cm/dtm_112621.tif transformiert und zugeschnitten
2015-11-18 11:35:25,399 INFO /home/barpastu/Geodaten/LV95/dtm/gradientenbilder/gray/200_cm/dtm_112622.tif transformiert und zugeschnitten
2015-11-18 11:35:26,373 INFO /home/barpastu/Geodaten/LV95/dtm/gradientenbilder/gray/200_cm/dtm_112623.tif transformiert und zugeschnitten
2015-11-18 11:35:27,270 INFO /home/barpastu/Geodaten/LV95/dtm/gradientenbilder/gray/200_cm/dtm_112624.tif transformiert und zugeschnitten
2015-11-18 11:35:28,453 INFO /home/barpastu/Geodaten/LV95/dtm/gradientenbilder/gray/200_cm/dtm_112641.tif transformiert und zugeschnitten
2015-11-18 11:35:29,886 INFO /home/barpastu/Geodaten/LV95/dtm/gradientenbilder/gray/200_cm/dtm_112642.tif transformiert und zugeschnitten
2015-11-18 11:35:31,519 INFO /home/barpastu/Geodaten/LV95/dtm/gradientenbilder/gray/200_cm/dtm_112643.tif transformiert und zugeschnitten
2015-11-18 11:35:32,796 INFO /home/barpastu/Geodaten/LV95/dtm/gradientenbilder/gray/200_cm/dtm_112644.tif transformiert und zugeschnitten
2015-11-18 11:35:33,935 INFO /home/barpastu/Geodaten/LV95/dtm/gradientenbilder/gray/200_cm/dtm_112711.tif transformiert und zugeschnitten
2015-11-18 11:35:35,561 INFO /home/barpastu/Geodaten/LV95/dtm/gradientenbilder/gray/200_cm/dtm_112712.tif transformiert und zugeschnitten
2015-11-18 11:35:36,837 INFO /home/barpastu/Geodaten/LV95/dtm/gradientenbilder/gray/200_cm/dtm_112713.tif transformiert und zugeschnitten
2015-11-18 11:35:38,117 INFO /home/barpastu/Geodaten/LV95/dtm/gradientenbilder/gray/200_cm/dtm_112714.tif transformiert und zugeschnitten
2015-11-18 11:35:39,613 INFO /home/barpastu/Geodaten/LV95/dtm/gradientenbilder/gray/200_cm/dtm_112721.tif transformiert und zugeschnitten
2015-11-18 11:35:41,349 INFO /home/barpastu/Geodaten/LV95/dtm/gradientenbilder/gray/200_cm/dtm_112722.tif transformiert und zugeschnitten
2015-11-18 11:35:42,540 INFO /home/barpastu/Geodaten/LV95/dtm/gradientenbilder/gray/200_cm/dtm_112723.tif transformiert und zugeschnitten
2015-11-18 11:35:43,291 INFO /home/barpastu/Geodaten/LV95/dtm/gradientenbilder/gray/200_cm/dtm_112724.tif transformiert und zugeschnitten
2015-11-18 11:35:44,185 INFO /home/barpastu/Geodaten/LV95/dtm/gradientenbilder/gray/200_cm/dtm_112731.tif transformiert und zugeschnitten
2015-11-18 11:35:45,074 INFO /home/barpastu/Geodaten/LV95/dtm/gradientenbilder/gray/200_cm/dtm_112732.tif transformiert und zugeschnitten
2015-11-18 11:35:46,807 INFO /home/barpastu/Geodaten/LV95/dtm/gradientenbilder/gray/200_cm/dtm_112733.tif transformiert und zugeschnitten
2015-11-18 11:35:48,317 INFO /home/barpastu/Geodaten/LV95/dtm/gradientenbilder/gray/200_cm/dtm_112741.tif transformiert und zugeschnitten
2015-11-18 11:35:49,661 INFO /home/barpastu/Geodaten/LV95/dtm/gradientenbilder/gray/200_cm/dtm_112742.tif transformiert und zugeschnitten
2015-11-18 11:35:50,460 INFO /home/barpastu/Geodaten/LV95/dtm/gradientenbilder/gray/200_cm/dtm_114621.tif transformiert und zugeschnitten
2015-11-18 11:35:51,407 INFO /home/barpastu/Geodaten/LV95/dtm/gradientenbilder/gray/200_cm/dtm_114622.tif transformiert und zugeschnitten
2015-11-18 11:35:52,463 INFO /home/barpastu/Geodaten/LV95/dtm/gradientenbilder/gray/200_cm/dtm_114624.tif transformiert und zugeschnitten
2015-11-18 11:35:53,950 INFO /home/barpastu/Geodaten/LV95/dtm/gradientenbilder/gray/200_cm/dtm_114711.tif transformiert und zugeschnitten
2015-11-18 11:35:55,521 INFO /home/barpastu/Geodaten/LV95/dtm/gradientenbilder/gray/200_cm/dtm_114713.tif transformiert und zugeschnitten
2015-11-18 11:35:56,831 INFO Anteil falscher Pixelwerte: 2.58328
2015-11-18 11:36:01,307 INFO Anteil falscher Pixelwerte: 0.736107
2015-11-18 11:36:07,207 INFO Anteil falscher Pixelwerte: 1.66365
2015-11-18 11:36:09,688 INFO Anteil falscher Pixelwerte: 2.44367
2015-11-18 11:36:14,734 INFO Anteil falscher Pixelwerte: 1.9391
2015-11-18 11:36:19,464 INFO Anteil falscher Pixelwerte: 0.430391
2015-11-18 11:36:24,561 INFO Anteil falscher Pixelwerte: 1.62243
2015-11-18 11:36:29,953 INFO Anteil falscher Pixelwerte: 1.0895
2015-11-18 11:36:34,831 INFO Anteil falscher Pixelwerte: 2.42045
2015-11-18 11:36:38,800 INFO Anteil falscher Pixelwerte: 2.54757
2015-11-18 11:36:43,615 INFO Anteil falscher Pixelwerte: 3.16167
2015-11-18 11:36:48,874 INFO Anteil falscher Pixelwerte: 0.794452
2015-11-18 11:36:54,034 INFO Anteil falscher Pixelwerte: 3.21189
2015-11-18 11:36:58,816 INFO Anteil falscher Pixelwerte: 1.56226
2015-11-18 11:37:03,769 INFO Anteil falscher Pixelwerte: 2.10588
2015-11-18 11:37:07,982 INFO Anteil falscher Pixelwerte: 1.56631
2015-11-18 11:37:12,897 INFO Anteil falscher Pixelwerte: 2.26615
2015-11-18 11:37:18,940 INFO Anteil falscher Pixelwerte: 0.755789
2015-11-18 11:37:23,992 INFO Anteil falscher Pixelwerte: 0.617742
2015-11-18 11:37:28,160 INFO Anteil falscher Pixelwerte: 1.55035
2015-11-18 11:37:32,830 INFO Anteil falscher Pixelwerte: 0.465661
2015-11-18 11:37:37,602 INFO Anteil falscher Pixelwerte: 2.15929
2015-11-18 11:37:42,279 INFO Anteil falscher Pixelwerte: 1.44408
2015-11-18 11:37:47,178 INFO Anteil falscher Pixelwerte: 1.20567
2015-11-18 11:37:51,816 INFO Anteil falscher Pixelwerte: 1.59181
2015-11-18 11:37:56,295 INFO Anteil falscher Pixelwerte: 1.26999
2015-11-18 11:38:00,043 INFO Anteil falscher Pixelwerte: 0.428745
2015-11-18 11:38:04,935 INFO Anteil falscher Pixelwerte: 1.05183
2015-11-18 11:38:10,099 INFO Anteil falscher Pixelwerte: 0.794391
2015-11-18 11:38:14,356 INFO Anteil falscher Pixelwerte: 0.907131
2015-11-18 11:38:18,368 INFO Anteil falscher Pixelwerte: 1.13266
2015-11-18 11:38:23,541 INFO Anteil falscher Pixelwerte: 1.81985
2015-11-18 11:38:28,912 INFO Anteil falscher Pixelwerte: 1.55387
2015-11-18 11:38:33,746 INFO Anteil falscher Pixelwerte: 0.523609
2015-11-18 11:38:37,871 INFO Anteil falscher Pixelwerte: 2.40162
2015-11-18 11:38:42,735 INFO Anteil falscher Pixelwerte: 1.4314
2015-11-18 11:38:47,229 INFO Anteil falscher Pixelwerte: 0.415273
2015-11-18 11:38:51,609 INFO Anteil falscher Pixelwerte: 1.20527
2015-11-18 11:38:56,376 INFO Anteil falscher Pixelwerte: 0.626795
2015-11-18 11:39:01,435 INFO Anteil falscher Pixelwerte: 0.798964
2015-11-18 11:39:06,456 INFO Anteil falscher Pixelwerte: 0.626886
2015-11-18 11:39:11,510 INFO Anteil falscher Pixelwerte: 2.07675
2015-11-18 11:39:17,074 INFO Anteil falscher Pixelwerte: 2.33974
2015-11-18 11:39:21,221 INFO Anteil falscher Pixelwerte: 1.12334
2015-11-18 11:39:26,011 INFO Anteil falscher Pixelwerte: 1.2731
2015-11-18 11:39:30,427 INFO Anteil falscher Pixelwerte: 3.88171
2015-11-18 11:39:36,244 INFO Anteil falscher Pixelwerte: 2.73208
2015-11-18 11:39:39,313 INFO Anteil falscher Pixelwerte: 0.999483
2015-11-18 11:39:44,013 INFO Anteil falscher Pixelwerte: 0.457522
2015-11-18 11:39:48,758 INFO Anteil falscher Pixelwerte: 0.929403
2015-11-18 11:39:53,987 INFO Anteil falscher Pixelwerte: 1.00052
2015-11-18 11:39:59,288 INFO Anteil falscher Pixelwerte: 1.6117
2015-11-18 11:40:04,269 INFO Anteil falscher Pixelwerte: 0.694345
2015-11-18 11:40:08,909 INFO Anteil falscher Pixelwerte: 1.72967
2015-11-18 11:40:13,650 INFO Anteil falscher Pixelwerte: 1.33019
2015-11-18 11:40:18,731 INFO Anteil falscher Pixelwerte: 1.54186
2015-11-18 11:40:22,651 INFO Anteil falscher Pixelwerte: 0.766407
2015-11-18 11:40:27,409 INFO Anteil falscher Pixelwerte: 2.06731
2015-11-18 11:40:31,678 INFO Anteil falscher Pixelwerte: 1.35257
2015-11-18 11:40:37,228 INFO Anteil falscher Pixelwerte: 0.472824
2015-11-18 11:40:42,232 INFO Anteil falscher Pixelwerte: 1.13668
2015-11-18 11:40:47,592 INFO Anteil falscher Pixelwerte: 1.19128
2015-11-18 11:40:52,265 INFO Anteil falscher Pixelwerte: 1.212
2015-11-18 11:40:56,689 INFO Anteil falscher Pixelwerte: 1.10264
2015-11-18 11:41:01,030 INFO Anteil falscher Pixelwerte: 1.45317
2015-11-18 11:41:05,873 INFO Anteil falscher Pixelwerte: 0.679074
2015-11-18 11:41:11,200 INFO Anteil falscher Pixelwerte: 1.16009
2015-11-18 11:41:15,281 INFO Anteil falscher Pixelwerte: 1.2331
2015-11-18 11:41:18,462 INFO Anteil falscher Pixelwerte: 2.97136
2015-11-18 11:41:23,390 INFO Anteil falscher Pixelwerte: 2.5791
2015-11-18 11:41:27,547 INFO Anteil falscher Pixelwerte: 1.72964
2015-11-18 11:41:32,537 INFO Anteil falscher Pixelwerte: 2.04588
2015-11-18 11:41:37,112 INFO Anteil falscher Pixelwerte: 1.59506
2015-11-18 11:41:42,077 INFO Anteil falscher Pixelwerte: 0.855119
2015-11-18 11:41:47,165 INFO Anteil falscher Pixelwerte: 1.17945
2015-11-18 11:41:50,757 INFO Anteil falscher Pixelwerte: 1.40073
2015-11-18 11:41:55,626 INFO Anteil falscher Pixelwerte: 0.755099
2015-11-18 11:41:59,817 INFO Anteil falscher Pixelwerte: 1.2234
2015-11-18 11:42:04,296 INFO Anteil falscher Pixelwerte: 1.77467
2015-11-18 11:42:08,190 INFO Anteil falscher Pixelwerte: 0.489549
2015-11-18 11:42:12,764 INFO Anteil falscher Pixelwerte: 0.904723
2015-11-18 11:42:17,939 INFO Anteil falscher Pixelwerte: 0.888797
2015-11-18 11:42:24,079 INFO Anteil falscher Pixelwerte: 1.36374
2015-11-18 11:42:29,946 INFO Anteil falscher Pixelwerte: 1.74501
2015-11-18 11:42:34,229 INFO Anteil falscher Pixelwerte: 0.387623
2015-11-18 11:42:38,140 INFO Anteil falscher Pixelwerte: 0.926963
2015-11-18 11:42:43,086 INFO Anteil falscher Pixelwerte: 1.23004
2015-11-18 11:42:48,297 INFO Anteil falscher Pixelwerte: 0.967352
2015-11-18 11:42:54,231 INFO Anteil falscher Pixelwerte: 1.17904
2015-11-18 11:42:58,959 INFO Anteil falscher Pixelwerte: 1.12355
2015-11-18 11:43:03,678 INFO Anteil falscher Pixelwerte: 0.699269
2015-11-18 11:43:09,070 INFO Anteil falscher Pixelwerte: 0.528151
2015-11-18 11:43:13,743 INFO Anteil falscher Pixelwerte: 1.1067
2015-11-18 11:43:17,263 INFO Anteil falscher Pixelwerte: 1.07456
2015-11-18 11:43:22,458 INFO Anteil falscher Pixelwerte: 2.48559
2015-11-18 11:43:27,186 INFO Anteil falscher Pixelwerte: 1.51806
2015-11-18 11:43:34,810 INFO Anteil falscher Pixelwerte: 1.51149
2015-11-18 11:43:39,819 INFO Anteil falscher Pixelwerte: 1.68588
2015-11-18 11:43:44,144 INFO Anteil falscher Pixelwerte: 1.45615
2015-11-18 11:43:49,017 INFO Anteil falscher Pixelwerte: 0.761378
2015-11-18 11:43:56,125 INFO Anteil falscher Pixelwerte: 1.10823
2015-11-18 11:44:01,404 INFO Anteil falscher Pixelwerte: 0.714891
2015-11-18 11:44:07,520 INFO Anteil falscher Pixelwerte: 1.20262
2015-11-18 11:44:12,758 INFO Anteil falscher Pixelwerte: 1.19537
2015-11-18 11:44:18,185 INFO Anteil falscher Pixelwerte: 1.47508
2015-11-18 11:44:23,937 INFO Anteil falscher Pixelwerte: 1.04832
2015-11-18 11:44:28,889 INFO Anteil falscher Pixelwerte: 0.450541
2015-11-18 11:44:32,695 INFO Anteil falscher Pixelwerte: 1.07885
2015-11-18 11:44:37,283 INFO Anteil falscher Pixelwerte: 0.649902
2015-11-18 11:44:42,253 INFO Anteil falscher Pixelwerte: 0.441274
2015-11-18 11:44:46,043 INFO Anteil falscher Pixelwerte: 0.840676
2015-11-18 11:44:51,320 INFO Anteil falscher Pixelwerte: 0.585496
2015-11-18 11:44:51,331 INFO Ende
