2015-11-16 15:50:43,741 INFO Start 1993
2015-11-16 16:04:07,365 INFO /home/barpastu/Geodaten/LV95/orthofoto/1993/sw/70cm/25921224_70cm.tif transformiert und zugeschnitten
2015-11-16 16:04:13,897 INFO /home/barpastu/Geodaten/LV95/orthofoto/1993/sw/70cm/25941213_70cm.tif transformiert und zugeschnitten
2015-11-16 16:04:16,630 INFO /home/barpastu/Geodaten/LV95/orthofoto/1993/sw/70cm/25941229_70cm.tif transformiert und zugeschnitten
2015-11-16 16:04:19,059 INFO /home/barpastu/Geodaten/LV95/orthofoto/1993/sw/70cm/25951219_70cm.tif transformiert und zugeschnitten
2015-11-16 16:04:21,927 INFO /home/barpastu/Geodaten/LV95/orthofoto/1993/sw/70cm/25951251_70cm.tif transformiert und zugeschnitten
2015-11-16 16:04:28,579 INFO /home/barpastu/Geodaten/LV95/orthofoto/1993/sw/70cm/25981255_70cm.tif transformiert und zugeschnitten
2015-11-16 16:04:33,384 INFO /home/barpastu/Geodaten/LV95/orthofoto/1993/sw/70cm/25991213_70cm.tif transformiert und zugeschnitten
2015-11-16 16:04:36,463 INFO /home/barpastu/Geodaten/LV95/orthofoto/1993/sw/70cm/25991219_70cm.tif transformiert und zugeschnitten
2015-11-16 16:04:40,037 INFO /home/barpastu/Geodaten/LV95/orthofoto/1993/sw/70cm/25991224_70cm.tif transformiert und zugeschnitten
2015-11-16 16:04:44,067 INFO /home/barpastu/Geodaten/LV95/orthofoto/1993/sw/70cm/25991229_70cm.tif transformiert und zugeschnitten
2015-11-16 16:04:46,734 INFO /home/barpastu/Geodaten/LV95/orthofoto/1993/sw/70cm/25991246_70cm.tif transformiert und zugeschnitten
2015-11-16 16:04:48,041 INFO /home/barpastu/Geodaten/LV95/orthofoto/1993/sw/70cm/26021234_70cm.tif transformiert und zugeschnitten
2015-11-16 16:04:51,253 INFO /home/barpastu/Geodaten/LV95/orthofoto/1993/sw/70cm/26041219_70cm.tif transformiert und zugeschnitten
2015-11-16 16:04:55,195 INFO /home/barpastu/Geodaten/LV95/orthofoto/1993/sw/70cm/26041224_70cm.tif transformiert und zugeschnitten
2015-11-16 16:04:59,443 INFO /home/barpastu/Geodaten/LV95/orthofoto/1993/sw/70cm/26041229_70cm.tif transformiert und zugeschnitten
2015-11-16 16:05:03,553 INFO /home/barpastu/Geodaten/LV95/orthofoto/1993/sw/70cm/26041234_70cm.tif transformiert und zugeschnitten
2015-11-16 16:05:09,707 INFO /home/barpastu/Geodaten/LV95/orthofoto/1993/sw/70cm/26041245_70cm.tif transformiert und zugeschnitten
2015-11-16 16:05:11,277 INFO /home/barpastu/Geodaten/LV95/orthofoto/1993/sw/70cm/26071239_70cm.tif transformiert und zugeschnitten
2015-11-16 16:05:13,759 INFO /home/barpastu/Geodaten/LV95/orthofoto/1993/sw/70cm/26091221_70cm.tif transformiert und zugeschnitten
2015-11-16 16:05:18,396 INFO /home/barpastu/Geodaten/LV95/orthofoto/1993/sw/70cm/26091224_70cm.tif transformiert und zugeschnitten
2015-11-16 16:05:22,743 INFO /home/barpastu/Geodaten/LV95/orthofoto/1993/sw/70cm/26091229_70cm.tif transformiert und zugeschnitten
2015-11-16 16:05:27,480 INFO /home/barpastu/Geodaten/LV95/orthofoto/1993/sw/70cm/26091234_70cm.tif transformiert und zugeschnitten
2015-11-16 16:05:34,819 INFO /home/barpastu/Geodaten/LV95/orthofoto/1993/sw/70cm/26091239_70cm.tif transformiert und zugeschnitten
2015-11-16 16:05:40,783 INFO /home/barpastu/Geodaten/LV95/orthofoto/1993/sw/70cm/26091247_70cm.tif transformiert und zugeschnitten
2015-11-16 16:05:42,705 INFO /home/barpastu/Geodaten/LV95/orthofoto/1993/sw/70cm/26121254_70cm.tif transformiert und zugeschnitten
2015-11-16 16:05:44,588 INFO /home/barpastu/Geodaten/LV95/orthofoto/1993/sw/70cm/26141222_70cm.tif transformiert und zugeschnitten
2015-11-16 16:05:46,462 INFO /home/barpastu/Geodaten/LV95/orthofoto/1993/sw/70cm/26141224_70cm.tif transformiert und zugeschnitten
2015-11-16 16:05:49,437 INFO /home/barpastu/Geodaten/LV95/orthofoto/1993/sw/70cm/26141236_70cm.tif transformiert und zugeschnitten
2015-11-16 16:05:57,329 INFO /home/barpastu/Geodaten/LV95/orthofoto/1993/sw/70cm/26141239_70cm.tif transformiert und zugeschnitten
2015-11-16 16:06:00,219 INFO /home/barpastu/Geodaten/LV95/orthofoto/1993/sw/70cm/26141250_70cm.tif transformiert und zugeschnitten
2015-11-16 16:06:04,489 INFO /home/barpastu/Geodaten/LV95/orthofoto/1993/sw/70cm/26141254_70cm.tif transformiert und zugeschnitten
2015-11-16 16:06:10,233 INFO /home/barpastu/Geodaten/LV95/orthofoto/1993/sw/70cm/26191234_70cm.tif transformiert und zugeschnitten
2015-11-16 16:06:16,559 INFO /home/barpastu/Geodaten/LV95/orthofoto/1993/sw/70cm/26191239_70cm.tif transformiert und zugeschnitten
2015-11-16 16:06:22,048 INFO /home/barpastu/Geodaten/LV95/orthofoto/1993/sw/70cm/26241233_70cm.tif transformiert und zugeschnitten
2015-11-16 16:06:27,182 INFO /home/barpastu/Geodaten/LV95/orthofoto/1993/sw/70cm/26241239_70cm.tif transformiert und zugeschnitten
2015-11-16 16:06:28,914 INFO /home/barpastu/Geodaten/LV95/orthofoto/1993/sw/70cm/26301235_70cm.tif transformiert und zugeschnitten
2015-11-16 16:06:33,513 INFO /home/barpastu/Geodaten/LV95/orthofoto/1993/sw/70cm/26301239_70cm.tif transformiert und zugeschnitten
2015-11-16 16:06:38,043 INFO /home/barpastu/Geodaten/LV95/orthofoto/1993/sw/70cm/26301245_70cm.tif transformiert und zugeschnitten
2015-11-16 16:06:41,445 INFO /home/barpastu/Geodaten/LV95/orthofoto/1993/sw/70cm/26341240_70cm.tif transformiert und zugeschnitten
2015-11-16 16:06:47,200 INFO /home/barpastu/Geodaten/LV95/orthofoto/1993/sw/70cm/26341245_70cm.tif transformiert und zugeschnitten
2015-11-16 16:06:51,138 INFO /home/barpastu/Geodaten/LV95/orthofoto/1993/sw/70cm/26371250_70cm.tif transformiert und zugeschnitten
2015-11-16 16:06:52,612 INFO /home/barpastu/Geodaten/LV95/orthofoto/1993/sw/70cm/26391241_70cm.tif transformiert und zugeschnitten
2015-11-16 16:06:56,751 INFO /home/barpastu/Geodaten/LV95/orthofoto/1993/sw/70cm/26401245_70cm.tif transformiert und zugeschnitten
2015-11-16 16:07:51,255 INFO Anteil falscher Pixelwerte: 0.00311295
2015-11-16 16:08:38,273 INFO Anteil falscher Pixelwerte: 0.00202271
2015-11-16 16:09:07,626 INFO Anteil falscher Pixelwerte: 0.000683648
2015-11-16 16:09:41,095 INFO Anteil falscher Pixelwerte: 0.000811135
2015-11-16 16:10:46,428 INFO Anteil falscher Pixelwerte: 0.000187022
2015-11-16 16:11:30,888 INFO Anteil falscher Pixelwerte: 0.00137352
2015-11-16 16:12:05,384 INFO Anteil falscher Pixelwerte: 0.00273332
2015-11-16 16:12:40,471 INFO Anteil falscher Pixelwerte: 0.00159886
2015-11-16 16:13:06,144 INFO Anteil falscher Pixelwerte: 0.0183954
2015-11-16 16:13:17,960 INFO Anteil falscher Pixelwerte: 0.00179782
2015-11-16 16:13:50,230 INFO Anteil falscher Pixelwerte: 0.00353079
2015-11-16 16:14:24,537 INFO Anteil falscher Pixelwerte: 0.00903075
2015-11-16 16:14:59,436 INFO Anteil falscher Pixelwerte: 0.00669322
2015-11-16 16:15:33,776 INFO Anteil falscher Pixelwerte: 0.00550976
2015-11-16 16:16:33,647 INFO Anteil falscher Pixelwerte: 0.00307236
2015-11-16 16:16:52,090 INFO Anteil falscher Pixelwerte: 7.21338e-05
2015-11-16 16:17:14,130 INFO Anteil falscher Pixelwerte: 0.00509631
2015-11-16 16:17:48,117 INFO Anteil falscher Pixelwerte: 0.00426947
2015-11-16 16:18:25,427 INFO Anteil falscher Pixelwerte: 0.000429941
2015-11-16 16:19:00,874 INFO Anteil falscher Pixelwerte: 0.00122461
2015-11-16 16:19:56,112 INFO Anteil falscher Pixelwerte: 0.0017684
2015-11-16 16:20:43,872 INFO Anteil falscher Pixelwerte: 0.00148361
2015-11-16 16:21:01,320 INFO Anteil falscher Pixelwerte: 0.000271783
2015-11-16 16:21:22,031 INFO Anteil falscher Pixelwerte: 0.00226186
2015-11-16 16:21:43,664 INFO Anteil falscher Pixelwerte: 0.00176147
2015-11-16 16:22:06,969 INFO Anteil falscher Pixelwerte: 0.000574079
2015-11-16 16:22:58,121 INFO Anteil falscher Pixelwerte: 0.000108188
2015-11-16 16:23:20,025 INFO Anteil falscher Pixelwerte: 0.000988792
2015-11-16 16:24:02,512 INFO Anteil falscher Pixelwerte: 0.00232535
2015-11-16 16:24:42,360 INFO Anteil falscher Pixelwerte: 0.0117609
2015-11-16 16:25:28,731 INFO Anteil falscher Pixelwerte: 0.00955541
2015-11-16 16:26:10,122 INFO Anteil falscher Pixelwerte: 0.000346053
2015-11-16 16:26:57,442 INFO Anteil falscher Pixelwerte: 0.00414414
2015-11-16 16:27:13,935 INFO Anteil falscher Pixelwerte: 0.0104821
2015-11-16 16:27:48,247 INFO Anteil falscher Pixelwerte: 2.15561e-05
2015-11-16 16:28:26,892 INFO Anteil falscher Pixelwerte: 5.73275e-05
2015-11-16 16:28:55,209 INFO Anteil falscher Pixelwerte: 5.87549e-05
2015-11-16 16:29:36,770 INFO Anteil falscher Pixelwerte: 0.00236155
2015-11-16 16:30:29,725 INFO Anteil falscher Pixelwerte: 0.00498943
2015-11-16 16:30:30,057 INFO Ende
