2015-09-18 14:24:50,285 ERROR /home/barpastu/Geodaten/LV95/orthofoto/2015/rgb/12_5cm/difference/fuzz_10_26261240_12_5cm.tif weist einen Anteil von mehr als 1% falscher Pixelwerte auf. Folgender Anteil: 2.45527
2015-09-18 14:29:35,977 ERROR /home/barpastu/Geodaten/LV95/orthofoto/2015/rgb/12_5cm/difference/fuzz_10_26261245_12_5cm.tif weist einen Anteil von mehr als 1% falscher Pixelwerte auf. Folgender Anteil: 1.69471
2015-09-18 14:33:24,910 ERROR /home/barpastu/Geodaten/LV95/orthofoto/2015/rgb/12_5cm/difference/fuzz_10_26271237_12_5cm.tif weist einen Anteil von mehr als 1% falscher Pixelwerte auf. Folgender Anteil: 1.30517
2015-09-18 14:34:21,797 ERROR /home/barpastu/Geodaten/LV95/orthofoto/2015/rgb/12_5cm/difference/fuzz_10_26271238_12_5cm.tif weist einen Anteil von mehr als 1% falscher Pixelwerte auf. Folgender Anteil: 1.33136
2015-09-18 14:55:46,741 ERROR /home/barpastu/Geodaten/LV95/orthofoto/2015/rgb/12_5cm/difference/fuzz_10_26291234_12_5cm.tif weist einen Anteil von mehr als 1% falscher Pixelwerte auf. Folgender Anteil: 1.96352
2015-09-18 15:03:21,383 ERROR /home/barpastu/Geodaten/LV95/orthofoto/2015/rgb/12_5cm/difference/fuzz_10_26291242_12_5cm.tif weist einen Anteil von mehr als 1% falscher Pixelwerte auf. Folgender Anteil: 1.61019
2015-09-18 15:15:38,361 ERROR /home/barpastu/Geodaten/LV95/orthofoto/2015/rgb/12_5cm/difference/fuzz_10_26301242_12_5cm.tif weist einen Anteil von mehr als 1% falscher Pixelwerte auf. Folgender Anteil: 2.14362
2015-09-18 15:25:09,695 ERROR /home/barpastu/Geodaten/LV95/orthofoto/2015/rgb/12_5cm/difference/fuzz_10_26311240_12_5cm.tif weist einen Anteil von mehr als 1% falscher Pixelwerte auf. Folgender Anteil: 1.41321
2015-09-18 17:27:16,886 ERROR /home/barpastu/Geodaten/LV95/orthofoto/2015/rgb/12_5cm/difference/fuzz_10_26411241_12_5cm.tif weist einen Anteil von mehr als 1% falscher Pixelwerte auf. Folgender Anteil: 2.46316

2015-09-22 13:41:33,034 ERROR /home/barpastu/Geodaten/LV95/orthofoto/2015/cir/12_5cm/difference/fuzz_10_26261240_12_5cm.tif weist einen Anteil von mehr als 1% falscher Pixelwerte auf. Folgender Anteil: 1.70648
2015-09-22 13:46:25,274 ERROR /home/barpastu/Geodaten/LV95/orthofoto/2015/cir/12_5cm/difference/fuzz_10_26261245_12_5cm.tif weist einen Anteil von mehr als 1% falscher Pixelwerte auf. Folgender Anteil: 1.27674
2015-09-22 14:12:42,563 ERROR /home/barpastu/Geodaten/LV95/orthofoto/2015/cir/12_5cm/difference/fuzz_10_26291234_12_5cm.tif weist einen Anteil von mehr als 1% falscher Pixelwerte auf. Folgender Anteil: 1.54343
2015-09-22 14:20:25,379 ERROR /home/barpastu/Geodaten/LV95/orthofoto/2015/cir/12_5cm/difference/fuzz_10_26291242_12_5cm.tif weist einen Anteil von mehr als 1% falscher Pixelwerte auf. Folgender Anteil: 1.21177
2015-09-22 14:32:44,993 ERROR /home/barpastu/Geodaten/LV95/orthofoto/2015/cir/12_5cm/difference/fuzz_10_26301242_12_5cm.tif weist einen Anteil von mehr als 1% falscher Pixelwerte auf. Folgender Anteil: 1.72654
2015-09-23 10:46:42,328 ERROR /home/barpastu/Geodaten/LV95/orthofoto/2015/cir/12_5cm/difference/fuzz_10_26261240_12_5cm.tif weist einen Anteil von mehr als 1% falscher Pixelwerte auf. Folgender Anteil: 1.70648
2015-09-23 10:51:39,092 ERROR /home/barpastu/Geodaten/LV95/orthofoto/2015/cir/12_5cm/difference/fuzz_10_26261245_12_5cm.tif weist einen Anteil von mehr als 1% falscher Pixelwerte auf. Folgender Anteil: 1.27674
2015-09-23 11:18:20,716 ERROR /home/barpastu/Geodaten/LV95/orthofoto/2015/cir/12_5cm/difference/fuzz_10_26291234_12_5cm.tif weist einen Anteil von mehr als 1% falscher Pixelwerte auf. Folgender Anteil: 1.54343
2015-09-23 11:26:19,027 ERROR /home/barpastu/Geodaten/LV95/orthofoto/2015/cir/12_5cm/difference/fuzz_10_26291242_12_5cm.tif weist einen Anteil von mehr als 1% falscher Pixelwerte auf. Folgender Anteil: 1.21177
2015-09-23 11:38:43,248 ERROR /home/barpastu/Geodaten/LV95/orthofoto/2015/cir/12_5cm/difference/fuzz_10_26301242_12_5cm.tif weist einen Anteil von mehr als 1% falscher Pixelwerte auf. Folgender Anteil: 1.72654
2015-09-23 13:50:16,207 ERROR /home/barpastu/Geodaten/LV95/orthofoto/2015/cir/12_5cm/difference/fuzz_10_26411241_12_5cm.tif weist einen Anteil von mehr als 1% falscher Pixelwerte auf. Folgender Anteil: 2.09712
2015-09-23 16:00:31,920 ERROR /home/barpastu/Geodaten/LV95/orthofoto/2015/cir/5_m/difference/ortho2015_5m.tif weist einen Anteil von 0% falscher Pixelwerte im 0-Toleranz-Bild auf.
2015-09-25 11:47:50,034 ERROR /home/barpastu/Geodaten/LV95/orthofoto/2014/rgb/12_5cm/25991217_12_5cm.tif kann nicht verglichen werden, da unterschiedliche Bildgroessen
2015-09-25 12:21:13,700 ERROR /home/barpastu/Geodaten/LV95/orthofoto/2014/rgb/12_5cm/26001213_12_5cm.tif kann nicht verglichen werden, da unterschiedliche Bildgroessen
2015-09-25 12:23:13,190 ERROR /home/barpastu/Geodaten/LV95/orthofoto/2014/rgb/12_5cm/difference/fuzz_10_26001215_12_5cm.tif weist einen Anteil von mehr als 1% falscher Pixelwerte auf. Folgender Anteil: 1.00059
2015-09-25 12:41:03,444 ERROR /home/barpastu/Geodaten/LV95/orthofoto/2014/rgb/12_5cm/26011213_12_5cm.tif kann nicht verglichen werden, da unterschiedliche Bildgroessen
2015-10-07 19:01:39,789 ERROR /home/barpastu/Geodaten/LV95/orthofoto/2014/cir/12_5cm/25991217_12_5cm.tif kann nicht verglichen werden, da unterschiedliche Bildgroessen
2015-10-07 19:18:43,439 ERROR /home/barpastu/Geodaten/LV95/orthofoto/2014/cir/12_5cm/26001213_12_5cm.tif kann nicht verglichen werden, da unterschiedliche Bildgroessen
2015-10-07 19:39:04,823 ERROR /home/barpastu/Geodaten/LV95/orthofoto/2014/cir/12_5cm/26011213_12_5cm.tif kann nicht verglichen werden, da unterschiedliche Bildgroessen
2015-10-14 13:56:12,459 ERROR /home/barpastu/Geodaten/LV95/orthofoto/2013/rgb/12_5cm/difference/fuzz_10_25981232_12_5cm.tif weist einen Anteil von mehr als 1% falscher Pixelwerte auf. Folgender Anteil: 2.67736
2015-10-14 14:07:55,980 ERROR /home/barpastu/Geodaten/LV95/orthofoto/2013/rgb/12_5cm/difference/fuzz_10_25991232_12_5cm.tif weist einen Anteil von mehr als 1% falscher Pixelwerte auf. Folgender Anteil: 2.82583
2015-10-14 14:08:59,373 ERROR /home/barpastu/Geodaten/LV95/orthofoto/2013/rgb/12_5cm/difference/fuzz_10_25991233_12_5cm.tif weist einen Anteil von mehr als 1% falscher Pixelwerte auf. Folgender Anteil: 1.13307
2015-10-14 14:24:40,427 ERROR /home/barpastu/Geodaten/LV95/orthofoto/2013/rgb/12_5cm/difference/fuzz_10_26001233_12_5cm.tif weist einen Anteil von mehr als 1% falscher Pixelwerte auf. Folgender Anteil: 3.55106
2015-10-14 14:43:27,283 ERROR /home/barpastu/Geodaten/LV95/orthofoto/2013/rgb/12_5cm/difference/fuzz_10_26011234_12_5cm.tif weist einen Anteil von mehr als 1% falscher Pixelwerte auf. Folgender Anteil: 3.02977
2015-10-14 14:44:28,364 ERROR /home/barpastu/Geodaten/LV95/orthofoto/2013/rgb/12_5cm/difference/fuzz_10_26011235_12_5cm.tif weist einen Anteil von mehr als 1% falscher Pixelwerte auf. Folgender Anteil: 1.59922
2015-10-14 15:01:29,430 ERROR /home/barpastu/Geodaten/LV95/orthofoto/2013/rgb/12_5cm/difference/fuzz_10_26021235_12_5cm.tif weist einen Anteil von mehr als 1% falscher Pixelwerte auf. Folgender Anteil: 4.21395
2015-10-14 15:02:29,640 ERROR /home/barpastu/Geodaten/LV95/orthofoto/2013/rgb/12_5cm/difference/fuzz_10_26021236_12_5cm.tif weist einen Anteil von mehr als 1% falscher Pixelwerte auf. Folgender Anteil: 2.71557
2015-10-14 15:13:26,412 ERROR /home/barpastu/Geodaten/LV95/orthofoto/2013/rgb/12_5cm/difference/fuzz_10_26031233_12_5cm.tif weist einen Anteil von mehr als 1% falscher Pixelwerte auf. Folgender Anteil: 5.93385
2015-10-14 15:14:25,847 ERROR /home/barpastu/Geodaten/LV95/orthofoto/2013/rgb/12_5cm/difference/fuzz_10_26031234_12_5cm.tif weist einen Anteil von mehr als 1% falscher Pixelwerte auf. Folgender Anteil: 3.43342
2015-10-14 15:15:27,757 ERROR /home/barpastu/Geodaten/LV95/orthofoto/2013/rgb/12_5cm/difference/fuzz_10_26031235_12_5cm.tif weist einen Anteil von mehr als 1% falscher Pixelwerte auf. Folgender Anteil: 2.85496
2015-10-14 15:16:28,466 ERROR /home/barpastu/Geodaten/LV95/orthofoto/2013/rgb/12_5cm/difference/fuzz_10_26031236_12_5cm.tif weist einen Anteil von mehr als 1% falscher Pixelwerte auf. Folgender Anteil: 7.04997
2015-10-14 15:17:30,556 ERROR /home/barpastu/Geodaten/LV95/orthofoto/2013/rgb/12_5cm/difference/fuzz_10_26031237_12_5cm.tif weist einen Anteil von mehr als 1% falscher Pixelwerte auf. Folgender Anteil: 5.09534
2015-10-14 15:32:29,155 ERROR /home/barpastu/Geodaten/LV95/orthofoto/2013/rgb/12_5cm/difference/fuzz_10_26041237_12_5cm.tif weist einen Anteil von mehr als 1% falscher Pixelwerte auf. Folgender Anteil: 1.47115
2015-10-14 15:46:29,318 ERROR /home/barpastu/Geodaten/LV95/orthofoto/2013/rgb/12_5cm/difference/fuzz_10_26051237_12_5cm.tif weist einen Anteil von mehr als 1% falscher Pixelwerte auf. Folgender Anteil: 1.26547
2015-10-14 15:47:30,332 ERROR /home/barpastu/Geodaten/LV95/orthofoto/2013/rgb/12_5cm/difference/fuzz_10_26051238_12_5cm.tif weist einen Anteil von mehr als 1% falscher Pixelwerte auf. Folgender Anteil: 2.55911
2015-10-14 16:03:29,160 ERROR /home/barpastu/Geodaten/LV95/orthofoto/2013/rgb/12_5cm/difference/fuzz_10_26061238_12_5cm.tif weist einen Anteil von mehr als 1% falscher Pixelwerte auf. Folgender Anteil: 2.26546
2015-10-14 16:04:04,317 ERROR /home/barpastu/Geodaten/LV95/orthofoto/2013/rgb/12_5cm/26061245_12_5cm.tif kann nicht verglichen werden, da unterschiedliche Bildgroessen
2015-10-14 16:04:42,431 ERROR /home/barpastu/Geodaten/LV95/orthofoto/2013/rgb/12_5cm/26061246_12_5cm.tif kann nicht verglichen werden, da unterschiedliche Bildgroessen
2015-10-14 16:25:12,584 ERROR /home/barpastu/Geodaten/LV95/orthofoto/2013/rgb/12_5cm/26071244_12_5cm.tif kann nicht verglichen werden, da unterschiedliche Bildgroessen
2015-10-14 16:25:48,367 ERROR /home/barpastu/Geodaten/LV95/orthofoto/2013/rgb/12_5cm/26071245_12_5cm.tif kann nicht verglichen werden, da unterschiedliche Bildgroessen
2015-10-14 16:41:26,948 ERROR /home/barpastu/Geodaten/LV95/orthofoto/2013/rgb/12_5cm/difference/fuzz_10_26081237_12_5cm.tif weist einen Anteil von mehr als 1% falscher Pixelwerte auf. Folgender Anteil: 2.22339
2015-10-14 19:08:52,967 ERROR /home/barpastu/Geodaten/LV95/orthofoto/2013/rgb/12_5cm/difference/fuzz_10_26141258_12_5cm.tif weist einen Anteil von mehr als 1% falscher Pixelwerte auf. Folgender Anteil: 1.36859
2015-10-14 20:47:40,362 ERROR /home/barpastu/Geodaten/LV95/orthofoto/2013/rgb/12_5cm/difference/fuzz_10_26191241_12_5cm.tif weist einen Anteil von mehr als 1% falscher Pixelwerte auf. Folgender Anteil: 1.01571
2015-10-14 21:05:31,405 ERROR /home/barpastu/Geodaten/LV95/orthofoto/2013/rgb/12_5cm/difference/fuzz_10_26201242_12_5cm.tif weist einen Anteil von mehr als 1% falscher Pixelwerte auf. Folgender Anteil: 2.1601
2015-10-14 21:06:36,077 ERROR /home/barpastu/Geodaten/LV95/orthofoto/2013/rgb/12_5cm/difference/fuzz_10_26201243_12_5cm.tif weist einen Anteil von mehr als 1% falscher Pixelwerte auf. Folgender Anteil: 1.20654
2015-10-14 21:26:34,627 ERROR /home/barpastu/Geodaten/LV95/orthofoto/2013/rgb/12_5cm/difference/fuzz_10_26221242_12_5cm.tif weist einen Anteil von mehr als 1% falscher Pixelwerte auf. Folgender Anteil: 1.3521
2015-10-14 21:28:40,849 ERROR /home/barpastu/Geodaten/LV95/orthofoto/2013/rgb/12_5cm/difference/fuzz_10_26221244_12_5cm.tif weist einen Anteil von mehr als 1% falscher Pixelwerte auf. Folgender Anteil: 2.68927
2015-10-14 21:33:47,082 ERROR /home/barpastu/Geodaten/LV95/orthofoto/2013/rgb/12_5cm/difference/fuzz_10_26231242_12_5cm.tif weist einen Anteil von mehr als 1% falscher Pixelwerte auf. Folgender Anteil: 1.13968
2015-10-14 21:35:52,471 ERROR /home/barpastu/Geodaten/LV95/orthofoto/2013/rgb/12_5cm/difference/fuzz_10_26231244_12_5cm.tif weist einen Anteil von mehr als 1% falscher Pixelwerte auf. Folgender Anteil: 1.40148
2015-10-14 21:37:54,601 ERROR /home/barpastu/Geodaten/LV95/orthofoto/2013/rgb/12_5cm/difference/fuzz_10_26241242_12_5cm.tif weist einen Anteil von mehr als 1% falscher Pixelwerte auf. Folgender Anteil: 1.00169
2015-10-14 21:39:56,235 ERROR /home/barpastu/Geodaten/LV95/orthofoto/2013/rgb/12_5cm/difference/fuzz_10_26251241_12_5cm.tif weist einen Anteil von mehr als 1% falscher Pixelwerte auf. Folgender Anteil: 1.46686
2015-10-14 21:44:07,887 ERROR /home/barpastu/Geodaten/LV95/orthofoto/2013/rgb/12_5cm/difference/fuzz_10_26261243_12_5cm.tif weist einen Anteil von mehr als 1% falscher Pixelwerte auf. Folgender Anteil: 1.54444
2015-10-15 10:37:47,368 ERROR /home/barpastu/Geodaten/LV95/orthofoto/2013/cir/12_5cm/difference/fuzz_10_25981232_12_5cm.tif weist einen Anteil von mehr als 1% falscher Pixelwerte auf. Folgender Anteil: 2.10793
2015-10-15 10:48:53,743 ERROR /home/barpastu/Geodaten/LV95/orthofoto/2013/cir/12_5cm/difference/fuzz_10_25991232_12_5cm.tif weist einen Anteil von mehr als 1% falscher Pixelwerte auf. Folgender Anteil: 2.27185
2015-10-15 11:04:41,040 ERROR /home/barpastu/Geodaten/LV95/orthofoto/2013/cir/12_5cm/difference/fuzz_10_26001233_12_5cm.tif weist einen Anteil von mehr als 1% falscher Pixelwerte auf. Folgender Anteil: 2.75662
2015-10-15 11:22:41,021 ERROR /home/barpastu/Geodaten/LV95/orthofoto/2013/cir/12_5cm/difference/fuzz_10_26011234_12_5cm.tif weist einen Anteil von mehr als 1% falscher Pixelwerte auf. Folgender Anteil: 2.14177
2015-10-15 11:23:42,180 ERROR /home/barpastu/Geodaten/LV95/orthofoto/2013/cir/12_5cm/difference/fuzz_10_26011235_12_5cm.tif weist einen Anteil von mehr als 1% falscher Pixelwerte auf. Folgender Anteil: 1.26899
2015-10-15 11:40:33,492 ERROR /home/barpastu/Geodaten/LV95/orthofoto/2013/cir/12_5cm/difference/fuzz_10_26021235_12_5cm.tif weist einen Anteil von mehr als 1% falscher Pixelwerte auf. Folgender Anteil: 3.20555
2015-10-15 11:41:32,676 ERROR /home/barpastu/Geodaten/LV95/orthofoto/2013/cir/12_5cm/difference/fuzz_10_26021236_12_5cm.tif weist einen Anteil von mehr als 1% falscher Pixelwerte auf. Folgender Anteil: 2.12287
2015-10-15 11:52:44,962 ERROR /home/barpastu/Geodaten/LV95/orthofoto/2013/cir/12_5cm/difference/fuzz_10_26031233_12_5cm.tif weist einen Anteil von mehr als 1% falscher Pixelwerte auf. Folgender Anteil: 4.41367
2015-10-15 11:53:45,977 ERROR /home/barpastu/Geodaten/LV95/orthofoto/2013/cir/12_5cm/difference/fuzz_10_26031234_12_5cm.tif weist einen Anteil von mehr als 1% falscher Pixelwerte auf. Folgender Anteil: 2.56649
2015-10-15 11:54:46,289 ERROR /home/barpastu/Geodaten/LV95/orthofoto/2013/cir/12_5cm/difference/fuzz_10_26031235_12_5cm.tif weist einen Anteil von mehr als 1% falscher Pixelwerte auf. Folgender Anteil: 2.0278
2015-10-15 11:55:49,410 ERROR /home/barpastu/Geodaten/LV95/orthofoto/2013/cir/12_5cm/difference/fuzz_10_26031236_12_5cm.tif weist einen Anteil von mehr als 1% falscher Pixelwerte auf. Folgender Anteil: 5.46098
2015-10-15 11:56:52,490 ERROR /home/barpastu/Geodaten/LV95/orthofoto/2013/cir/12_5cm/difference/fuzz_10_26031237_12_5cm.tif weist einen Anteil von mehr als 1% falscher Pixelwerte auf. Folgender Anteil: 3.75055
2015-10-15 12:11:44,206 ERROR /home/barpastu/Geodaten/LV95/orthofoto/2013/cir/12_5cm/difference/fuzz_10_26041237_12_5cm.tif weist einen Anteil von mehr als 1% falscher Pixelwerte auf. Folgender Anteil: 1.06676
2015-10-15 12:26:40,267 ERROR /home/barpastu/Geodaten/LV95/orthofoto/2013/cir/12_5cm/difference/fuzz_10_26051238_12_5cm.tif weist einen Anteil von mehr als 1% falscher Pixelwerte auf. Folgender Anteil: 1.95969
2015-10-15 12:42:36,314 ERROR /home/barpastu/Geodaten/LV95/orthofoto/2013/cir/12_5cm/difference/fuzz_10_26061238_12_5cm.tif weist einen Anteil von mehr als 1% falscher Pixelwerte auf. Folgender Anteil: 1.59289
2015-10-15 12:43:11,238 ERROR /home/barpastu/Geodaten/LV95/orthofoto/2013/cir/12_5cm/26061245_12_5cm.tif kann nicht verglichen werden, da unterschiedliche Bildgroessen
2015-10-15 12:43:52,513 ERROR /home/barpastu/Geodaten/LV95/orthofoto/2013/cir/12_5cm/26061246_12_5cm.tif kann nicht verglichen werden, da unterschiedliche Bildgroessen
2015-10-15 13:04:41,781 ERROR /home/barpastu/Geodaten/LV95/orthofoto/2013/cir/12_5cm/26071244_12_5cm.tif kann nicht verglichen werden, da unterschiedliche Bildgroessen
2015-10-15 13:05:22,219 ERROR /home/barpastu/Geodaten/LV95/orthofoto/2013/cir/12_5cm/26071245_12_5cm.tif kann nicht verglichen werden, da unterschiedliche Bildgroessen
2015-10-15 13:21:09,301 ERROR /home/barpastu/Geodaten/LV95/orthofoto/2013/cir/12_5cm/difference/fuzz_10_26081237_12_5cm.tif weist einen Anteil von mehr als 1% falscher Pixelwerte auf. Folgender Anteil: 1.70419
2015-10-15 17:27:51,697 ERROR /home/barpastu/Geodaten/LV95/orthofoto/2013/cir/12_5cm/difference/fuzz_10_26201242_12_5cm.tif weist einen Anteil von mehr als 1% falscher Pixelwerte auf. Folgender Anteil: 1.40939
2015-10-15 17:49:20,595 ERROR /home/barpastu/Geodaten/LV95/orthofoto/2013/cir/12_5cm/difference/fuzz_10_26221244_12_5cm.tif weist einen Anteil von mehr als 1% falscher Pixelwerte auf. Folgender Anteil: 1.94505
2015-10-15 17:56:07,245 ERROR /home/barpastu/Geodaten/LV95/orthofoto/2013/cir/12_5cm/difference/fuzz_10_26231244_12_5cm.tif weist einen Anteil von mehr als 1% falscher Pixelwerte auf. Folgender Anteil: 1.0712
2015-10-15 18:03:50,825 ERROR /home/barpastu/Geodaten/LV95/orthofoto/2013/cir/12_5cm/difference/fuzz_10_26261243_12_5cm.tif weist einen Anteil von mehr als 1% falscher Pixelwerte auf. Folgender Anteil: 1.05872
2015-10-20 16:32:49,548 ERROR /home/barpastu/Geodaten/LV95/orthofoto/2013/rgb/12_5cm/difference/fuzz_10_25941251_12_5cm.tif weist einen Anteil von mehr als 1% falscher Pixelwerte auf. Folgender Anteil: 99.9333
2015-10-20 16:52:31,585 ERROR /home/barpastu/Geodaten/LV95/orthofoto/2013/rgb/12_5cm/difference/fuzz_10_25981232_12_5cm.tif weist einen Anteil von mehr als 1% falscher Pixelwerte auf. Folgender Anteil: 2.09242
2015-10-20 17:08:05,726 ERROR /home/barpastu/Geodaten/LV95/orthofoto/2013/rgb/12_5cm/difference/fuzz_10_25991232_12_5cm.tif weist einen Anteil von mehr als 1% falscher Pixelwerte auf. Folgender Anteil: 2.83108
2015-10-20 17:30:30,715 ERROR /home/barpastu/Geodaten/LV95/orthofoto/2013/rgb/12_5cm/difference/fuzz_10_26001233_12_5cm.tif weist einen Anteil von mehr als 1% falscher Pixelwerte auf. Folgender Anteil: 2.42266
2015-10-20 17:55:54,113 ERROR /home/barpastu/Geodaten/LV95/orthofoto/2013/rgb/12_5cm/difference/fuzz_10_26011234_12_5cm.tif weist einen Anteil von mehr als 1% falscher Pixelwerte auf. Folgender Anteil: 2.37638
2015-10-20 17:57:20,193 ERROR /home/barpastu/Geodaten/LV95/orthofoto/2013/rgb/12_5cm/difference/fuzz_10_26011235_12_5cm.tif weist einen Anteil von mehr als 1% falscher Pixelwerte auf. Folgender Anteil: 1.59844
2015-10-20 18:21:32,572 ERROR /home/barpastu/Geodaten/LV95/orthofoto/2013/rgb/12_5cm/difference/fuzz_10_26021235_12_5cm.tif weist einen Anteil von mehr als 1% falscher Pixelwerte auf. Folgender Anteil: 3.47097
2015-10-20 18:22:57,583 ERROR /home/barpastu/Geodaten/LV95/orthofoto/2013/rgb/12_5cm/difference/fuzz_10_26021236_12_5cm.tif weist einen Anteil von mehr als 1% falscher Pixelwerte auf. Folgender Anteil: 1.13687
2015-10-20 18:38:26,598 ERROR /home/barpastu/Geodaten/LV95/orthofoto/2013/rgb/12_5cm/difference/fuzz_10_26031233_12_5cm.tif weist einen Anteil von mehr als 1% falscher Pixelwerte auf. Folgender Anteil: 2.75702
2015-10-20 18:39:50,314 ERROR /home/barpastu/Geodaten/LV95/orthofoto/2013/rgb/12_5cm/difference/fuzz_10_26031234_12_5cm.tif weist einen Anteil von mehr als 1% falscher Pixelwerte auf. Folgender Anteil: 1.59294
2015-10-20 18:41:13,040 ERROR /home/barpastu/Geodaten/LV95/orthofoto/2013/rgb/12_5cm/difference/fuzz_10_26031235_12_5cm.tif weist einen Anteil von mehr als 1% falscher Pixelwerte auf. Folgender Anteil: 1.33023
2015-10-20 18:42:35,243 ERROR /home/barpastu/Geodaten/LV95/orthofoto/2013/rgb/12_5cm/difference/fuzz_10_26031236_12_5cm.tif weist einen Anteil von mehr als 1% falscher Pixelwerte auf. Folgender Anteil: 5.08072
2015-10-20 18:44:01,190 ERROR /home/barpastu/Geodaten/LV95/orthofoto/2013/rgb/12_5cm/difference/fuzz_10_26031237_12_5cm.tif weist einen Anteil von mehr als 1% falscher Pixelwerte auf. Folgender Anteil: 3.58286
2015-10-20 19:05:08,584 ERROR /home/barpastu/Geodaten/LV95/orthofoto/2013/rgb/12_5cm/difference/fuzz_10_26041237_12_5cm.tif weist einen Anteil von mehr als 1% falscher Pixelwerte auf. Folgender Anteil: 1.43379
2015-10-20 19:26:24,079 ERROR /home/barpastu/Geodaten/LV95/orthofoto/2013/rgb/12_5cm/difference/fuzz_10_26051238_12_5cm.tif weist einen Anteil von mehr als 1% falscher Pixelwerte auf. Folgender Anteil: 2.54095
2015-10-20 19:49:20,478 ERROR /home/barpastu/Geodaten/LV95/orthofoto/2013/rgb/12_5cm/difference/fuzz_10_26061238_12_5cm.tif weist einen Anteil von mehr als 1% falscher Pixelwerte auf. Folgender Anteil: 2.26273
2015-10-20 19:50:14,225 ERROR /home/barpastu/Geodaten/LV95/orthofoto/2013/rgb/12_5cm/26061245_12_5cm.tif kann nicht verglichen werden, da unterschiedliche Bildgroessen
2015-10-20 19:51:09,236 ERROR /home/barpastu/Geodaten/LV95/orthofoto/2013/rgb/12_5cm/26061246_12_5cm.tif kann nicht verglichen werden, da unterschiedliche Bildgroessen
2015-10-20 20:19:08,164 ERROR /home/barpastu/Geodaten/LV95/orthofoto/2013/rgb/12_5cm/26071244_12_5cm.tif kann nicht verglichen werden, da unterschiedliche Bildgroessen
2015-10-20 20:20:04,720 ERROR /home/barpastu/Geodaten/LV95/orthofoto/2013/rgb/12_5cm/26071245_12_5cm.tif kann nicht verglichen werden, da unterschiedliche Bildgroessen
2015-10-20 20:41:25,603 ERROR /home/barpastu/Geodaten/LV95/orthofoto/2013/rgb/12_5cm/difference/fuzz_10_26081237_12_5cm.tif weist einen Anteil von mehr als 1% falscher Pixelwerte auf. Folgender Anteil: 2.22365
2015-10-20 23:54:50,053 ERROR /home/barpastu/Geodaten/LV95/orthofoto/2013/rgb/12_5cm/difference/fuzz_10_26141258_12_5cm.tif weist einen Anteil von mehr als 1% falscher Pixelwerte auf. Folgender Anteil: 1.36404
2015-10-21 02:53:13,812 ERROR /home/barpastu/Geodaten/LV95/orthofoto/2013/rgb/12_5cm/difference/fuzz_10_26221242_12_5cm.tif weist einen Anteil von mehr als 1% falscher Pixelwerte auf. Folgender Anteil: 1.3454
2015-10-21 02:56:05,477 ERROR /home/barpastu/Geodaten/LV95/orthofoto/2013/rgb/12_5cm/difference/fuzz_10_26221244_12_5cm.tif weist einen Anteil von mehr als 1% falscher Pixelwerte auf. Folgender Anteil: 2.18088
2015-10-21 03:02:54,592 ERROR /home/barpastu/Geodaten/LV95/orthofoto/2013/rgb/12_5cm/difference/fuzz_10_26231242_12_5cm.tif weist einen Anteil von mehr als 1% falscher Pixelwerte auf. Folgender Anteil: 1.13794
2015-10-21 03:05:38,630 ERROR /home/barpastu/Geodaten/LV95/orthofoto/2013/rgb/12_5cm/difference/fuzz_10_26231244_12_5cm.tif weist einen Anteil von mehr als 1% falscher Pixelwerte auf. Folgender Anteil: 1.38855
2015-10-21 03:11:02,179 ERROR /home/barpastu/Geodaten/LV95/orthofoto/2013/rgb/12_5cm/difference/fuzz_10_26251241_12_5cm.tif weist einen Anteil von mehr als 1% falscher Pixelwerte auf. Folgender Anteil: 1.1069
2015-10-22 12:34:32,206 ERROR /home/barpastu/Geodaten/LV95/orthofoto/2013/cir/12_5cm/difference/fuzz_10_25981232_12_5cm.tif weist einen Anteil von mehr als 1% falscher Pixelwerte auf. Folgender Anteil: 1.67707
2015-10-22 12:49:50,020 ERROR /home/barpastu/Geodaten/LV95/orthofoto/2013/cir/12_5cm/difference/fuzz_10_25991232_12_5cm.tif weist einen Anteil von mehr als 1% falscher Pixelwerte auf. Folgender Anteil: 2.27607
2015-10-22 13:12:06,490 ERROR /home/barpastu/Geodaten/LV95/orthofoto/2013/cir/12_5cm/difference/fuzz_10_26001233_12_5cm.tif weist einen Anteil von mehr als 1% falscher Pixelwerte auf. Folgender Anteil: 1.87797
2015-10-22 13:37:41,882 ERROR /home/barpastu/Geodaten/LV95/orthofoto/2013/cir/12_5cm/difference/fuzz_10_26011234_12_5cm.tif weist einen Anteil von mehr als 1% falscher Pixelwerte auf. Folgender Anteil: 1.70417
2015-10-22 13:39:09,956 ERROR /home/barpastu/Geodaten/LV95/orthofoto/2013/cir/12_5cm/difference/fuzz_10_26011235_12_5cm.tif weist einen Anteil von mehr als 1% falscher Pixelwerte auf. Folgender Anteil: 1.26818
2015-10-22 14:02:59,328 ERROR /home/barpastu/Geodaten/LV95/orthofoto/2013/cir/12_5cm/difference/fuzz_10_26021235_12_5cm.tif weist einen Anteil von mehr als 1% falscher Pixelwerte auf. Folgender Anteil: 2.61209
2015-10-22 14:19:32,620 ERROR /home/barpastu/Geodaten/LV95/orthofoto/2013/cir/12_5cm/difference/fuzz_10_26031233_12_5cm.tif weist einen Anteil von mehr als 1% falscher Pixelwerte auf. Folgender Anteil: 2.02982
2015-10-22 14:20:56,127 ERROR /home/barpastu/Geodaten/LV95/orthofoto/2013/cir/12_5cm/difference/fuzz_10_26031234_12_5cm.tif weist einen Anteil von mehr als 1% falscher Pixelwerte auf. Folgender Anteil: 1.1964
2015-10-22 14:23:42,112 ERROR /home/barpastu/Geodaten/LV95/orthofoto/2013/cir/12_5cm/difference/fuzz_10_26031236_12_5cm.tif weist einen Anteil von mehr als 1% falscher Pixelwerte auf. Folgender Anteil: 3.91867
2015-10-22 14:25:05,684 ERROR /home/barpastu/Geodaten/LV95/orthofoto/2013/cir/12_5cm/difference/fuzz_10_26031237_12_5cm.tif weist einen Anteil von mehr als 1% falscher Pixelwerte auf. Folgender Anteil: 2.57444
2015-10-22 14:45:46,792 ERROR /home/barpastu/Geodaten/LV95/orthofoto/2013/cir/12_5cm/difference/fuzz_10_26041237_12_5cm.tif weist einen Anteil von mehr als 1% falscher Pixelwerte auf. Folgender Anteil: 1.04226
2015-10-22 15:06:27,393 ERROR /home/barpastu/Geodaten/LV95/orthofoto/2013/cir/12_5cm/difference/fuzz_10_26051238_12_5cm.tif weist einen Anteil von mehr als 1% falscher Pixelwerte auf. Folgender Anteil: 1.9482
2015-10-22 15:28:32,954 ERROR /home/barpastu/Geodaten/LV95/orthofoto/2013/cir/12_5cm/difference/fuzz_10_26061238_12_5cm.tif weist einen Anteil von mehr als 1% falscher Pixelwerte auf. Folgender Anteil: 1.58943
2015-10-22 15:29:28,497 ERROR /home/barpastu/Geodaten/LV95/orthofoto/2013/cir/12_5cm/26061245_12_5cm.tif kann nicht verglichen werden, da unterschiedliche Bildgroessen
2015-10-22 15:30:23,604 ERROR /home/barpastu/Geodaten/LV95/orthofoto/2013/cir/12_5cm/26061246_12_5cm.tif kann nicht verglichen werden, da unterschiedliche Bildgroessen
2015-10-22 15:57:31,189 ERROR /home/barpastu/Geodaten/LV95/orthofoto/2013/cir/12_5cm/26071244_12_5cm.tif kann nicht verglichen werden, da unterschiedliche Bildgroessen
2015-10-22 15:58:25,438 ERROR /home/barpastu/Geodaten/LV95/orthofoto/2013/cir/12_5cm/26071245_12_5cm.tif kann nicht verglichen werden, da unterschiedliche Bildgroessen
2015-10-22 16:19:16,658 ERROR /home/barpastu/Geodaten/LV95/orthofoto/2013/cir/12_5cm/difference/fuzz_10_26081237_12_5cm.tif weist einen Anteil von mehr als 1% falscher Pixelwerte auf. Folgender Anteil: 1.70446
2015-10-22 22:29:11,057 ERROR /home/barpastu/Geodaten/LV95/orthofoto/2013/cir/12_5cm/difference/fuzz_10_26221244_12_5cm.tif weist einen Anteil von mehr als 1% falscher Pixelwerte auf. Folgender Anteil: 1.57852
2015-10-22 22:38:34,915 ERROR /home/barpastu/Geodaten/LV95/orthofoto/2013/cir/12_5cm/difference/fuzz_10_26231244_12_5cm.tif weist einen Anteil von mehr als 1% falscher Pixelwerte auf. Folgender Anteil: 1.06086
2015-10-30 10:51:57,346 ERROR /home/barpastu/Geodaten/LV95/felsschraffuren/gray/50_cm/1069_fege_bp.tif kann nicht verglichen werden, da unterschiedliche Bildgroessen
2015-10-30 10:56:52,682 ERROR /home/barpastu/Geodaten/LV95/felsschraffuren/gray/50_cm/difference/1086_fege_bp.tif weist einen Anteil von 0% falscher Pixelwerte im 0-Toleranz-Bild auf.
2015-10-30 11:02:40,083 ERROR /home/barpastu/Geodaten/LV95/felsschraffuren/gray/50_cm/difference/1087_fege_bp.tif weist einen Anteil von 0% falscher Pixelwerte im 0-Toleranz-Bild auf.
2015-10-30 11:10:47,077 ERROR /home/barpastu/Geodaten/LV95/felsschraffuren/gray/50_cm/1089_fege_bp.tif kann nicht verglichen werden, da unterschiedliche Bildgroessen
2015-10-30 11:16:00,492 ERROR /home/barpastu/Geodaten/LV95/felsschraffuren/gray/50_cm/difference/1106_fege_bp.tif weist einen Anteil von 0% falscher Pixelwerte im 0-Toleranz-Bild auf.
2015-10-30 11:22:09,736 ERROR /home/barpastu/Geodaten/LV95/felsschraffuren/gray/50_cm/difference/1107_fege_bp.tif weist einen Anteil von 0% falscher Pixelwerte im 0-Toleranz-Bild auf.
2015-10-30 11:56:36,605 ERROR /home/barpastu/Geodaten/LV95/felsschraffuren/gray/50_cm/1147_fege_bp.tif kann nicht verglichen werden, da unterschiedliche Bildgroessen
2015-10-30 12:06:07,871 ERROR /home/barpastu/Geodaten/LV95/siegfried/rgb/2m/difference/fuzz_10_siegfried_006.tif weist einen Anteil von mehr als 1% falscher Pixelwerte auf. Folgender Anteil: 6.09767
2015-10-30 17:02:18,195 ERROR /home/barpastu/Geodaten/LV95/ueplan_historisch/rgb/25cm/1401.tif kann nicht verglichen werden, da unterschiedliche Bildgroessen
2015-10-30 17:05:57,174 ERROR /home/barpastu/Geodaten/LV95/ueplan_historisch/rgb/25cm/difference/fuzz_10_1403.tif weist einen Anteil von mehr als 1% falscher Pixelwerte auf. Folgender Anteil: 1.04335
2015-10-30 17:07:48,979 ERROR /home/barpastu/Geodaten/LV95/ueplan_historisch/rgb/25cm/difference/fuzz_10_1404.tif weist einen Anteil von mehr als 1% falscher Pixelwerte auf. Folgender Anteil: 2.03633
2015-10-30 17:11:22,209 ERROR /home/barpastu/Geodaten/LV95/ueplan_historisch/rgb/25cm/difference/fuzz_10_1406.tif weist einen Anteil von mehr als 1% falscher Pixelwerte auf. Folgender Anteil: 1.01063
2015-10-30 17:27:23,706 ERROR /home/barpastu/Geodaten/LV95/ueplan_historisch/rgb/25cm/difference/fuzz_10_1498.tif weist einen Anteil von mehr als 1% falscher Pixelwerte auf. Folgender Anteil: 1.17258
2015-10-30 17:29:11,303 ERROR /home/barpastu/Geodaten/LV95/ueplan_historisch/rgb/25cm/difference/fuzz_10_1499.tif weist einen Anteil von mehr als 1% falscher Pixelwerte auf. Folgender Anteil: 1.13414
2015-10-30 17:49:18,291 ERROR /home/barpastu/Geodaten/LV95/ueplan_historisch/rgb/25cm/difference/fuzz_10_3435.tif weist einen Anteil von mehr als 1% falscher Pixelwerte auf. Folgender Anteil: 1.78247
2015-10-30 17:51:01,617 ERROR /home/barpastu/Geodaten/LV95/ueplan_historisch/rgb/25cm/difference/fuzz_10_3436.tif weist einen Anteil von mehr als 1% falscher Pixelwerte auf. Folgender Anteil: 2.5075
2015-10-30 17:52:39,880 ERROR /home/barpastu/Geodaten/LV95/ueplan_historisch/rgb/25cm/difference/fuzz_10_3437.tif weist einen Anteil von mehr als 1% falscher Pixelwerte auf. Folgender Anteil: 1.36489
2015-10-30 17:57:30,560 ERROR /home/barpastu/Geodaten/LV95/ueplan_historisch/rgb/25cm/difference/fuzz_10_3440.tif weist einen Anteil von mehr als 1% falscher Pixelwerte auf. Folgender Anteil: 1.049
2015-10-30 18:05:44,510 ERROR /home/barpastu/Geodaten/LV95/ueplan_historisch/rgb/25cm/difference/fuzz_10_3442.tif weist einen Anteil von mehr als 1% falscher Pixelwerte auf. Folgender Anteil: 1.67547
2015-10-30 19:07:34,534 ERROR /home/barpastu/Geodaten/LV95/ueplan_historisch/rgb/25cm/difference/fuzz_10_3903.tif weist einen Anteil von mehr als 1% falscher Pixelwerte auf. Folgender Anteil: 1.34949
2015-10-30 19:20:28,497 ERROR /home/barpastu/Geodaten/LV95/ueplan_historisch/rgb/25cm/difference/fuzz_10_4632.tif weist einen Anteil von mehr als 1% falscher Pixelwerte auf. Folgender Anteil: 1.62359
2015-10-30 19:42:38,902 ERROR /home/barpastu/Geodaten/LV95/ueplan_historisch/rgb/25cm/difference/fuzz_10_4958.tif weist einen Anteil von mehr als 1% falscher Pixelwerte auf. Folgender Anteil: 1.0356
2015-10-30 19:55:40,305 ERROR /home/barpastu/Geodaten/LV95/ueplan_historisch/rgb/25cm/difference/fuzz_10_4960.tif weist einen Anteil von mehr als 1% falscher Pixelwerte auf. Folgender Anteil: 1.01035
2015-10-30 20:21:48,962 ERROR /home/barpastu/Geodaten/LV95/ueplan_historisch/rgb/25cm/difference/fuzz_10_4964.tif weist einen Anteil von mehr als 1% falscher Pixelwerte auf. Folgender Anteil: 1.02207
2015-10-30 21:03:56,336 ERROR /home/barpastu/Geodaten/LV95/ueplan_historisch/rgb/25cm/difference/fuzz_10_4970.tif weist einen Anteil von mehr als 1% falscher Pixelwerte auf. Folgender Anteil: 1.14031
2015-10-30 21:16:37,281 ERROR /home/barpastu/Geodaten/LV95/ueplan_historisch/rgb/25cm/difference/fuzz_10_4972.tif weist einen Anteil von mehr als 1% falscher Pixelwerte auf. Folgender Anteil: 1.23176
2015-10-30 21:42:29,583 ERROR /home/barpastu/Geodaten/LV95/ueplan_historisch/rgb/25cm/difference/fuzz_10_5138.tif weist einen Anteil von mehr als 1% falscher Pixelwerte auf. Folgender Anteil: 1.21133
2015-10-30 21:48:58,571 ERROR /home/barpastu/Geodaten/LV95/ueplan_historisch/rgb/25cm/difference/fuzz_10_5139.tif weist einen Anteil von mehr als 1% falscher Pixelwerte auf. Folgender Anteil: 1.05359
2015-10-30 23:26:11,161 ERROR /home/barpastu/Geodaten/LV95/ueplan_historisch/rgb/25cm/difference/fuzz_10_56021.tif weist einen Anteil von mehr als 1% falscher Pixelwerte auf. Folgender Anteil: 1.0049
2015-10-30 23:52:00,518 ERROR /home/barpastu/Geodaten/LV95/ueplan_historisch/rgb/25cm/6000.tif kann nicht verglichen werden, da unterschiedliche Bildgroessen
2015-11-17 11:24:32,483 ERROR /home/barpastu/Geodaten/LV95/dtm/gradientenbilder/gray/200_cm/difference/fuzz_10_dtm_106624.tif weist einen Anteil von mehr als 1% falscher Pixelwerte auf. Folgender Anteil: 6.404
2015-11-17 11:24:33,004 ERROR /home/barpastu/Geodaten/LV95/dtm/gradientenbilder/gray/200_cm/difference/fuzz_10_dtm_106642.tif weist einen Anteil von mehr als 1% falscher Pixelwerte auf. Folgender Anteil: 1.0004
2015-11-17 11:24:33,428 ERROR /home/barpastu/Geodaten/LV95/dtm/gradientenbilder/gray/200_cm/difference/fuzz_10_dtm_106643.tif weist einen Anteil von mehr als 1% falscher Pixelwerte auf. Folgender Anteil: 21.2592
2015-11-17 11:24:33,933 ERROR /home/barpastu/Geodaten/LV95/dtm/gradientenbilder/gray/200_cm/difference/fuzz_10_dtm_106644.tif weist einen Anteil von mehr als 1% falscher Pixelwerte auf. Folgender Anteil: 4.2296
2015-11-17 11:24:34,481 ERROR /home/barpastu/Geodaten/LV95/dtm/gradientenbilder/gray/200_cm/difference/fuzz_10_dtm_106713.tif weist einen Anteil von mehr als 1% falscher Pixelwerte auf. Folgender Anteil: 2.7512
2015-11-17 11:24:35,353 ERROR /home/barpastu/Geodaten/LV95/dtm/gradientenbilder/gray/200_cm/difference/fuzz_10_dtm_106714.tif weist einen Anteil von mehr als 1% falscher Pixelwerte auf. Folgender Anteil: 7.13561
2015-11-17 11:24:37,174 ERROR /home/barpastu/Geodaten/LV95/dtm/gradientenbilder/gray/200_cm/difference/fuzz_10_dtm_106731.tif weist einen Anteil von mehr als 1% falscher Pixelwerte auf. Folgender Anteil: 1.4724
2015-11-17 11:24:38,205 ERROR /home/barpastu/Geodaten/LV95/dtm/gradientenbilder/gray/200_cm/difference/fuzz_10_dtm_106733.tif weist einen Anteil von mehr als 1% falscher Pixelwerte auf. Folgender Anteil: 2.9464
2015-11-17 11:24:38,745 ERROR /home/barpastu/Geodaten/LV95/dtm/gradientenbilder/gray/200_cm/difference/fuzz_10_dtm_106734.tif weist einen Anteil von mehr als 1% falscher Pixelwerte auf. Folgender Anteil: 2.034
2015-11-17 11:24:39,796 ERROR /home/barpastu/Geodaten/LV95/dtm/gradientenbilder/gray/200_cm/difference/fuzz_10_dtm_106741.tif weist einen Anteil von mehr als 1% falscher Pixelwerte auf. Folgender Anteil: 4.0116
2015-11-17 11:24:41,366 ERROR /home/barpastu/Geodaten/LV95/dtm/gradientenbilder/gray/200_cm/difference/fuzz_10_dtm_106742.tif weist einen Anteil von mehr als 1% falscher Pixelwerte auf. Folgender Anteil: 1.912
2015-11-17 11:24:41,872 ERROR /home/barpastu/Geodaten/LV95/dtm/gradientenbilder/gray/200_cm/difference/fuzz_10_dtm_106743.tif weist einen Anteil von mehr als 1% falscher Pixelwerte auf. Folgender Anteil: 2.0604
2015-11-17 11:24:42,390 ERROR /home/barpastu/Geodaten/LV95/dtm/gradientenbilder/gray/200_cm/difference/fuzz_10_dtm_106744.tif weist einen Anteil von mehr als 1% falscher Pixelwerte auf. Folgender Anteil: 3.7924
2015-11-17 11:24:42,928 ERROR /home/barpastu/Geodaten/LV95/dtm/gradientenbilder/gray/200_cm/difference/fuzz_10_dtm_106831.tif weist einen Anteil von mehr als 1% falscher Pixelwerte auf. Folgender Anteil: 4.294
2015-11-17 11:24:43,444 ERROR /home/barpastu/Geodaten/LV95/dtm/gradientenbilder/gray/200_cm/difference/fuzz_10_dtm_106931.tif weist einen Anteil von mehr als 1% falscher Pixelwerte auf. Folgender Anteil: 2.93719
2015-11-17 11:24:44,268 ERROR /home/barpastu/Geodaten/LV95/dtm/gradientenbilder/gray/200_cm/difference/fuzz_10_dtm_106933.tif weist einen Anteil von mehr als 1% falscher Pixelwerte auf. Folgender Anteil: 1.6108
2015-11-17 11:24:46,581 ERROR /home/barpastu/Geodaten/LV95/dtm/gradientenbilder/gray/200_cm/difference/fuzz_10_dtm_108624.tif weist einen Anteil von mehr als 1% falscher Pixelwerte auf. Folgender Anteil: 3.9028
2015-11-17 11:24:47,088 ERROR /home/barpastu/Geodaten/LV95/dtm/gradientenbilder/gray/200_cm/difference/fuzz_10_dtm_108642.tif weist einen Anteil von mehr als 1% falscher Pixelwerte auf. Folgender Anteil: 1.6544
2015-11-17 11:24:47,639 ERROR /home/barpastu/Geodaten/LV95/dtm/gradientenbilder/gray/200_cm/difference/fuzz_10_dtm_108711.tif weist einen Anteil von mehr als 1% falscher Pixelwerte auf. Folgender Anteil: 3.8432
2015-11-17 11:24:48,616 ERROR /home/barpastu/Geodaten/LV95/dtm/gradientenbilder/gray/200_cm/difference/fuzz_10_dtm_108712.tif weist einen Anteil von mehr als 1% falscher Pixelwerte auf. Folgender Anteil: 1.69599
2015-11-17 11:24:49,425 ERROR /home/barpastu/Geodaten/LV95/dtm/gradientenbilder/gray/200_cm/difference/fuzz_10_dtm_108713.tif weist einen Anteil von mehr als 1% falscher Pixelwerte auf. Folgender Anteil: 1.0788
2015-11-17 11:24:49,946 ERROR /home/barpastu/Geodaten/LV95/dtm/gradientenbilder/gray/200_cm/difference/fuzz_10_dtm_108714.tif weist einen Anteil von mehr als 1% falscher Pixelwerte auf. Folgender Anteil: 1.7516
2015-11-17 11:24:51,780 ERROR /home/barpastu/Geodaten/LV95/dtm/gradientenbilder/gray/200_cm/difference/fuzz_10_dtm_108723.tif weist einen Anteil von mehr als 1% falscher Pixelwerte auf. Folgender Anteil: 1.0768
2015-11-17 11:24:52,720 ERROR /home/barpastu/Geodaten/LV95/dtm/gradientenbilder/gray/200_cm/difference/fuzz_10_dtm_108724.tif weist einen Anteil von mehr als 1% falscher Pixelwerte auf. Folgender Anteil: 1.0152
2015-11-17 11:24:54,324 ERROR /home/barpastu/Geodaten/LV95/dtm/gradientenbilder/gray/200_cm/difference/fuzz_10_dtm_108732.tif weist einen Anteil von mehr als 1% falscher Pixelwerte auf. Folgender Anteil: 2.6152
2015-11-17 11:24:54,928 ERROR /home/barpastu/Geodaten/LV95/dtm/gradientenbilder/gray/200_cm/difference/fuzz_10_dtm_108734.tif weist einen Anteil von mehr als 1% falscher Pixelwerte auf. Folgender Anteil: 4.538
2015-11-17 11:24:57,318 ERROR /home/barpastu/Geodaten/LV95/dtm/gradientenbilder/gray/200_cm/difference/fuzz_10_dtm_108743.tif weist einen Anteil von mehr als 1% falscher Pixelwerte auf. Folgender Anteil: 3.9776
2015-11-17 11:24:57,829 ERROR /home/barpastu/Geodaten/LV95/dtm/gradientenbilder/gray/200_cm/difference/fuzz_10_dtm_108744.tif weist einen Anteil von mehr als 1% falscher Pixelwerte auf. Folgender Anteil: 3.0732
2015-11-17 11:24:58,665 ERROR /home/barpastu/Geodaten/LV95/dtm/gradientenbilder/gray/200_cm/dtm_108822.tif kann nicht verglichen werden, da unterschiedliche Bildgroessen
2015-11-17 11:25:02,600 ERROR /home/barpastu/Geodaten/LV95/dtm/gradientenbilder/gray/200_cm/difference/fuzz_10_dtm_108833.tif weist einen Anteil von mehr als 1% falscher Pixelwerte auf. Folgender Anteil: 2.2972
2015-11-17 11:25:03,103 ERROR /home/barpastu/Geodaten/LV95/dtm/gradientenbilder/gray/200_cm/difference/fuzz_10_dtm_108834.tif weist einen Anteil von mehr als 1% falscher Pixelwerte auf. Folgender Anteil: 3.7944
2015-11-17 11:25:04,313 ERROR /home/barpastu/Geodaten/LV95/dtm/gradientenbilder/gray/200_cm/difference/fuzz_10_dtm_108842.tif weist einen Anteil von mehr als 1% falscher Pixelwerte auf. Folgender Anteil: 1.71479
2015-11-17 11:25:05,192 ERROR /home/barpastu/Geodaten/LV95/dtm/gradientenbilder/gray/200_cm/difference/fuzz_10_dtm_108843.tif weist einen Anteil von mehr als 1% falscher Pixelwerte auf. Folgender Anteil: 6.58441
2015-11-17 11:25:05,918 ERROR /home/barpastu/Geodaten/LV95/dtm/gradientenbilder/gray/200_cm/difference/fuzz_10_dtm_108844.tif weist einen Anteil von mehr als 1% falscher Pixelwerte auf. Folgender Anteil: 5.15801
2015-11-17 11:25:06,445 ERROR /home/barpastu/Geodaten/LV95/dtm/gradientenbilder/gray/200_cm/difference/fuzz_10_dtm_108911.tif weist einen Anteil von mehr als 1% falscher Pixelwerte auf. Folgender Anteil: 1.2844
2015-11-17 11:25:07,797 ERROR /home/barpastu/Geodaten/LV95/dtm/gradientenbilder/gray/200_cm/difference/fuzz_10_dtm_108913.tif weist einen Anteil von mehr als 1% falscher Pixelwerte auf. Folgender Anteil: 2.01801
2015-11-17 11:25:08,322 ERROR /home/barpastu/Geodaten/LV95/dtm/gradientenbilder/gray/200_cm/difference/fuzz_10_dtm_108914.tif weist einen Anteil von mehr als 1% falscher Pixelwerte auf. Folgender Anteil: 1.2976
2015-11-17 11:25:08,837 ERROR /home/barpastu/Geodaten/LV95/dtm/gradientenbilder/gray/200_cm/difference/fuzz_10_dtm_108931.tif weist einen Anteil von mehr als 1% falscher Pixelwerte auf. Folgender Anteil: 4.5252
2015-11-17 11:25:10,712 ERROR /home/barpastu/Geodaten/LV95/dtm/gradientenbilder/gray/200_cm/difference/fuzz_10_dtm_108933.tif weist einen Anteil von mehr als 1% falscher Pixelwerte auf. Folgender Anteil: 1.5048
2015-11-17 11:25:11,374 ERROR /home/barpastu/Geodaten/LV95/dtm/gradientenbilder/gray/200_cm/difference/fuzz_10_dtm_108934.tif weist einen Anteil von mehr als 1% falscher Pixelwerte auf. Folgender Anteil: 3.8352
2015-11-17 11:25:11,882 ERROR /home/barpastu/Geodaten/LV95/dtm/gradientenbilder/gray/200_cm/difference/fuzz_10_dtm_110634.tif weist einen Anteil von mehr als 1% falscher Pixelwerte auf. Folgender Anteil: 1.73919
2015-11-17 11:25:12,391 ERROR /home/barpastu/Geodaten/LV95/dtm/gradientenbilder/gray/200_cm/difference/fuzz_10_dtm_110642.tif weist einen Anteil von mehr als 1% falscher Pixelwerte auf. Folgender Anteil: 1.3044
2015-11-17 11:25:12,891 ERROR /home/barpastu/Geodaten/LV95/dtm/gradientenbilder/gray/200_cm/difference/fuzz_10_dtm_110643.tif weist einen Anteil von mehr als 1% falscher Pixelwerte auf. Folgender Anteil: 1.0904
2015-11-17 11:25:13,736 ERROR /home/barpastu/Geodaten/LV95/dtm/gradientenbilder/gray/200_cm/difference/fuzz_10_dtm_110644.tif weist einen Anteil von mehr als 1% falscher Pixelwerte auf. Folgender Anteil: 1.88119
2015-11-17 11:25:14,703 ERROR /home/barpastu/Geodaten/LV95/dtm/gradientenbilder/gray/200_cm/difference/fuzz_10_dtm_110712.tif weist einen Anteil von mehr als 1% falscher Pixelwerte auf. Folgender Anteil: 1.6524
2015-11-17 11:25:15,798 ERROR /home/barpastu/Geodaten/LV95/dtm/gradientenbilder/gray/200_cm/difference/fuzz_10_dtm_110714.tif weist einen Anteil von mehr als 1% falscher Pixelwerte auf. Folgender Anteil: 3.222
2015-11-17 11:25:16,828 ERROR /home/barpastu/Geodaten/LV95/dtm/gradientenbilder/gray/200_cm/difference/fuzz_10_dtm_110722.tif weist einen Anteil von mehr als 1% falscher Pixelwerte auf. Folgender Anteil: 1.92799
2015-11-17 11:25:17,705 ERROR /home/barpastu/Geodaten/LV95/dtm/gradientenbilder/gray/200_cm/difference/fuzz_10_dtm_110723.tif weist einen Anteil von mehr als 1% falscher Pixelwerte auf. Folgender Anteil: 1.58241
2015-11-17 11:25:18,716 ERROR /home/barpastu/Geodaten/LV95/dtm/gradientenbilder/gray/200_cm/difference/fuzz_10_dtm_110724.tif weist einen Anteil von mehr als 1% falscher Pixelwerte auf. Folgender Anteil: 1.2192
2015-11-17 11:25:20,192 ERROR /home/barpastu/Geodaten/LV95/dtm/gradientenbilder/gray/200_cm/difference/fuzz_10_dtm_110732.tif weist einen Anteil von mehr als 1% falscher Pixelwerte auf. Folgender Anteil: 3.29799
2015-11-17 11:25:21,040 ERROR /home/barpastu/Geodaten/LV95/dtm/gradientenbilder/gray/200_cm/difference/fuzz_10_dtm_110733.tif weist einen Anteil von mehr als 1% falscher Pixelwerte auf. Folgender Anteil: 4.3744
2015-11-17 11:25:21,524 ERROR /home/barpastu/Geodaten/LV95/dtm/gradientenbilder/gray/200_cm/difference/fuzz_10_dtm_110734.tif weist einen Anteil von mehr als 1% falscher Pixelwerte auf. Folgender Anteil: 3.6152
2015-11-17 11:25:23,333 ERROR /home/barpastu/Geodaten/LV95/dtm/gradientenbilder/gray/200_cm/difference/fuzz_10_dtm_110743.tif weist einen Anteil von mehr als 1% falscher Pixelwerte auf. Folgender Anteil: 2.6392
2015-11-17 11:25:23,856 ERROR /home/barpastu/Geodaten/LV95/dtm/gradientenbilder/gray/200_cm/difference/fuzz_10_dtm_110744.tif weist einen Anteil von mehr als 1% falscher Pixelwerte auf. Folgender Anteil: 2.4164
2015-11-17 11:25:25,260 ERROR /home/barpastu/Geodaten/LV95/dtm/gradientenbilder/gray/200_cm/difference/fuzz_10_dtm_110812.tif weist einen Anteil von mehr als 1% falscher Pixelwerte auf. Folgender Anteil: 2.15
2015-11-17 11:25:26,189 ERROR /home/barpastu/Geodaten/LV95/dtm/gradientenbilder/gray/200_cm/difference/fuzz_10_dtm_110813.tif weist einen Anteil von mehr als 1% falscher Pixelwerte auf. Folgender Anteil: 2.2412
2015-11-17 11:25:26,710 ERROR /home/barpastu/Geodaten/LV95/dtm/gradientenbilder/gray/200_cm/difference/fuzz_10_dtm_110814.tif weist einen Anteil von mehr als 1% falscher Pixelwerte auf. Folgender Anteil: 1.2504
2015-11-17 11:25:27,754 ERROR /home/barpastu/Geodaten/LV95/dtm/gradientenbilder/gray/200_cm/difference/fuzz_10_dtm_110822.tif weist einen Anteil von mehr als 1% falscher Pixelwerte auf. Folgender Anteil: 1.66239
2015-11-17 11:25:30,145 ERROR /home/barpastu/Geodaten/LV95/dtm/gradientenbilder/gray/200_cm/difference/fuzz_10_dtm_110832.tif weist einen Anteil von mehr als 1% falscher Pixelwerte auf. Folgender Anteil: 2.138
2015-11-17 11:25:31,171 ERROR /home/barpastu/Geodaten/LV95/dtm/gradientenbilder/gray/200_cm/difference/fuzz_10_dtm_110911.tif weist einen Anteil von mehr als 1% falscher Pixelwerte auf. Folgender Anteil: 2.2672
2015-11-17 11:25:34,032 ERROR /home/barpastu/Geodaten/LV95/dtm/gradientenbilder/gray/200_cm/difference/fuzz_10_dtm_112622.tif weist einen Anteil von mehr als 1% falscher Pixelwerte auf. Folgender Anteil: 1.6712
2015-11-17 11:25:35,331 ERROR /home/barpastu/Geodaten/LV95/dtm/gradientenbilder/gray/200_cm/difference/fuzz_10_dtm_112624.tif weist einen Anteil von mehr als 1% falscher Pixelwerte auf. Folgender Anteil: 1.56561
2015-11-17 11:25:36,457 ERROR /home/barpastu/Geodaten/LV95/dtm/gradientenbilder/gray/200_cm/difference/fuzz_10_dtm_112642.tif weist einen Anteil von mehr als 1% falscher Pixelwerte auf. Folgender Anteil: 1.2988
2015-11-17 11:25:38,124 ERROR /home/barpastu/Geodaten/LV95/dtm/gradientenbilder/gray/200_cm/difference/fuzz_10_dtm_112644.tif weist einen Anteil von mehr als 1% falscher Pixelwerte auf. Folgender Anteil: 1.8248
2015-11-17 11:25:38,806 ERROR /home/barpastu/Geodaten/LV95/dtm/gradientenbilder/gray/200_cm/difference/fuzz_10_dtm_112711.tif weist einen Anteil von mehr als 1% falscher Pixelwerte auf. Folgender Anteil: 2.08721
2015-11-17 11:25:39,305 ERROR /home/barpastu/Geodaten/LV95/dtm/gradientenbilder/gray/200_cm/difference/fuzz_10_dtm_112712.tif weist einen Anteil von mehr als 1% falscher Pixelwerte auf. Folgender Anteil: 3.0148
2015-11-17 11:25:40,314 ERROR /home/barpastu/Geodaten/LV95/dtm/gradientenbilder/gray/200_cm/difference/fuzz_10_dtm_112714.tif weist einen Anteil von mehr als 1% falscher Pixelwerte auf. Folgender Anteil: 6.8584
2015-11-17 11:25:41,048 ERROR /home/barpastu/Geodaten/LV95/dtm/gradientenbilder/gray/200_cm/difference/fuzz_10_dtm_112721.tif weist einen Anteil von mehr als 1% falscher Pixelwerte auf. Folgender Anteil: 1.0616
2015-11-17 11:25:43,686 ERROR /home/barpastu/Geodaten/LV95/dtm/gradientenbilder/gray/200_cm/difference/fuzz_10_dtm_112731.tif weist einen Anteil von mehr als 1% falscher Pixelwerte auf. Folgender Anteil: 1.1092
2015-11-17 11:25:44,216 ERROR /home/barpastu/Geodaten/LV95/dtm/gradientenbilder/gray/200_cm/difference/fuzz_10_dtm_112732.tif weist einen Anteil von mehr als 1% falscher Pixelwerte auf. Folgender Anteil: 1.9256
2015-11-17 11:25:44,849 ERROR /home/barpastu/Geodaten/LV95/dtm/gradientenbilder/gray/200_cm/difference/fuzz_10_dtm_112733.tif weist einen Anteil von mehr als 1% falscher Pixelwerte auf. Folgender Anteil: 1.456
2015-11-17 11:25:48,071 ERROR /home/barpastu/Geodaten/LV95/dtm/gradientenbilder/gray/200_cm/difference/fuzz_10_dtm_114624.tif weist einen Anteil von mehr als 1% falscher Pixelwerte auf. Folgender Anteil: 1.3212
